December  3 2002   9:13:21.329 AM
 
CVT_SIZE_PRB
  A sample problem for the probabilistic
  sized Centroidal Voronoi Tesselation algorithm.
 
  Given a region in 2D, the problem is to determine
  GENERATORS, a set of points which define a division
  of the region into Voronoid cells, which are also CENTROIDS
  of the Voronoi cells, and which have a certain SIZE.
 
 
Geometry parameters:
-------------------
 
  The spatial dimension is DIM_NUM =   2
 
  The minimum corner of the bounding box is:
    0.0000    0.0000
  The maximum corner of the bounding box is:
   10.0000   10.0000
 
CVT Algorithm parameters:
-------------------------
 
  The number of Voronoi cells to generate:     40
  Number of iterations to determine CVT:      1
  Number of sampling points:  20000
  Voronoi cell generators are initialized by RANDOM_NUMBER.
 
  The desired CVT cell volumes and initial weights are:
 
 1   1.00000      0.166667E-01
 2   1.00000      0.166667E-01
 3   1.00000      0.166667E-01
 4   1.00000      0.166667E-01
 5   1.00000      0.166667E-01
 6   1.00000      0.166667E-01
 7   1.00000      0.166667E-01
 8   1.00000      0.166667E-01
 9   1.00000      0.166667E-01
10   1.00000      0.166667E-01
11   1.00000      0.166667E-01
12   1.00000      0.166667E-01
13   1.00000      0.166667E-01
14   1.00000      0.166667E-01
15   1.00000      0.166667E-01
16   1.00000      0.166667E-01
17   1.00000      0.166667E-01
18   1.00000      0.166667E-01
19   1.00000      0.166667E-01
20   1.00000      0.166667E-01
21   4.00000      0.333333E-01
22   4.00000      0.333333E-01
23   4.00000      0.333333E-01
24   4.00000      0.333333E-01
25   4.00000      0.333333E-01
26   4.00000      0.333333E-01
27   4.00000      0.333333E-01
28   4.00000      0.333333E-01
29   4.00000      0.333333E-01
30   4.00000      0.333333E-01
31   4.00000      0.333333E-01
32   4.00000      0.333333E-01
33   4.00000      0.333333E-01
34   4.00000      0.333333E-01
35   4.00000      0.333333E-01
36   4.00000      0.333333E-01
37   4.00000      0.333333E-01
38   4.00000      0.333333E-01
39   4.00000      0.333333E-01
40   4.00000      0.333333E-01
 
 
Nearest Neighbor Search parameters:
-----------------------------------
 
  The nearest neighbor search is not speeded up.
  The nearest neighbor search is done by exhaustion.
 
 
Miscellaneous parameters:
------------------------
 
  Generator and moment output files WILL be written.
 
 
RANDOM_INITIALIZE
  Initialize RANDOM_NUMBER with arbitrary SEED =   1869607952
 
  Initializing the cell generators.
 
  Carry out the CVT iteration.
 
  Area iteration      1
 
        Desired, Actual, Linear
  Cell  Volume   Volume  Weight
 
     1   1.00000       1.17000      0.166667E-01
     2   1.00000       1.14000      0.166667E-01
     3   1.00000      0.985000      0.166667E-01
     4   1.00000       1.16000      0.166667E-01
     5   1.00000      0.955000      0.166667E-01
     6   1.00000       1.07000      0.166667E-01
     7   1.00000       1.15500      0.166667E-01
     8   1.00000      0.925000      0.166667E-01
     9   1.00000       1.11000      0.166667E-01
    10   1.00000       1.09000      0.166667E-01
    11   1.00000       1.15000      0.166667E-01
    12   1.00000      0.915000      0.166667E-01
    13   1.00000       1.22000      0.166667E-01
    14   1.00000      0.635000      0.166667E-01
    15   1.00000       1.08500      0.166667E-01
    16   1.00000      0.870000      0.166667E-01
    17   1.00000      0.755000      0.166667E-01
    18   1.00000      0.970000      0.166667E-01
    19   1.00000      0.970000      0.166667E-01
    20   1.00000       1.05500      0.166667E-01
    21   4.00000       3.56000      0.333333E-01
    22   4.00000       3.82500      0.333333E-01
    23   4.00000       3.99000      0.333333E-01
    24   4.00000       4.32000      0.333333E-01
    25   4.00000       4.44000      0.333333E-01
    26   4.00000       4.13000      0.333333E-01
    27   4.00000       3.45000      0.333333E-01
    28   4.00000       3.86500      0.333333E-01
    29   4.00000       3.87500      0.333333E-01
    30   4.00000       3.95000      0.333333E-01
    31   4.00000       3.90500      0.333333E-01
    32   4.00000       3.61000      0.333333E-01
    33   4.00000       3.73000      0.333333E-01
    34   4.00000       4.28000      0.333333E-01
    35   4.00000       5.43000      0.333333E-01
    36   4.00000       4.10500      0.333333E-01
    37   4.00000       3.60000      0.333333E-01
    38   4.00000       3.80500      0.333333E-01
    39   4.00000       3.39000      0.333333E-01
    40   4.00000       4.35500      0.333333E-01
 
Area discrepancy =    8.93000    
 
  Area iteration      2
 
        Desired, Actual, Linear
  Cell  Volume   Volume  Weight
 
     1   1.00000      0.965000      0.153445E-01
     2   1.00000       1.08500      0.155451E-01
     3   1.00000       1.01500      0.167236E-01
     4   1.00000      0.920000      0.154105E-01
     5   1.00000       1.19000      0.169842E-01
     6   1.00000      0.950000      0.160456E-01
     7   1.00000      0.810000      0.154439E-01
     8   1.00000       1.19000      0.172574E-01
     9   1.00000      0.970000      0.157538E-01
    10   1.00000       1.11000      0.158977E-01
    11   1.00000       1.09500      0.154774E-01
    12   1.00000       1.18000      0.173515E-01
    13   1.00000      0.800000      0.150268E-01
    14   1.00000       1.18500      0.207471E-01
    15   1.00000       1.14000      0.159343E-01
    16   1.00000       1.29000      0.177946E-01
    17   1.00000       1.33000      0.191018E-01
    18   1.00000       1.17000      0.168524E-01
    19   1.00000      0.925000      0.168524E-01
    20   1.00000      0.895000      0.161592E-01
    21   4.00000       4.24500      0.351870E-01
    22   4.00000       4.07000      0.339462E-01
    23   4.00000       3.81500      0.332369E-01
    24   4.00000       4.00500      0.319422E-01
    25   4.00000       3.56500      0.315076E-01
    26   4.00000       3.90000      0.326687E-01
    27   4.00000       4.15000      0.357435E-01
    28   4.00000       4.74500      0.337701E-01
    29   4.00000       3.44500      0.337265E-01
    30   4.00000       3.90500      0.334047E-01
    31   4.00000       3.78500      0.335967E-01
    32   4.00000       4.19000      0.349424E-01
    33   4.00000       4.09000      0.343758E-01
    34   4.00000       3.81500      0.320911E-01
    35   4.00000       3.54000      0.284909E-01
    36   4.00000       3.74500      0.327680E-01
    37   4.00000       3.84000      0.349909E-01
    38   4.00000       4.07500      0.340353E-01
    39   4.00000       4.19000      0.360584E-01
    40   4.00000       3.67000      0.318136E-01
 
Area discrepancy =    7.48000    
 
  Area iteration      3
 
        Desired, Actual, Linear
  Cell  Volume   Volume  Weight
 
     1   1.00000       1.09000      0.156626E-01
     2   1.00000       1.03000      0.149642E-01
     3   1.00000       1.09000      0.166444E-01
     4   1.00000       1.00500      0.161101E-01
     5   1.00000      0.870000      0.156115E-01
     6   1.00000      0.980000      0.165069E-01
     7   1.00000       1.12000      0.172063E-01
     8   1.00000      0.970000      0.158626E-01
     9   1.00000       1.12500      0.160388E-01
    10   1.00000      0.825000      0.151302E-01
    11   1.00000       1.02000      0.148308E-01
    12   1.00000       1.10500      0.160165E-01
    13   1.00000      0.960000      0.168459E-01
    14   1.00000      0.955000      0.191104E-01
    15   1.00000      0.870000      0.149642E-01
    16   1.00000       1.05500      0.157096E-01
    17   1.00000      0.925000      0.166081E-01
    18   1.00000      0.935000      0.156222E-01
    19   1.00000      0.925000      0.175696E-01
    20   1.00000       1.13500      0.171270E-01
    21   4.00000       4.06500      0.342489E-01
    22   4.00000       4.28000      0.337440E-01
    23   4.00000       3.98000      0.341253E-01
    24   4.00000       4.11500      0.320086E-01
    25   4.00000       3.59000      0.334648E-01
    26   4.00000       3.72500      0.331744E-01
    27   4.00000       4.09000      0.351865E-01
    28   4.00000       3.28000      0.310897E-01
    29   4.00000       4.59000      0.364401E-01
    30   4.00000       4.23000      0.339001E-01
    31   4.00000       3.96000      0.346311E-01
    32   4.00000       4.10500      0.342333E-01
    33   4.00000       4.06500      0.340874E-01
    34   4.00000       3.96500      0.329489E-01
    35   4.00000       3.29000      0.303675E-01
    36   4.00000       3.99500      0.339569E-01
    37   4.00000       4.36500      0.358091E-01
    38   4.00000       4.08000      0.338118E-01
    39   4.00000       4.06000      0.353267E-01
    40   4.00000       4.18000      0.333030E-01
 
Area discrepancy =    6.00000    
 
  Area iteration      4
 
        Desired, Actual, Linear
  Cell  Volume   Volume  Weight
 
     1   1.00000      0.900000      0.149775E-01
     2   1.00000      0.755000      0.147205E-01
     3   1.00000      0.895000      0.159164E-01
     4   1.00000      0.970000      0.160436E-01
     5   1.00000      0.850000      0.167099E-01
     6   1.00000      0.870000      0.166472E-01
     7   1.00000      0.940000      0.162318E-01
     8   1.00000      0.975000      0.160797E-01
     9   1.00000      0.925000      0.150968E-01
    10   1.00000       1.10500      0.166306E-01
    11   1.00000      0.830000      0.146606E-01
    12   1.00000      0.795000      0.152116E-01
    13   1.00000      0.985000      0.171652E-01
    14   1.00000       1.01000      0.195235E-01
    15   1.00000      0.975000      0.160170E-01
    16   1.00000      0.920000      0.152696E-01
    17   1.00000      0.975000      0.172400E-01
    18   1.00000      0.930000      0.161296E-01
    19   1.00000       1.07500      0.182382E-01
    20   1.00000      0.915000      0.160499E-01
    21   4.00000       4.29000      0.339183E-01
    22   4.00000       4.09000      0.325682E-01
    23   4.00000       4.21500      0.341549E-01
    24   4.00000       3.52500      0.315065E-01
    25   4.00000       4.53000      0.352663E-01
    26   4.00000       4.30500      0.343208E-01
    27   4.00000       4.05500      0.347403E-01
    28   4.00000       3.87500      0.342767E-01
    29   4.00000       3.79500      0.339619E-01
    30   4.00000       3.77500      0.329116E-01
    31   4.00000       3.98500      0.347486E-01
    32   4.00000       4.11500      0.337374E-01
    33   4.00000       4.60500      0.337584E-01
    34   4.00000       3.58500      0.330398E-01
    35   4.00000       4.11500      0.334294E-01
    36   4.00000       4.03500      0.339225E-01
    37   4.00000       4.59000      0.342231E-01
    38   4.00000       3.84500      0.334239E-01
    39   4.00000       4.00000      0.350073E-01
    40   4.00000       4.07500      0.325247E-01
 
Area discrepancy =    6.42000    
 
  Area iteration      5
 
        Desired, Actual, Linear
  Cell  Volume   Volume  Weight
 
     1   1.00000      0.905000      0.156707E-01
     2   1.00000       1.00500      0.168159E-01
     3   1.00000      0.860000      0.166995E-01
     4   1.00000       1.04500      0.161692E-01
     5   1.00000       1.18500      0.179902E-01
     6   1.00000       1.19500      0.177155E-01
     7   1.00000       1.15000      0.166178E-01
     8   1.00000       1.05500      0.161639E-01
     9   1.00000       1.04000      0.155806E-01
    10   1.00000      0.905000      0.157035E-01
    11   1.00000       1.03000      0.159729E-01
    12   1.00000       1.12500      0.169341E-01
    13   1.00000      0.935000      0.171673E-01
    14   1.00000       1.15000      0.192827E-01
    15   1.00000       1.11500      0.161009E-01
    16   1.00000      0.800000      0.158017E-01
    17   1.00000       1.03500      0.173303E-01
    18   1.00000      0.995000      0.166017E-01
    19   1.00000      0.950000      0.174601E-01
    20   1.00000       1.00000      0.166546E-01
    21   4.00000       3.94500      0.325092E-01
    22   4.00000       3.76500      0.319693E-01
    23   4.00000       3.97000      0.330260E-01
    24   4.00000       4.19500      0.333136E-01
    25   4.00000       4.01500      0.328936E-01
    26   4.00000       3.83500      0.328377E-01
    27   4.00000       4.10500      0.342483E-01
    28   4.00000       4.31500      0.345672E-01
    29   4.00000       3.97000      0.346088E-01
    30   4.00000       3.95000      0.336273E-01
    31   4.00000       4.05000      0.345561E-01
    32   4.00000       3.90000      0.330162E-01
    33   4.00000       3.50500      0.312297E-01
    34   4.00000       4.39000      0.346413E-01
    35   4.00000       4.04000      0.327149E-01
    36   4.00000       4.15000      0.335248E-01
    37   4.00000       3.84500      0.317113E-01
    38   4.00000       3.59500      0.338384E-01
    39   4.00000       3.98500      0.347480E-01
    40   4.00000       3.99500      0.319853E-01
 
Area discrepancy =    4.78000    
 
  Area iteration      6
 
        Desired, Actual, Linear
  Cell  Volume   Volume  Weight
 
     1   1.00000       1.23000      0.164833E-01
     2   1.00000       1.04500      0.167848E-01
     3   1.00000       1.15000      0.180191E-01
     4   1.00000      0.875000      0.158274E-01
     5   1.00000      0.940000      0.165370E-01
     6   1.00000       1.08000      0.162162E-01
     7   1.00000       1.04000      0.155061E-01
     8   1.00000      0.890000      0.157471E-01
     9   1.00000       1.08500      0.152879E-01
    10   1.00000      0.890000      0.165178E-01
    11   1.00000      0.845000      0.157487E-01
    12   1.00000      0.940000      0.159759E-01
    13   1.00000       1.00500      0.177654E-01
    14   1.00000      0.940000      0.179928E-01
    15   1.00000      0.980000      0.152578E-01
    16   1.00000       1.14500      0.176782E-01
    17   1.00000       1.02000      0.170458E-01
    18   1.00000       1.05000      0.166541E-01
    19   1.00000      0.770000      0.179252E-01
    20   1.00000      0.940000      0.166653E-01
    21   4.00000       3.61000      0.327561E-01
    22   4.00000       4.36500      0.329731E-01
    23   4.00000       4.16500      0.331718E-01
    24   4.00000       3.97500      0.325511E-01
    25   4.00000       3.69000      0.328533E-01
    26   4.00000       4.14000      0.335582E-01
    27   4.00000       4.02000      0.338292E-01
    28   4.00000       3.75500      0.333030E-01
    29   4.00000       4.06500      0.347617E-01
    30   4.00000       4.15000      0.338612E-01
    31   4.00000       4.12500      0.343642E-01
    32   4.00000       4.18000      0.334583E-01
    33   4.00000       3.74000      0.333836E-01
    34   4.00000       4.30500      0.330881E-01
    35   4.00000       3.76000      0.325735E-01
    36   4.00000       4.13000      0.329346E-01
    37   4.00000       3.73500      0.323650E-01
    38   4.00000       4.40000      0.357166E-01
    39   4.00000       4.14500      0.348357E-01
    40   4.00000       3.68500      0.320259E-01
 
Area discrepancy =    6.08000    
 
  Area iteration      7
 
        Desired, Actual, Linear
  Cell  Volume   Volume  Weight
 
     1   1.00000      0.860000      0.148226E-01
     2   1.00000      0.875000      0.163753E-01
     3   1.00000      0.955000      0.167578E-01
     4   1.00000      0.975000      0.168747E-01
     5   1.00000      0.875000      0.170108E-01
     6   1.00000      0.965000      0.155621E-01
     7   1.00000      0.910000      0.151642E-01
     8   1.00000       1.19000      0.166471E-01
     9   1.00000       1.06500      0.146374E-01
    10   1.00000       1.34000      0.174618E-01
    11   1.00000       1.00000      0.170863E-01
    12   1.00000      0.865000      0.164337E-01
    13   1.00000      0.975000      0.176735E-01
    14   1.00000       1.19000      0.185083E-01
    15   1.00000      0.860000      0.153713E-01
    16   1.00000      0.855000      0.164766E-01
    17   1.00000      0.975000      0.168325E-01
    18   1.00000       1.05500      0.162091E-01
    19   1.00000       1.33000      0.203729E-01
    20   1.00000      0.910000      0.171428E-01
    21   4.00000       4.52000      0.343876E-01
    22   4.00000       3.63500      0.314797E-01
    23   4.00000       3.94000      0.324208E-01
    24   4.00000       3.61500      0.325656E-01
    25   4.00000       4.33500      0.341136E-01
    26   4.00000       3.74500      0.328974E-01
    27   4.00000       3.92000      0.336543E-01
    28   4.00000       4.15500      0.342799E-01
    29   4.00000       4.23500      0.343900E-01
    30   4.00000       4.07000      0.331544E-01
    31   4.00000       3.72000      0.337486E-01
    32   4.00000       3.82500      0.326421E-01
    33   4.00000       4.28000      0.344318E-01
    34   4.00000       3.72500      0.318088E-01
    35   4.00000       3.87000      0.335067E-01
    36   4.00000       4.04000      0.323251E-01
    37   4.00000       4.25000      0.334035E-01
    38   4.00000       3.97500      0.339630E-01
    39   4.00000       3.91000      0.341291E-01
    40   4.00000       4.21000      0.332771E-01
 
Area discrepancy =    6.53000    
 
  Area iteration      8
 
        Desired, Actual, Linear
  Cell  Volume   Volume  Weight
 
     1   1.00000       1.03000      0.159528E-01
     2   1.00000      0.985000      0.174723E-01
     3   1.00000       1.10500      0.171151E-01
     4   1.00000       1.00000      0.170568E-01
     5   1.00000       1.07000      0.181503E-01
     6   1.00000      0.950000      0.158113E-01
     7   1.00000       1.05000      0.158658E-01
     8   1.00000       1.04000      0.152310E-01
     9   1.00000      0.890000      0.141564E-01
    10   1.00000      0.780000      0.150557E-01
    11   1.00000      0.920000      0.170535E-01
    12   1.00000       1.22000      0.176356E-01
    13   1.00000      0.980000      0.178642E-01
    14   1.00000      0.905000      0.169339E-01
    15   1.00000       1.01000      0.165434E-01
    16   1.00000       1.10000      0.177848E-01
    17   1.00000       1.18000      0.170141E-01
    18   1.00000      0.950000      0.157506E-01
    19   1.00000      0.855000      0.176315E-01
    20   1.00000       1.04000      0.179359E-01
    21   4.00000       3.79000      0.322868E-01
    22   4.00000       3.80000      0.329588E-01
    23   4.00000       3.94000      0.326039E-01
    24   4.00000       4.18500      0.341899E-01
    25   4.00000       4.06000      0.327059E-01
    26   4.00000       4.12000      0.339335E-01
    27   4.00000       3.88000      0.339306E-01
    28   4.00000       3.80500      0.335697E-01
    29   4.00000       3.84500      0.333580E-01
    30   4.00000       4.02500      0.328048E-01
    31   4.00000       4.35500      0.349284E-01
    32   4.00000       4.10500      0.333163E-01
    33   4.00000       3.85500      0.332224E-01
    34   4.00000       4.05500      0.328986E-01
    35   4.00000       3.83000      0.339993E-01
    36   4.00000       4.05000      0.321027E-01
    37   4.00000       4.07000      0.323438E-01
    38   4.00000       4.15000      0.340041E-01
    39   4.00000       4.23500      0.344532E-01
    40   4.00000       3.78500      0.323741E-01
 
Area discrepancy =    4.51000    
 
  Area iteration      9
 
        Desired, Actual, Linear
  Cell  Volume   Volume  Weight
 
     1   1.00000      0.925000      0.157048E-01
     2   1.00000      0.925000      0.175892E-01
     3   1.00000      0.865000      0.162672E-01
     4   1.00000      0.960000      0.170417E-01
     5   1.00000       1.15000      0.175309E-01
     6   1.00000      0.990000      0.162077E-01
     7   1.00000      0.890000      0.154697E-01
     8   1.00000      0.885000      0.149219E-01
     9   1.00000       1.19000      0.149925E-01
    10   1.00000      0.965000      0.170321E-01
    11   1.00000       1.11500      0.177637E-01
    12   1.00000       1.06500      0.159523E-01
    13   1.00000      0.995000      0.180296E-01
    14   1.00000      0.990000      0.177847E-01
    15   1.00000      0.995000      0.164467E-01
    16   1.00000      0.980000      0.169421E-01
    17   1.00000      0.885000      0.156489E-01
    18   1.00000      0.900000      0.161454E-01
    19   1.00000       1.17000      0.190511E-01
    20   1.00000       1.07000      0.175720E-01
    21   4.00000       4.07500      0.331398E-01
    22   4.00000       4.34500      0.337850E-01
    23   4.00000       3.76000      0.328220E-01
    24   4.00000       3.76000      0.333960E-01
    25   4.00000       4.06000      0.324345E-01
    26   4.00000       3.98000      0.334060E-01
    27   4.00000       4.18000      0.344207E-01
    28   4.00000       3.93000      0.343886E-01
    29   4.00000       3.86500      0.339935E-01
    30   4.00000       3.93500      0.326737E-01
    31   4.00000       4.22000      0.334448E-01
    32   4.00000       4.04000      0.328582E-01
    33   4.00000       3.99000      0.338114E-01
    34   4.00000       4.01500      0.326457E-01
    35   4.00000       4.09500      0.347148E-01
    36   4.00000       4.07500      0.318756E-01
    37   4.00000       3.71000      0.320360E-01
    38   4.00000       4.15500      0.333542E-01
    39   4.00000       4.31500      0.334539E-01
    40   4.00000       3.58500      0.332513E-01
 
Area discrepancy =    4.67000    
 
  Area iteration     10
 
        Desired, Actual, Linear
  Cell  Volume   Volume  Weight
 
     1   1.00000       1.23000      0.163031E-01
     2   1.00000       1.03000      0.182592E-01
     3   1.00000       1.12500      0.174627E-01
     4   1.00000       1.03500      0.173654E-01
     5   1.00000      0.895000      0.163217E-01
     6   1.00000      0.950000      0.162634E-01
     7   1.00000       1.17000      0.163717E-01
     8   1.00000       1.04000      0.158366E-01
     9   1.00000      0.845000      0.137217E-01
    10   1.00000       1.06500      0.173106E-01
    11   1.00000      0.970000      0.167959E-01
    12   1.00000      0.795000      0.154332E-01
    13   1.00000       1.13500      0.180460E-01
    14   1.00000      0.895000      0.178458E-01
    15   1.00000      0.985000      0.164617E-01
    16   1.00000       1.11500      0.170868E-01
    17   1.00000       1.05000      0.166081E-01
    18   1.00000       1.16000      0.169916E-01
    19   1.00000      0.875000      0.175847E-01
    20   1.00000      0.850000      0.169604E-01
    21   4.00000       4.11500      0.327811E-01
    22   4.00000       3.79000      0.323643E-01
    23   4.00000       4.14000      0.337994E-01
    24   4.00000       4.32500      0.343905E-01
    25   4.00000       3.80500      0.321427E-01
    26   4.00000       4.28500      0.334365E-01
    27   4.00000       3.74500      0.336178E-01
    28   4.00000       4.22000      0.346383E-01
    29   4.00000       4.37000      0.345270E-01
    30   4.00000       3.80500      0.328900E-01
    31   4.00000       3.75000      0.325095E-01
    32   4.00000       3.92500      0.326431E-01
    33   4.00000       4.08000      0.337998E-01
    34   4.00000       3.81000      0.325328E-01
    35   4.00000       3.71500      0.342551E-01
    36   4.00000       3.80000      0.315306E-01
    37   4.00000       4.15500      0.332115E-01
    38   4.00000       3.76000      0.326741E-01
    39   4.00000       3.88500      0.321584E-01
    40   4.00000       4.30500      0.350672E-01
 
Area discrepancy =    6.30000    
 
  Area iteration     11
 
        Desired, Actual, Linear
  Cell  Volume   Volume  Weight
 
     1   1.00000       1.04500      0.146863E-01
     2   1.00000       1.16000      0.179746E-01
     3   1.00000      0.945000      0.164486E-01
     4   1.00000      0.875000      0.170533E-01
     5   1.00000       1.02500      0.172364E-01
     6   1.00000       1.02000      0.166703E-01
     7   1.00000      0.930000      0.151215E-01
     8   1.00000      0.965000      0.155145E-01
     9   1.00000       1.00500      0.149133E-01
    10   1.00000       1.08000      0.167583E-01
    11   1.00000      0.930000      0.170377E-01
    12   1.00000       1.07500      0.172929E-01
    13   1.00000      0.860000      0.169230E-01
    14   1.00000       1.03500      0.188460E-01
    15   1.00000       1.02000      0.165711E-01
    16   1.00000      0.990000      0.161666E-01
    17   1.00000      0.985000      0.161927E-01
    18   1.00000       1.00000      0.157616E-01
    19   1.00000       1.03000      0.187813E-01
    20   1.00000       1.11500      0.183790E-01
    21   4.00000       4.02500      0.322897E-01
    22   4.00000       3.96500      0.332178E-01
    23   4.00000       4.20000      0.331920E-01
    24   4.00000       3.74000      0.330423E-01
    25   4.00000       4.25000      0.329253E-01
    26   4.00000       3.85500      0.322752E-01
    27   4.00000       4.33500      0.347110E-01
    28   4.00000       4.01000      0.336918E-01
    29   4.00000       3.70500      0.330021E-01
    30   4.00000       4.24500      0.336907E-01
    31   4.00000       3.83000      0.335443E-01
    32   4.00000       3.98000      0.329227E-01
    33   4.00000       3.95500      0.334356E-01
    34   4.00000       4.05000      0.333030E-01
    35   4.00000       4.15000      0.355116E-01
    36   4.00000       3.95000      0.323196E-01
    37   4.00000       3.99500      0.325558E-01
    38   4.00000       4.03000      0.336693E-01
    39   4.00000       3.75500      0.326004E-01
    40   4.00000       3.88500      0.337707E-01
 
Area discrepancy =    3.81000    
 
  Area iteration     12
 
        Desired, Actual, Linear
  Cell  Volume   Volume  Weight
 
     1   1.00000      0.925000      0.143619E-01
     2   1.00000      0.905000      0.166835E-01
     3   1.00000      0.910000      0.169150E-01
     4   1.00000       1.21500      0.182248E-01
     5   1.00000       1.03000      0.170193E-01
     6   1.00000      0.910000      0.165006E-01
     7   1.00000       1.05500      0.156751E-01
     8   1.00000       1.15000      0.157882E-01
     9   1.00000       1.01500      0.148712E-01
    10   1.00000      0.975000      0.161204E-01
    11   1.00000       1.05000      0.176615E-01
    12   1.00000       1.11000      0.166733E-01
    13   1.00000       1.00500      0.182426E-01
    14   1.00000       1.16000      0.185185E-01
    15   1.00000      0.920000      0.164024E-01
    16   1.00000       1.04000      0.162427E-01
    17   1.00000      0.915000      0.163101E-01
    18   1.00000      0.970000      0.157564E-01
    19   1.00000      0.910000      0.184997E-01
    20   1.00000       1.21500      0.173997E-01
    21   4.00000       3.53500      0.321786E-01
    22   4.00000       3.95000      0.333531E-01
    23   4.00000       3.72000      0.323814E-01
    24   4.00000       4.22000      0.341602E-01
    25   4.00000       3.86500      0.319317E-01
    26   4.00000       3.89500      0.328658E-01
    27   4.00000       3.92000      0.333319E-01
    28   4.00000       3.85500      0.336387E-01
    29   4.00000       4.27500      0.342795E-01
    30   4.00000       3.94000      0.326933E-01
    31   4.00000       3.91500      0.342694E-01
    32   4.00000       4.16000      0.329945E-01
    33   4.00000       3.96500      0.336142E-01
    34   4.00000       3.90500      0.330858E-01
    35   4.00000       4.06500      0.348525E-01
    36   4.00000       3.70000      0.325128E-01
    37   4.00000       4.07500      0.325654E-01
    38   4.00000       4.13000      0.335327E-01
    39   4.00000       3.90000      0.336361E-01
    40   4.00000       4.62500      0.342556E-01
 
Area discrepancy =    5.19000    
 
  Area iteration     13
 
        Desired, Actual, Linear
  Cell  Volume   Volume  Weight
 
     1   1.00000      0.910000      0.149351E-01
     2   1.00000       1.06500      0.175401E-01
     3   1.00000       1.02000      0.177345E-01
     4   1.00000       1.08500      0.165365E-01
     5   1.00000       1.04500      0.167723E-01
     6   1.00000       1.09500      0.173001E-01
     7   1.00000      0.945000      0.152635E-01
     8   1.00000      0.865000      0.147249E-01
     9   1.00000      0.990000      0.147633E-01
    10   1.00000       1.15000      0.163283E-01
    11   1.00000      0.975000      0.172386E-01
    12   1.00000      0.795000      0.158281E-01
    13   1.00000      0.990000      0.182000E-01
    14   1.00000       1.04500      0.171967E-01
    15   1.00000       1.06000      0.171034E-01
    16   1.00000       1.04000      0.159298E-01
    17   1.00000       1.01500      0.170536E-01
    18   1.00000      0.890000      0.160007E-01
    19   1.00000       1.24500      0.193960E-01
    20   1.00000      0.870000      0.157878E-01
    21   4.00000       4.34500      0.342351E-01
    22   4.00000       4.17000      0.335689E-01
    23   4.00000       4.12000      0.335833E-01
    24   4.00000       3.74000      0.332632E-01
    25   4.00000       3.78000      0.324897E-01
    26   4.00000       3.86000      0.333111E-01
    27   4.00000       3.73000      0.336756E-01
    28   4.00000       4.18000      0.342709E-01
    29   4.00000       3.74000      0.331639E-01
    30   4.00000       3.31500      0.329465E-01
    31   4.00000       4.17500      0.346449E-01
    32   4.00000       4.32500      0.323588E-01
    33   4.00000       4.08000      0.337676E-01
    34   4.00000       4.22000      0.334912E-01
    35   4.00000       4.01500      0.345782E-01
    36   4.00000       4.06000      0.338105E-01
    37   4.00000       4.26000      0.322694E-01
    38   4.00000       3.88500      0.330059E-01
    39   4.00000       4.13000      0.340700E-01
    40   4.00000       3.77500      0.318621E-01
 
Area discrepancy =    5.89000    
 
  Area iteration     14
 
        Desired, Actual, Linear
  Cell  Volume   Volume  Weight
 
     1   1.00000      0.985000      0.156399E-01
     2   1.00000       1.00500      0.169786E-01
     3   1.00000      0.965000      0.175414E-01
     4   1.00000      0.850000      0.158589E-01
     5   1.00000       1.01500      0.163901E-01
     6   1.00000       1.06000      0.165153E-01
     7   1.00000       1.03000      0.156850E-01
     8   1.00000       1.02500      0.158158E-01
     9   1.00000       1.10500      0.148222E-01
    10   1.00000      0.835000      0.152104E-01
    11   1.00000       1.01000      0.174399E-01
    12   1.00000       1.13500      0.177333E-01
    13   1.00000       1.03000      0.182726E-01
    14   1.00000       1.07500      0.168048E-01
    15   1.00000       1.16000      0.165950E-01
    16   1.00000      0.965000      0.156041E-01
    17   1.00000       1.00500      0.169094E-01
    18   1.00000       1.02000      0.169430E-01
    19   1.00000       1.06500      0.173650E-01
    20   1.00000       1.03500      0.169086E-01
    21   4.00000       3.64000      0.328135E-01
    22   4.00000       4.04500      0.328432E-01
    23   4.00000       3.90500      0.330560E-01
    24   4.00000       4.11000      0.343640E-01
    25   4.00000       3.93000      0.333869E-01
    26   4.00000       4.18000      0.338744E-01
    27   4.00000       4.03500      0.348368E-01
    28   4.00000       3.80500      0.334899E-01
    29   4.00000       4.00000      0.342615E-01
    30   4.00000       4.63000      0.361530E-01
    31   4.00000       3.92000      0.338756E-01
    32   4.00000       3.76000      0.310868E-01
    33   4.00000       3.86500      0.334000E-01
    34   4.00000       3.86000      0.325724E-01
    35   4.00000       4.11000      0.344775E-01
    36   4.00000       3.84000      0.335247E-01
    37   4.00000       3.44500      0.312365E-01
    38   4.00000       3.93000      0.334559E-01
    39   4.00000       4.17500      0.334945E-01
    40   4.00000       4.44000      0.327636E-01
 
Area discrepancy =    5.00000    
 
  Area iteration     15
 
        Desired, Actual, Linear
  Cell  Volume   Volume  Weight
 
     1   1.00000       1.06500      0.157657E-01
     2   1.00000      0.960000      0.169441E-01
     3   1.00000       1.11500      0.178649E-01
     4   1.00000      0.990000      0.172093E-01
     5   1.00000       1.08000      0.162759E-01
     6   1.00000      0.840000      0.160484E-01
     7   1.00000      0.885000      0.154619E-01
     8   1.00000      0.925000      0.156288E-01
     9   1.00000       1.00000      0.141068E-01
    10   1.00000      0.980000      0.166531E-01
    11   1.00000       1.00000      0.173613E-01
    12   1.00000      0.935000      0.166529E-01
    13   1.00000      0.960000      0.180128E-01
    14   1.00000      0.835000      0.162154E-01
    15   1.00000      0.990000      0.154151E-01
    16   1.00000       1.01000      0.158918E-01
    17   1.00000       1.03000      0.168750E-01
    18   1.00000       1.01000      0.167838E-01
    19   1.00000      0.835000      0.168344E-01
    20   1.00000      0.835000      0.166279E-01
    21   4.00000       4.24500      0.344136E-01
    22   4.00000       4.07000      0.326749E-01
    23   4.00000       3.91500      0.334710E-01
    24   4.00000       4.11500      0.339165E-01
    25   4.00000       4.16500      0.336983E-01
    26   4.00000       4.08000      0.331522E-01
    27   4.00000       4.29000      0.347012E-01
    28   4.00000       4.17000      0.343530E-01
    29   4.00000       4.07000      0.342771E-01
    30   4.00000       4.04000      0.336187E-01
    31   4.00000       3.93000      0.342351E-01
    32   4.00000       3.68000      0.320782E-01
    33   4.00000       4.03500      0.339938E-01
    34   4.00000       4.05500      0.331730E-01
    35   4.00000       3.95000      0.340285E-01
    36   4.00000       4.15500      0.342316E-01
    37   4.00000       3.95000      0.336741E-01
    38   4.00000       4.08000      0.337679E-01
    39   4.00000       4.00000      0.327999E-01
    40   4.00000       3.72500      0.311120E-01
 
Area discrepancy =    3.76000    
 
  Area iteration     16
 
        Desired, Actual, Linear
  Cell  Volume   Volume  Weight
 
     1   1.00000      0.950000      0.152160E-01
     2   1.00000      0.910000      0.172244E-01
     3   1.00000       1.01500      0.168509E-01
     4   1.00000       1.00000      0.172269E-01
     5   1.00000      0.895000      0.155989E-01
     6   1.00000       1.01000      0.174403E-01
     7   1.00000      0.955000      0.163702E-01
     8   1.00000       1.09500      0.161851E-01
     9   1.00000      0.870000      0.140504E-01
    10   1.00000       1.01500      0.167549E-01
    11   1.00000       1.05500      0.172919E-01
    12   1.00000       1.13500      0.171533E-01
    13   1.00000       1.08000      0.183107E-01
    14   1.00000      0.995000      0.176745E-01
    15   1.00000       1.08500      0.154308E-01
    16   1.00000      0.870000      0.157498E-01
    17   1.00000      0.950000      0.165610E-01
    18   1.00000       1.04000      0.166337E-01
    19   1.00000       1.02000      0.183491E-01
    20   1.00000       1.07000      0.181240E-01
    21   4.00000       3.91000      0.332723E-01
    22   4.00000       3.87000      0.322633E-01
    23   4.00000       4.20000      0.336972E-01
    24   4.00000       3.82000      0.333056E-01
    25   4.00000       3.91500      0.328921E-01
    26   4.00000       3.76500      0.326944E-01
    27   4.00000       4.09000      0.333739E-01
    28   4.00000       3.86500      0.335110E-01
    29   4.00000       3.83500      0.338453E-01
    30   4.00000       3.83000      0.333183E-01
    31   4.00000       4.16500      0.344007E-01
    32   4.00000       4.29000      0.333103E-01
    33   4.00000       4.02500      0.337108E-01
    34   4.00000       4.31000      0.328156E-01
    35   4.00000       3.96500      0.341064E-01
    36   4.00000       4.13500      0.334529E-01
    37   4.00000       4.17000      0.337512E-01
    38   4.00000       4.05500      0.333016E-01
    39   4.00000       3.99500      0.326689E-01
    40   4.00000       3.77500      0.321112E-01
 
Area discrepancy =    4.12000    
 
  Area iteration     17
 
        Desired, Actual, Linear
  Cell  Volume   Volume  Weight
 
     1   1.00000      0.990000      0.156027E-01
     2   1.00000       1.00000      0.180461E-01
     3   1.00000       1.11000      0.167168E-01
     4   1.00000       1.05500      0.172174E-01
     5   1.00000      0.900000      0.164795E-01
     6   1.00000       1.05000      0.173443E-01
     7   1.00000       1.01000      0.167422E-01
     8   1.00000       1.03500      0.154586E-01
     9   1.00000       1.02500      0.150554E-01
    10   1.00000      0.990000      0.166215E-01
    11   1.00000       1.02500      0.168259E-01
    12   1.00000       1.05500      0.160920E-01
    13   1.00000       1.01500      0.176099E-01
    14   1.00000       1.02000      0.177091E-01
    15   1.00000      0.940000      0.148059E-01
    16   1.00000      0.940000      0.168763E-01
    17   1.00000       1.08000      0.169819E-01
    18   1.00000       1.03000      0.163018E-01
    19   1.00000       1.14500      0.181584E-01
    20   1.00000       1.06000      0.175115E-01
    21   4.00000       4.15000      0.336346E-01
    22   4.00000       3.86500      0.327827E-01
    23   4.00000       4.25000      0.328671E-01
    24   4.00000       4.01500      0.340626E-01
    25   4.00000       3.98500      0.332290E-01
    26   4.00000       4.14000      0.336808E-01
    27   4.00000       3.85000      0.329865E-01
    28   4.00000       3.96500      0.340726E-01
    29   4.00000       3.76000      0.345468E-01
    30   4.00000       4.02500      0.340310E-01
    31   4.00000       3.90500      0.336939E-01
    32   4.00000       3.95000      0.321470E-01
    33   4.00000       4.37000      0.335875E-01
    34   4.00000       3.60000      0.315961E-01
    35   4.00000       3.82500      0.342378E-01
    36   4.00000       4.06000      0.328842E-01
    37   4.00000       4.16000      0.330379E-01
    38   4.00000       3.77500      0.330569E-01
    39   4.00000       4.11500      0.326714E-01
    40   4.00000       3.76000      0.330362E-01
 
Area discrepancy =    4.00000    
 
  Area iteration     18
 
        Desired, Actual, Linear
  Cell  Volume   Volume  Weight
 
     1   1.00000       1.09000      0.157009E-01
     2   1.00000       1.00500      0.180687E-01
     3   1.00000      0.920000      0.158866E-01
     4   1.00000       1.09500      0.167835E-01
     5   1.00000       1.06500      0.173926E-01
     6   1.00000      0.980000      0.169474E-01
     7   1.00000       1.15000      0.166799E-01
     8   1.00000      0.935000      0.152140E-01
     9   1.00000      0.960000      0.148892E-01
    10   1.00000       1.03500      0.167261E-01
    11   1.00000      0.915000      0.166402E-01
    12   1.00000      0.965000      0.156865E-01
    13   1.00000      0.930000      0.175010E-01
    14   1.00000      0.965000      0.175565E-01
    15   1.00000      0.810000      0.152902E-01
    16   1.00000       1.19000      0.174283E-01
    17   1.00000      0.940000      0.163612E-01
    18   1.00000      0.995000      0.160827E-01
    19   1.00000      0.785000      0.169909E-01
    20   1.00000       1.00000      0.170299E-01
    21   4.00000       3.97000      0.330623E-01
    22   4.00000       3.88500      0.333919E-01
    23   4.00000       4.05000      0.319255E-01
    24   4.00000       3.78500      0.340413E-01
    25   4.00000       4.01000      0.333330E-01
    26   4.00000       3.96500      0.331477E-01
    27   4.00000       3.87000      0.336649E-01
    28   4.00000       4.04500      0.342653E-01
    29   4.00000       4.33500      0.356767E-01
    30   4.00000       4.00000      0.339674E-01
    31   4.00000       4.21500      0.341438E-01
    32   4.00000       4.26500      0.323902E-01
    33   4.00000       3.90000      0.321743E-01
    34   4.00000       4.27500      0.333468E-01
    35   4.00000       3.94500      0.350559E-01
    36   4.00000       3.93500      0.326810E-01
    37   4.00000       3.95500      0.324368E-01
    38   4.00000       4.08000      0.340702E-01
    39   4.00000       3.71000      0.322518E-01
    40   4.00000       4.07500      0.341167E-01
 
Area discrepancy =    3.96000    
 
  Area iteration     19
 
        Desired, Actual, Linear
  Cell  Volume   Volume  Weight
 
     1   1.00000      0.920000      0.150028E-01
     2   1.00000      0.910000      0.179806E-01
     3   1.00000       1.01500      0.165234E-01
     4   1.00000      0.855000      0.160006E-01
     5   1.00000      0.890000      0.168132E-01
     6   1.00000       1.05000      0.170785E-01
     7   1.00000       1.09500      0.155169E-01
     8   1.00000      0.955000      0.156963E-01
     9   1.00000       1.09000      0.151599E-01
    10   1.00000      0.985000      0.164016E-01
    11   1.00000      0.965000      0.173544E-01
    12   1.00000      0.900000      0.159302E-01
    13   1.00000      0.960000      0.181043E-01
    14   1.00000       1.11500      0.178293E-01
    15   1.00000       1.06000      0.169485E-01
    16   1.00000      0.865000      0.159383E-01
    17   1.00000      0.925000      0.168350E-01
    18   1.00000       1.06500      0.160845E-01
    19   1.00000       1.09000      0.191311E-01
    20   1.00000       1.05500      0.169892E-01
    21   4.00000       3.95000      0.331077E-01
    22   4.00000       4.16000      0.338015E-01
    23   4.00000       3.53500      0.316520E-01
    24   4.00000       4.18000      0.349111E-01
    25   4.00000       3.97000      0.332118E-01
    26   4.00000       4.31500      0.332141E-01
    27   4.00000       3.75500      0.341439E-01
    28   4.00000       3.87500      0.339927E-01
    29   4.00000       4.14500      0.341885E-01
    30   4.00000       4.33500      0.338862E-01
    31   4.00000       3.88000      0.331821E-01
    32   4.00000       3.84500      0.312928E-01
    33   4.00000       4.02500      0.325062E-01
    34   4.00000       3.84500      0.321793E-01
    35   4.00000       4.15000      0.352150E-01
    36   4.00000       3.83500      0.328710E-01
    37   4.00000       4.21500      0.325428E-01
    38   4.00000       3.88000      0.336539E-01
    39   4.00000       4.17500      0.334085E-01
    40   4.00000       4.16500      0.337205E-01
 
Area discrepancy =    5.00000    
 
  Area iteration     20
 
        Desired, Actual, Linear
  Cell  Volume   Volume  Weight
 
     1   1.00000       1.04000      0.156086E-01
     2   1.00000       1.00500      0.188092E-01
     3   1.00000      0.995000      0.163664E-01
     4   1.00000       1.01500      0.172679E-01
     5   1.00000       1.16000      0.177846E-01
     6   1.00000      0.985000      0.166319E-01
     7   1.00000      0.860000      0.147974E-01
     8   1.00000       1.06000      0.160281E-01
     9   1.00000      0.995000      0.144901E-01
    10   1.00000       1.08500      0.164913E-01
    11   1.00000      0.965000      0.176292E-01
    12   1.00000       1.09000      0.167567E-01
    13   1.00000       1.02500      0.184389E-01
    14   1.00000      0.800000      0.168494E-01
    15   1.00000      0.895000      0.164273E-01
    16   1.00000       1.05500      0.171010E-01
    17   1.00000       1.00500      0.174674E-01
    18   1.00000      0.890000      0.155532E-01
    19   1.00000       1.09000      0.182859E-01
    20   1.00000      0.805000      0.165057E-01
    21   4.00000       4.10000      0.332466E-01
    22   4.00000       4.47000      0.330755E-01
    23   4.00000       4.01000      0.335988E-01
    24   4.00000       4.09000      0.340795E-01
    25   4.00000       4.00000      0.332671E-01
    26   4.00000       3.68000      0.319116E-01
    27   4.00000       4.37000      0.351662E-01
    28   4.00000       3.94500      0.344641E-01
    29   4.00000       3.94500      0.335147E-01
    30   4.00000       3.72000      0.324822E-01
    31   4.00000       4.24500      0.336206E-01
    32   4.00000       4.06500      0.318503E-01
    33   4.00000       3.78500      0.323371E-01
    34   4.00000       3.99000      0.327526E-01
    35   4.00000       3.83000      0.345002E-01
    36   4.00000       4.46500      0.335003E-01
    37   4.00000       3.72000      0.316354E-01
    38   4.00000       4.19000      0.340986E-01
    39   4.00000       3.87000      0.326322E-01
    40   4.00000       3.69000      0.329764E-01
 
Area discrepancy =    5.27000    
 
Cell generators:
 
   1   0.152177E+01   0.185033E+01
   2   0.485277E+00   0.571800E+01
   3   0.625656E+01   0.766733E+01
   4   0.245448E+01   0.762119E+01
   5   0.238760E+01   0.636021E+01
   6   0.957152E+01   0.380753E+01
   7   0.741037E+01   0.531406E+01
   8   0.655906E+01   0.449493E+01
   9   0.951751E+01   0.270843E+01
  10   0.956552E+01   0.724338E+01
  11   0.484374E+00   0.233058E+01
  12   0.829558E+01   0.233165E+01
  13   0.492021E+00   0.463497E+00
  14   0.870224E+01   0.762819E+01
  15   0.154387E+01   0.537411E+01
  16   0.595060E+00   0.136593E+01
  17   0.480814E+01   0.262441E+01
  18   0.144793E+01   0.550977E+00
  19   0.573427E+00   0.470053E+01
  20   0.536393E+01   0.740106E+01
  21   0.508989E+01   0.895252E+01
  22   0.394825E+01   0.685136E+01
  23   0.813591E+01   0.387957E+01
  24   0.105382E+01   0.904031E+01
  25   0.119564E+01   0.352377E+01
  26   0.585326E+01   0.593375E+01
  27   0.716301E+01   0.957921E+00
  28   0.292063E+01   0.903699E+00
  29   0.754952E+01   0.693405E+01
  30   0.315400E+01   0.902302E+01
  31   0.483813E+01   0.431058E+01
  32   0.910836E+01   0.556828E+01
  33   0.709263E+01   0.903287E+01
  34   0.905808E+01   0.898771E+01
  35   0.104152E+01   0.707332E+01
  36   0.501263E+01   0.102090E+01
  37   0.915616E+01   0.985418E+00
  38   0.323360E+01   0.280743E+01
  39   0.637423E+01   0.288375E+01
  40   0.297489E+01   0.493553E+01
 
Cell volumes:
 
   1   0.104000E+01
   2   0.100500E+01
   3   0.995000E+00
   4   0.101500E+01
   5   0.116000E+01
   6   0.985000E+00
   7   0.860000E+00
   8   0.106000E+01
   9   0.995000E+00
  10   0.108500E+01
  11   0.965000E+00
  12   0.109000E+01
  13   0.102500E+01
  14   0.800000E+00
  15   0.895000E+00
  16   0.105500E+01
  17   0.100500E+01
  18   0.890000E+00
  19   0.109000E+01
  20   0.805000E+00
  21   0.410000E+01
  22   0.447000E+01
  23   0.401000E+01
  24   0.409000E+01
  25   0.400000E+01
  26   0.368000E+01
  27   0.437000E+01
  28   0.394500E+01
  29   0.394500E+01
  30   0.372000E+01
  31   0.424500E+01
  32   0.406500E+01
  33   0.378500E+01
  34   0.399000E+01
  35   0.383000E+01
  36   0.446500E+01
  37   0.372000E+01
  38   0.419000E+01
  39   0.387000E+01
  40   0.369000E+01
 
CVT_SIZE_PRB
  Normal end of execution.
 
December  3 2002   9:17:26.263 AM
