December  3 2002   9:21:24.693 AM
 
CVT_SIZE_PRB
  A sample problem for the probabilistic
  sized Centroidal Voronoi Tesselation algorithm.
 
  Given a region in 2D, the problem is to determine
  GENERATORS, a set of points which define a division
  of the region into Voronoid cells, which are also CENTROIDS
  of the Voronoi cells, and which have a certain SIZE.
 
 
Geometry parameters:
-------------------
 
  The spatial dimension is DIM_NUM =   2
 
  The minimum corner of the bounding box is:
    0.0000    0.0000
  The maximum corner of the bounding box is:
   10.0000   10.0000
 
CVT Algorithm parameters:
-------------------------
 
  The number of Voronoi cells to generate:     80
  Number of iterations to determine CVT:      1
  Number of sampling points:  40000
  Voronoi cell generators are initialized by RANDOM_NUMBER.
 
  The desired CVT cell volumes and initial weights are:
 
 1  0.500000      0.833333E-02
 2  0.500000      0.833333E-02
 3  0.500000      0.833333E-02
 4  0.500000      0.833333E-02
 5  0.500000      0.833333E-02
 6  0.500000      0.833333E-02
 7  0.500000      0.833333E-02
 8  0.500000      0.833333E-02
 9  0.500000      0.833333E-02
10  0.500000      0.833333E-02
11  0.500000      0.833333E-02
12  0.500000      0.833333E-02
13  0.500000      0.833333E-02
14  0.500000      0.833333E-02
15  0.500000      0.833333E-02
16  0.500000      0.833333E-02
17  0.500000      0.833333E-02
18  0.500000      0.833333E-02
19  0.500000      0.833333E-02
20  0.500000      0.833333E-02
21  0.500000      0.833333E-02
22  0.500000      0.833333E-02
23  0.500000      0.833333E-02
24  0.500000      0.833333E-02
25  0.500000      0.833333E-02
26  0.500000      0.833333E-02
27  0.500000      0.833333E-02
28  0.500000      0.833333E-02
29  0.500000      0.833333E-02
30  0.500000      0.833333E-02
31  0.500000      0.833333E-02
32  0.500000      0.833333E-02
33  0.500000      0.833333E-02
34  0.500000      0.833333E-02
35  0.500000      0.833333E-02
36  0.500000      0.833333E-02
37  0.500000      0.833333E-02
38  0.500000      0.833333E-02
39  0.500000      0.833333E-02
40  0.500000      0.833333E-02
41   2.00000      0.166667E-01
42   2.00000      0.166667E-01
43   2.00000      0.166667E-01
44   2.00000      0.166667E-01
45   2.00000      0.166667E-01
46   2.00000      0.166667E-01
47   2.00000      0.166667E-01
48   2.00000      0.166667E-01
49   2.00000      0.166667E-01
50   2.00000      0.166667E-01
51   2.00000      0.166667E-01
52   2.00000      0.166667E-01
53   2.00000      0.166667E-01
54   2.00000      0.166667E-01
55   2.00000      0.166667E-01
56   2.00000      0.166667E-01
57   2.00000      0.166667E-01
58   2.00000      0.166667E-01
59   2.00000      0.166667E-01
60   2.00000      0.166667E-01
61   2.00000      0.166667E-01
62   2.00000      0.166667E-01
63   2.00000      0.166667E-01
64   2.00000      0.166667E-01
65   2.00000      0.166667E-01
66   2.00000      0.166667E-01
67   2.00000      0.166667E-01
68   2.00000      0.166667E-01
69   2.00000      0.166667E-01
70   2.00000      0.166667E-01
71   2.00000      0.166667E-01
72   2.00000      0.166667E-01
73   2.00000      0.166667E-01
74   2.00000      0.166667E-01
75   2.00000      0.166667E-01
76   2.00000      0.166667E-01
77   2.00000      0.166667E-01
78   2.00000      0.166667E-01
79   2.00000      0.166667E-01
80   2.00000      0.166667E-01
 
 
Nearest Neighbor Search parameters:
-----------------------------------
 
  The nearest neighbor search is not speeded up.
  The nearest neighbor search is done by exhaustion.
 
 
Miscellaneous parameters:
------------------------
 
  Generator and moment output files WILL be written.
 
 
RANDOM_INITIALIZE
  Initialize RANDOM_NUMBER with arbitrary SEED =   1874441604
 
  Initializing the cell generators.
 
  Carry out the CVT iteration.
 
  Area iteration      1
 
        Desired, Actual, Linear
  Cell  Volume   Volume  Weight
 
     1  0.500000      0.495000      0.833333E-02
     2  0.500000      0.445000      0.833333E-02
     3  0.500000      0.570000      0.833333E-02
     4  0.500000      0.582500      0.833333E-02
     5  0.500000      0.560000      0.833333E-02
     6  0.500000      0.435000      0.833333E-02
     7  0.500000      0.595000      0.833333E-02
     8  0.500000      0.572500      0.833333E-02
     9  0.500000      0.510000      0.833333E-02
    10  0.500000      0.525000      0.833333E-02
    11  0.500000      0.525000      0.833333E-02
    12  0.500000      0.417500      0.833333E-02
    13  0.500000      0.492500      0.833333E-02
    14  0.500000      0.397500      0.833333E-02
    15  0.500000      0.537500      0.833333E-02
    16  0.500000      0.455000      0.833333E-02
    17  0.500000      0.465000      0.833333E-02
    18  0.500000      0.570000      0.833333E-02
    19  0.500000      0.417500      0.833333E-02
    20  0.500000      0.437500      0.833333E-02
    21  0.500000      0.457500      0.833333E-02
    22  0.500000      0.425000      0.833333E-02
    23  0.500000      0.312500      0.833333E-02
    24  0.500000      0.415000      0.833333E-02
    25  0.500000      0.435000      0.833333E-02
    26  0.500000      0.555000      0.833333E-02
    27  0.500000      0.465000      0.833333E-02
    28  0.500000      0.422500      0.833333E-02
    29  0.500000      0.580000      0.833333E-02
    30  0.500000      0.347500      0.833333E-02
    31  0.500000      0.462500      0.833333E-02
    32  0.500000      0.542500      0.833333E-02
    33  0.500000      0.595000      0.833333E-02
    34  0.500000      0.552500      0.833333E-02
    35  0.500000      0.465000      0.833333E-02
    36  0.500000      0.500000      0.833333E-02
    37  0.500000      0.525000      0.833333E-02
    38  0.500000      0.377500      0.833333E-02
    39  0.500000      0.565000      0.833333E-02
    40  0.500000      0.535000      0.833333E-02
    41   2.00000       1.82250      0.166667E-01
    42   2.00000       1.82500      0.166667E-01
    43   2.00000       2.00500      0.166667E-01
    44   2.00000       1.80500      0.166667E-01
    45   2.00000       2.04250      0.166667E-01
    46   2.00000       2.03000      0.166667E-01
    47   2.00000       2.24000      0.166667E-01
    48   2.00000       2.00500      0.166667E-01
    49   2.00000       2.00750      0.166667E-01
    50   2.00000       1.94250      0.166667E-01
    51   2.00000       1.93000      0.166667E-01
    52   2.00000       1.93750      0.166667E-01
    53   2.00000       1.84250      0.166667E-01
    54   2.00000       1.65500      0.166667E-01
    55   2.00000       1.83750      0.166667E-01
    56   2.00000       1.78000      0.166667E-01
    57   2.00000       2.06500      0.166667E-01
    58   2.00000       2.20250      0.166667E-01
    59   2.00000       1.98750      0.166667E-01
    60   2.00000       2.26250      0.166667E-01
    61   2.00000       2.06500      0.166667E-01
    62   2.00000       2.30750      0.166667E-01
    63   2.00000       2.15500      0.166667E-01
    64   2.00000       2.14500      0.166667E-01
    65   2.00000       2.03500      0.166667E-01
    66   2.00000       1.78750      0.166667E-01
    67   2.00000       2.17000      0.166667E-01
    68   2.00000       2.07250      0.166667E-01
    69   2.00000       2.13000      0.166667E-01
    70   2.00000       2.01000      0.166667E-01
    71   2.00000       2.12500      0.166667E-01
    72   2.00000       1.81750      0.166667E-01
    73   2.00000       1.99000      0.166667E-01
    74   2.00000       2.12000      0.166667E-01
    75   2.00000       2.20250      0.166667E-01
    76   2.00000       1.64500      0.166667E-01
    77   2.00000       1.99250      0.166667E-01
    78   2.00000       2.27000      0.166667E-01
    79   2.00000       2.10250      0.166667E-01
    80   2.00000       2.09250      0.166667E-01
 
Area discrepancy =    7.72000    
 
  Area iteration      2
 
        Desired, Actual, Linear
  Cell  Volume   Volume  Weight
 
     1  0.500000      0.442500      0.832144E-02
     2  0.500000      0.450000      0.877649E-02
     3  0.500000      0.480000      0.775467E-02
     4  0.500000      0.467500      0.767102E-02
     5  0.500000      0.560000      0.782361E-02
     6  0.500000      0.552500      0.887680E-02
     7  0.500000      0.485000      0.759001E-02
     8  0.500000      0.465000      0.773773E-02
     9  0.500000      0.547500      0.819815E-02
    10  0.500000      0.485000      0.808019E-02
    11  0.500000      0.480000      0.808019E-02
    12  0.500000      0.500000      0.906093E-02
    13  0.500000      0.512500      0.834253E-02
    14  0.500000      0.582500      0.928608E-02
    15  0.500000      0.410000      0.798568E-02
    16  0.500000      0.470000      0.867951E-02
    17  0.500000      0.537500      0.858568E-02
    18  0.500000      0.422500      0.775467E-02
    19  0.500000      0.505000      0.906093E-02
    20  0.500000      0.492500      0.885140E-02
    21  0.500000      0.505000      0.865577E-02
    22  0.500000      0.555000      0.898062E-02
    23  0.500000      0.642500      0.103497E-01
    24  0.500000      0.487500      0.908818E-02
    25  0.500000      0.612500      0.887680E-02
    26  0.500000      0.467500      0.785877E-02
    27  0.500000      0.450000      0.858568E-02
    28  0.500000      0.532500      0.900715E-02
    29  0.500000      0.457500      0.768753E-02
    30  0.500000      0.620000      0.993170E-02
    31  0.500000      0.485000      0.860885E-02
    32  0.500000      0.450000      0.794879E-02
    33  0.500000      0.462500      0.759001E-02
    34  0.500000      0.492500      0.787653E-02
    35  0.500000      0.495000      0.858568E-02
    36  0.500000      0.490000      0.827973E-02
    37  0.500000      0.482500      0.808019E-02
    38  0.500000      0.667500      0.952889E-02
    39  0.500000      0.500000      0.778891E-02
    40  0.500000      0.517500      0.800431E-02
    41   2.00000       2.26750      0.173471E-01
    42   2.00000       2.16750      0.173352E-01
    43   2.00000       1.74500      0.165388E-01
    44   2.00000       2.11000      0.174310E-01
    45   2.00000       1.85750      0.163863E-01
    46   2.00000       2.18500      0.164366E-01
    47   2.00000       1.60250      0.156472E-01
    48   2.00000       1.92000      0.165388E-01
    49   2.00000       1.98500      0.165285E-01
    50   2.00000       1.92000      0.168028E-01
    51   2.00000       2.07000      0.168571E-01
    52   2.00000       1.93250      0.168244E-01
    53   2.00000       2.10500      0.172527E-01
    54   2.00000       2.27500      0.182038E-01
    55   2.00000       1.96750      0.172762E-01
    56   2.00000       2.30500      0.175530E-01
    57   2.00000       1.98500      0.162967E-01
    58   2.00000       1.81250      0.157799E-01
    59   2.00000       1.94750      0.166114E-01
    60   2.00000       1.94000      0.155692E-01
    61   2.00000       1.94500      0.162967E-01
    62   2.00000       2.05500      0.154167E-01
    63   2.00000       1.92250      0.159528E-01
    64   2.00000       2.00000      0.159900E-01
    65   2.00000       2.07750      0.164164E-01
    66   2.00000       2.35000      0.175161E-01
    67   2.00000       1.74250      0.158976E-01
    68   2.00000       2.14000      0.162672E-01
    69   2.00000       1.80000      0.160462E-01
    70   2.00000       1.80250      0.165182E-01
    71   2.00000       2.04000      0.160650E-01
    72   2.00000       1.91000      0.173710E-01
    73   2.00000       2.03000      0.166010E-01
    74   2.00000       2.10000      0.160840E-01
    75   2.00000       1.94500      0.157799E-01
    76   2.00000       2.15250      0.182590E-01
    77   2.00000       1.92250      0.165906E-01
    78   2.00000       1.94500      0.155435E-01
    79   2.00000       1.72500      0.161508E-01
    80   2.00000       2.07500      0.161893E-01
 
Area discrepancy =    6.91000    
 
  Area iteration      3
 
        Desired, Actual, Linear
  Cell  Volume   Volume  Weight
 
     1  0.500000      0.565000      0.883966E-02
     2  0.500000      0.522500      0.924503E-02
     3  0.500000      0.475000      0.790928E-02
     4  0.500000      0.405000      0.792786E-02
     5  0.500000      0.437500      0.738766E-02
     6  0.500000      0.417500      0.843887E-02
     7  0.500000      0.482500      0.770133E-02
     8  0.500000      0.470000      0.801827E-02
     9  0.500000      0.432500      0.782921E-02
    10  0.500000      0.437500      0.819869E-02
    11  0.500000      0.432500      0.824128E-02
    12  0.500000      0.542500      0.905486E-02
    13  0.500000      0.457500      0.823464E-02
    14  0.500000      0.440000      0.859762E-02
    15  0.500000      0.582500      0.881280E-02
    16  0.500000      0.540000      0.894623E-02
    17  0.500000      0.510000      0.827521E-02
    18  0.500000      0.425000      0.843032E-02
    19  0.500000      0.625000      0.900992E-02
    20  0.500000      0.472500      0.891257E-02
    21  0.500000      0.455000      0.860704E-02
    22  0.500000      0.507500      0.851832E-02
    23  0.500000      0.537500      0.912396E-02
    24  0.500000      0.552500      0.919779E-02
    25  0.500000      0.565000      0.801488E-02
    26  0.500000      0.572500      0.812190E-02
    27  0.500000      0.515000      0.904403E-02
    28  0.500000      0.500000      0.872211E-02
    29  0.500000      0.440000      0.803129E-02
    30  0.500000      0.532500      0.891295E-02
    31  0.500000      0.572500      0.873510E-02
    32  0.500000      0.582500      0.837315E-02
    33  0.500000      0.460000      0.788643E-02
    34  0.500000      0.507500      0.793096E-02
    35  0.500000      0.572500      0.862315E-02
    36  0.500000      0.520000      0.835818E-02
    37  0.500000      0.497500      0.821990E-02
    38  0.500000      0.672500      0.824158E-02
    39  0.500000      0.445000      0.778369E-02
    40  0.500000      0.402500      0.786254E-02
    41   2.00000       2.04250      0.162809E-01
    42   2.00000       2.09750      0.166408E-01
    43   2.00000       2.06250      0.176942E-01
    44   2.00000       2.20750      0.169592E-01
    45   2.00000       2.13750      0.169918E-01
    46   2.00000       1.93250      0.157149E-01
    47   2.00000       1.97500      0.174687E-01
    48   2.00000       2.06500      0.168685E-01
    49   2.00000       1.96250      0.165797E-01
    50   2.00000       1.89250      0.171377E-01
    51   2.00000       1.88000      0.165585E-01
    52   2.00000       1.82750      0.171043E-01
    53   2.00000       2.00500      0.168056E-01
    54   2.00000       2.21750      0.170567E-01
    55   2.00000       2.15000      0.174066E-01
    56   2.00000       2.16750      0.163395E-01
    57   2.00000       2.12000      0.163472E-01
    58   2.00000       1.95500      0.165649E-01
    59   2.00000       1.97500      0.168226E-01
    60   2.00000       1.86500      0.157975E-01
    61   2.00000       2.01000      0.165145E-01
    62   2.00000       1.84750      0.151988E-01
    63   2.00000       1.91750      0.162603E-01
    64   2.00000       1.95750      0.159792E-01
    65   2.00000       1.89000      0.160965E-01
    66   2.00000       2.13000      0.161483E-01
    67   2.00000       1.84750      0.170204E-01
    68   2.00000       1.80750      0.157156E-01
    69   2.00000       1.88250      0.169028E-01
    70   2.00000       2.20250      0.173880E-01
    71   2.00000       1.97750      0.158961E-01
    72   2.00000       2.30000      0.177636E-01
    73   2.00000       2.07000      0.164668E-01
    74   2.00000       1.90000      0.156858E-01
    75   2.00000       1.91000      0.159907E-01
    76   2.00000       1.90000      0.175886E-01
    77   2.00000       1.93750      0.169103E-01
    78   2.00000       1.90000      0.157511E-01
    79   2.00000       2.07250      0.173789E-01
    80   2.00000       1.92000      0.158834E-01
 
Area discrepancy =    6.31000    
 
  Area iteration      4
 
        Desired, Actual, Linear
  Cell  Volume   Volume  Weight
 
     1  0.500000      0.525000      0.830250E-02
     2  0.500000      0.480000      0.902948E-02
     3  0.500000      0.435000      0.810191E-02
     4  0.500000      0.587500      0.879480E-02
     5  0.500000      0.447500      0.788525E-02
     6  0.500000      0.570000      0.922047E-02
     7  0.500000      0.505000      0.782734E-02
     8  0.500000      0.520000      0.825713E-02
     9  0.500000      0.532500      0.840470E-02
    10  0.500000      0.575000      0.875090E-02
    11  0.500000      0.597500      0.884706E-02
    12  0.500000      0.520000      0.867919E-02
    13  0.500000      0.470000      0.859501E-02
    14  0.500000      0.560000      0.915060E-02
    15  0.500000      0.432500      0.815198E-02
    16  0.500000      0.477500      0.859490E-02
    17  0.500000      0.445000      0.818072E-02
    18  0.500000      0.605000      0.912950E-02
    19  0.500000      0.512500      0.804597E-02
    20  0.500000      0.512500      0.915375E-02
    21  0.500000      0.520000      0.900835E-02
    22  0.500000      0.510000      0.844177E-02
    23  0.500000      0.515000      0.878601E-02
    24  0.500000      0.552500      0.873604E-02
    25  0.500000      0.480000      0.752784E-02
    26  0.500000      0.460000      0.757822E-02
    27  0.500000      0.512500      0.889725E-02
    28  0.500000      0.497500      0.870831E-02
    29  0.500000      0.532500      0.854784E-02
    30  0.500000      0.495000      0.862302E-02
    31  0.500000      0.585000      0.815038E-02
    32  0.500000      0.495000      0.774530E-02
    33  0.500000      0.445000      0.820916E-02
    34  0.500000      0.502500      0.785968E-02
    35  0.500000      0.385000      0.804591E-02
    36  0.500000      0.465000      0.818291E-02
    37  0.500000      0.517500      0.822749E-02
    38  0.500000      0.397500      0.709516E-02
    39  0.500000      0.480000      0.823765E-02
    40  0.500000      0.565000      0.874938E-02
    41   2.00000       2.02250      0.160851E-01
    42   2.00000       1.90000      0.162237E-01
    43   2.00000       1.98750      0.173964E-01
    44   2.00000       1.92750      0.161169E-01
    45   2.00000       1.93750      0.164102E-01
    46   2.00000       1.81000      0.159617E-01
    47   2.00000       2.27000      0.175512E-01
    48   2.00000       2.03250      0.165747E-01
    49   2.00000       1.98250      0.167109E-01
    50   2.00000       2.10000      0.175899E-01
    51   2.00000       2.01750      0.170518E-01
    52   2.00000       1.93250      0.178650E-01
    53   2.00000       1.99000      0.167581E-01
    54   2.00000       1.86750      0.161730E-01
    55   2.00000       2.01000      0.167619E-01
    56   2.00000       1.81000      0.156707E-01
    57   2.00000       1.77750      0.158527E-01
    58   2.00000       2.10500      0.167279E-01
    59   2.00000       1.99500      0.169019E-01
    60   2.00000       1.87750      0.163334E-01
    61   2.00000       2.10750      0.164473E-01
    62   2.00000       1.94750      0.157886E-01
    63   2.00000       1.74500      0.165801E-01
    64   2.00000       1.87000      0.161262E-01
    65   2.00000       1.92500      0.165321E-01
    66   2.00000       2.02750      0.156230E-01
    67   2.00000       2.16000      0.176809E-01
    68   2.00000       2.17000      0.165051E-01
    69   2.00000       2.05000      0.173948E-01
    70   2.00000       1.92000      0.165432E-01
    71   2.00000       1.84750      0.159610E-01
    72   2.00000       1.92250      0.165384E-01
    73   2.00000       1.99250      0.161604E-01
    74   2.00000       1.94000      0.160679E-01
    75   2.00000       2.06500      0.163372E-01
    76   2.00000       2.19000      0.180169E-01
    77   2.00000       2.20750      0.171538E-01
    78   2.00000       2.18750      0.161348E-01
    79   2.00000       2.14500      0.170452E-01
    80   2.00000       2.00500      0.161853E-01
 
Area discrepancy =    5.61500    
 
  Area iteration      5
 
        Desired, Actual, Linear
  Cell  Volume   Volume  Weight
 
     1  0.500000      0.427500      0.809973E-02
     2  0.500000      0.605000      0.921263E-02
     3  0.500000      0.522500      0.868328E-02
     4  0.500000      0.430000      0.811079E-02
     5  0.500000      0.500000      0.833220E-02
     6  0.500000      0.555000      0.863290E-02
     7  0.500000      0.380000      0.778592E-02
     8  0.500000      0.432500      0.809410E-02
     9  0.500000      0.505000      0.814148E-02
    10  0.500000      0.387500      0.815756E-02
    11  0.500000      0.532500      0.809042E-02
    12  0.500000      0.532500      0.850783E-02
    13  0.500000      0.477500      0.886215E-02
    14  0.500000      0.487500      0.864364E-02
    15  0.500000      0.520000      0.876216E-02
    16  0.500000      0.497500      0.879215E-02
    17  0.500000      0.497500      0.866867E-02
    18  0.500000      0.462500      0.829680E-02
    19  0.500000      0.500000      0.794461E-02
    20  0.500000      0.485000      0.903844E-02
    21  0.500000      0.517500      0.883049E-02
    22  0.500000      0.462500      0.835583E-02
    23  0.500000      0.597500      0.865424E-02
    24  0.500000      0.450000      0.830787E-02
    25  0.500000      0.455000      0.768053E-02
    26  0.500000      0.512500      0.789823E-02
    27  0.500000      0.572500      0.878517E-02
    28  0.500000      0.477500      0.872728E-02
    29  0.500000      0.495000      0.828014E-02
    30  0.500000      0.415000      0.866359E-02
    31  0.500000      0.497500      0.753253E-02
    32  0.500000      0.502500      0.778174E-02
    33  0.500000      0.540000      0.869882E-02
    34  0.500000      0.517500      0.783751E-02
    35  0.500000      0.595000      0.916613E-02
    36  0.500000      0.550000      0.848247E-02
    37  0.500000      0.510000      0.808451E-02
    38  0.500000      0.505000      0.795490E-02
    39  0.500000      0.515000      0.840473E-02
    40  0.500000      0.482500      0.822800E-02
    41   2.00000       1.96000      0.159901E-01
    42   2.00000       1.95000      0.166397E-01
    43   2.00000       2.17000      0.174453E-01
    44   2.00000       2.06250      0.164118E-01
    45   2.00000       2.00250      0.166673E-01
    46   2.00000       1.94250      0.167730E-01
    47   2.00000       2.03750      0.164689E-01
    48   2.00000       1.91750      0.164362E-01
    49   2.00000       2.11750      0.167789E-01
    50   2.00000       1.99750      0.171603E-01
    51   2.00000       2.04500      0.169720E-01
    52   2.00000       1.84000      0.181683E-01
    53   2.00000       1.87250      0.167946E-01
    54   2.00000       2.05750      0.167314E-01
    55   2.00000       1.95250      0.167146E-01
    56   2.00000       1.95500      0.164672E-01
    57   2.00000       2.13250      0.168101E-01
    58   2.00000       1.90000      0.163000E-01
    59   2.00000       2.07250      0.169175E-01
    60   2.00000       2.03250      0.168523E-01
    61   2.00000       2.00750      0.160170E-01
    62   2.00000       2.10500      0.159947E-01
    63   2.00000       2.08500      0.177444E-01
    64   2.00000       2.14000      0.166718E-01
    65   2.00000       1.99500      0.168455E-01
    66   2.00000       1.82000      0.155116E-01
    67   2.00000       1.97500      0.170078E-01
    68   2.00000       2.00750      0.158402E-01
    69   2.00000       2.10250      0.171756E-01
    70   2.00000       2.14250      0.168787E-01
    71   2.00000       2.13000      0.166012E-01
    72   2.00000       2.07250      0.168629E-01
    73   2.00000       1.92000      0.161854E-01
    74   2.00000       1.95500      0.163090E-01
    75   2.00000       1.86250      0.160727E-01
    76   2.00000       2.10000      0.172119E-01
    77   2.00000       1.94000      0.163222E-01
    78   2.00000       1.83000      0.154227E-01
    79   2.00000       1.94750      0.164536E-01
    80   2.00000       1.93750      0.161597E-01
 
Area discrepancy =    4.66000    
 
  Area iteration      6
 
        Desired, Actual, Linear
  Cell  Volume   Volume  Weight
 
     1  0.500000      0.537500      0.874453E-02
     2  0.500000      0.525000      0.836065E-02
     3  0.500000      0.495000      0.847960E-02
     4  0.500000      0.587500      0.873099E-02
     5  0.500000      0.562500      0.831781E-02
     6  0.500000      0.497500      0.817984E-02
     7  0.500000      0.512500      0.891563E-02
     8  0.500000      0.520000      0.868780E-02
     9  0.500000      0.567500      0.808709E-02
    10  0.500000      0.560000      0.925036E-02
    11  0.500000      0.445000      0.782611E-02
    12  0.500000      0.505000      0.822987E-02
    13  0.500000      0.472500      0.905288E-02
    14  0.500000      0.440000      0.873864E-02
    15  0.500000      0.522500      0.857717E-02
    16  0.500000      0.527500      0.879900E-02
    17  0.500000      0.455000      0.867542E-02
    18  0.500000      0.447500      0.861170E-02
    19  0.500000      0.417500      0.793089E-02
    20  0.500000      0.505000      0.916130E-02
    21  0.500000      0.485000      0.866491E-02
    22  0.500000      0.577500      0.867297E-02
    23  0.500000      0.442500      0.790305E-02
    24  0.500000      0.520000      0.874214E-02
    25  0.500000      0.447500      0.803747E-02
    26  0.500000      0.540000      0.778784E-02
    27  0.500000      0.452500      0.819590E-02
    28  0.500000      0.480000      0.891510E-02
    29  0.500000      0.445000      0.830748E-02
    30  0.500000      0.505000      0.949310E-02
    31  0.500000      0.427500      0.753840E-02
    32  0.500000      0.417500      0.774895E-02
    33  0.500000      0.587500      0.835598E-02
    34  0.500000      0.522500      0.769055E-02
    35  0.500000      0.535000      0.838807E-02
    36  0.500000      0.475000      0.807375E-02
    37  0.500000      0.445000      0.799103E-02
    38  0.500000      0.507500      0.790175E-02
    39  0.500000      0.532500      0.826712E-02
    40  0.500000      0.465000      0.836142E-02
    41   2.00000       1.85000      0.161245E-01
    42   2.00000       2.06750      0.168225E-01
    43   2.00000       2.12750      0.167191E-01
    44   2.00000       2.01000      0.161333E-01
    45   2.00000       2.10500      0.166281E-01
    46   2.00000       2.15000      0.169900E-01
    47   2.00000       2.11500      0.162884E-01
    48   2.00000       2.03500      0.167570E-01
    49   2.00000       2.07500      0.162786E-01
    50   2.00000       1.95000      0.171414E-01
    51   2.00000       1.94000      0.167553E-01
    52   2.00000       2.13000      0.189091E-01
    53   2.00000       2.16250      0.173270E-01
    54   2.00000       2.05750      0.164674E-01
    55   2.00000       1.97250      0.168875E-01
    56   2.00000       2.05500      0.166269E-01
    57   2.00000       1.91750      0.162514E-01
    58   2.00000       2.03750      0.166945E-01
    59   2.00000       2.02250      0.165903E-01
    60   2.00000       2.06000      0.166881E-01
    61   2.00000       1.95750      0.159595E-01
    62   2.00000       1.72250      0.155637E-01
    63   2.00000       1.91750      0.173489E-01
    64   2.00000       1.86750      0.160894E-01
    65   2.00000       2.05250      0.168375E-01
    66   2.00000       1.99500      0.162325E-01
    67   2.00000       2.14500      0.170856E-01
    68   2.00000       1.91000      0.157833E-01
    69   2.00000       1.97500      0.167228E-01
    70   2.00000       1.84250      0.162796E-01
    71   2.00000       1.87000      0.160588E-01
    72   2.00000       2.02500      0.165367E-01
    73   2.00000       1.97250      0.164907E-01
    74   2.00000       2.11500      0.164672E-01
    75   2.00000       1.98500      0.166267E-01
    76   2.00000       2.03500      0.167681E-01
    77   2.00000       2.06750      0.165441E-01
    78   2.00000       1.93750      0.160953E-01
    79   2.00000       1.99500      0.166451E-01
    80   2.00000       1.86000      0.163899E-01
 
Area discrepancy =    4.82000    
 
  Area iteration      7
 
        Desired, Actual, Linear
  Cell  Volume   Volume  Weight
 
     1  0.500000      0.490000      0.842096E-02
     2  0.500000      0.582500      0.814657E-02
     3  0.500000      0.535000      0.850917E-02
     4  0.500000      0.512500      0.804218E-02
     5  0.500000      0.482500      0.783001E-02
     6  0.500000      0.500000      0.818771E-02
     7  0.500000      0.567500      0.879265E-02
     8  0.500000      0.432500      0.850595E-02
     9  0.500000      0.427500      0.757920E-02
    10  0.500000      0.470000      0.872728E-02
    11  0.500000      0.490000      0.828286E-02
    12  0.500000      0.435000      0.817639E-02
    13  0.500000      0.582500      0.929822E-02
    14  0.500000      0.580000      0.930104E-02
    15  0.500000      0.470000      0.837751E-02
    16  0.500000      0.557500      0.855335E-02
    17  0.500000      0.517500      0.908028E-02
    18  0.500000      0.520000      0.908880E-02
    19  0.500000      0.545000      0.866579E-02
    20  0.500000      0.432500      0.910177E-02
    21  0.500000      0.445000      0.878431E-02
    22  0.500000      0.560000      0.805761E-02
    23  0.500000      0.602500      0.838788E-02
    24  0.500000      0.635000      0.855915E-02
    25  0.500000      0.457500      0.848276E-02
    26  0.500000      0.447500      0.748229E-02
    27  0.500000      0.512500      0.860205E-02
    28  0.500000      0.512500      0.908490E-02
    29  0.500000      0.545000      0.879233E-02
    30  0.500000      0.547500      0.943141E-02
    31  0.500000      0.505000      0.814001E-02
    32  0.500000      0.532500      0.846699E-02
    33  0.500000      0.440000      0.769676E-02
    34  0.500000      0.452500      0.751153E-02
    35  0.500000      0.530000      0.809654E-02
    36  0.500000      0.497500      0.827071E-02
    37  0.500000      0.557500      0.845740E-02
    38  0.500000      0.535000      0.783104E-02
    39  0.500000      0.527500      0.799851E-02
    40  0.500000      0.465000      0.865701E-02
    41   2.00000       2.01000      0.167396E-01
    42   2.00000       1.85750      0.165201E-01
    43   2.00000       1.78750      0.161853E-01
    44   2.00000       1.92250      0.160683E-01
    45   2.00000       2.01000      0.161831E-01
    46   2.00000       2.13750      0.163614E-01
    47   2.00000       2.00250      0.158150E-01
    48   2.00000       2.11250      0.165867E-01
    49   2.00000       2.16750      0.159570E-01
    50   2.00000       1.99750      0.173330E-01
    51   2.00000       1.84250      0.169862E-01
    52   2.00000       2.10750      0.182947E-01
    53   2.00000       1.99500      0.166376E-01
    54   2.00000       2.05000      0.162107E-01
    55   2.00000       2.08500      0.169785E-01
    56   2.00000       2.00750      0.163775E-01
    57   2.00000       1.94500      0.165717E-01
    58   2.00000       1.99000      0.165147E-01
    59   2.00000       1.90500      0.164723E-01
    60   2.00000       1.95250      0.164179E-01
    61   2.00000       1.96250      0.161069E-01
    62   2.00000       2.06750      0.167448E-01
    63   2.00000       2.01250      0.176909E-01
    64   2.00000       2.04000      0.166247E-01
    65   2.00000       1.91500      0.165951E-01
    66   2.00000       1.96250      0.162277E-01
    67   2.00000       1.85250      0.164725E-01
    68   2.00000       2.01750      0.161259E-01
    69   2.00000       1.98250      0.168024E-01
    70   2.00000       2.03500      0.169349E-01
    71   2.00000       1.93500      0.165820E-01
    72   2.00000       1.83000      0.164090E-01
    73   2.00000       2.09000      0.165796E-01
    74   2.00000       2.10500      0.159885E-01
    75   2.00000       2.11750      0.166636E-01
    76   2.00000       1.97250      0.165977E-01
    77   2.00000       1.77000      0.162467E-01
    78   2.00000       2.07750      0.163276E-01
    79   2.00000       1.96000      0.166402E-01
    80   2.00000       1.97250      0.169693E-01
 
Area discrepancy =    4.71000    
 
  Area iteration      8
 
        Desired, Actual, Linear
  Cell  Volume   Volume  Weight
 
     1  0.500000      0.570000      0.850949E-02
     2  0.500000      0.497500      0.755034E-02
     3  0.500000      0.455000      0.822905E-02
     4  0.500000      0.525000      0.794633E-02
     5  0.500000      0.517500      0.797358E-02
     6  0.500000      0.480000      0.819063E-02
     7  0.500000      0.445000      0.825613E-02
     8  0.500000      0.605000      0.914891E-02
     9  0.500000      0.525000      0.819965E-02
    10  0.500000      0.567500      0.900471E-02
    11  0.500000      0.547500      0.836993E-02
    12  0.500000      0.562500      0.876914E-02
    13  0.500000      0.412500      0.861771E-02
    14  0.500000      0.570000      0.863888E-02
    15  0.500000      0.452500      0.864383E-02
    16  0.500000      0.460000      0.810315E-02
    17  0.500000      0.502500      0.892861E-02
    18  0.500000      0.515000      0.891548E-02
    19  0.500000      0.465000      0.830328E-02
    20  0.500000      0.590000      0.978977E-02
    21  0.500000      0.547500      0.931467E-02
    22  0.500000      0.502500      0.761644E-02
    23  0.500000      0.437500      0.764387E-02
    24  0.500000      0.472500      0.759772E-02
    25  0.500000      0.522500      0.887118E-02
    26  0.500000      0.547500      0.791184E-02
    27  0.500000      0.477500      0.849953E-02
    28  0.500000      0.562500      0.897662E-02
    29  0.500000      0.495000      0.842452E-02
    30  0.500000      0.460000      0.901622E-02
    31  0.500000      0.422500      0.810250E-02
    32  0.500000      0.502500      0.820747E-02
    33  0.500000      0.525000      0.820770E-02
    34  0.500000      0.467500      0.789876E-02
    35  0.500000      0.455000      0.786686E-02
    36  0.500000      0.437500      0.829442E-02
    37  0.500000      0.435000      0.801225E-02
    38  0.500000      0.402500      0.757325E-02
    39  0.500000      0.540000      0.779000E-02
    40  0.500000      0.480000      0.898010E-02
    41   2.00000       1.94750      0.167039E-01
    42   2.00000       2.23250      0.171482E-01
    43   2.00000       2.31000      0.171265E-01
    44   2.00000       1.97000      0.163948E-01
    45   2.00000       1.91000      0.161485E-01
    46   2.00000       1.89500      0.158320E-01
    47   2.00000       1.95250      0.158107E-01
    48   2.00000       1.84000      0.161447E-01
    49   2.00000       1.79500      0.153335E-01
    50   2.00000       1.94000      0.173500E-01
    51   2.00000       2.12000      0.177036E-01
    52   2.00000       2.08500      0.178283E-01
    53   2.00000       1.91500      0.166643E-01
    54   2.00000       2.00500      0.160174E-01
    55   2.00000       1.97500      0.166348E-01
    56   2.00000       1.89250      0.163527E-01
    57   2.00000       1.93500      0.168104E-01
    58   2.00000       2.00000      0.165620E-01
    59   2.00000       1.96750      0.168840E-01
    60   2.00000       2.09000      0.166224E-01
    61   2.00000       2.00750      0.162658E-01
    62   2.00000       1.99000      0.164750E-01
    63   2.00000       2.02750      0.176421E-01
    64   2.00000       2.01000      0.164668E-01
    65   2.00000       1.95250      0.169655E-01
    66   2.00000       2.05250      0.163879E-01
    67   2.00000       2.06500      0.171218E-01
    68   2.00000       1.90500      0.160615E-01
    69   2.00000       2.09250      0.168824E-01
    70   2.00000       2.04750      0.167947E-01
    71   2.00000       2.09500      0.168642E-01
    72   2.00000       2.03500      0.171603E-01
    73   2.00000       1.84500      0.162245E-01
    74   2.00000       1.85250      0.155902E-01
    75   2.00000       2.12000      0.162005E-01
    76   2.00000       1.86250      0.167189E-01
    77   2.00000       2.08500      0.172762E-01
    78   2.00000       2.02500      0.160259E-01
    79   2.00000       2.08250      0.168151E-01
    80   2.00000       2.11250      0.170933E-01
 
Area discrepancy =    5.09500    
 
  Area iteration      9
 
        Desired, Actual, Linear
  Cell  Volume   Volume  Weight
 
     1  0.500000      0.530000      0.795922E-02
     2  0.500000      0.472500      0.755918E-02
     3  0.500000      0.497500      0.861487E-02
     4  0.500000      0.372500      0.774447E-02
     5  0.500000      0.400000      0.782713E-02
     6  0.500000      0.475000      0.834836E-02
     7  0.500000      0.547500      0.873979E-02
     8  0.500000      0.447500      0.830608E-02
     9  0.500000      0.552500      0.799135E-02
    10  0.500000      0.465000      0.844095E-02
    11  0.500000      0.490000      0.798793E-02
    12  0.500000      0.500000      0.825658E-02
    13  0.500000      0.685000      0.947511E-02
    14  0.500000      0.455000      0.808024E-02
    15  0.500000      0.540000      0.907405E-02
    16  0.500000      0.495000      0.843683E-02
    17  0.500000      0.457500      0.889447E-02
    18  0.500000      0.500000      0.877295E-02
    19  0.500000      0.475000      0.859859E-02
    20  0.500000      0.415000      0.900017E-02
    21  0.500000      0.515000      0.888955E-02
    22  0.500000      0.457500      0.758732E-02
    23  0.500000      0.387500      0.816073E-02
    24  0.500000      0.542500      0.780526E-02
    25  0.500000      0.517500      0.866648E-02
    26  0.500000      0.467500      0.755075E-02
    27  0.500000      0.550000      0.868585E-02
    28  0.500000      0.462500      0.845194E-02
    29  0.500000      0.507500      0.845565E-02
    30  0.500000      0.512500      0.938750E-02
    31  0.500000      0.522500      0.880259E-02
    32  0.500000      0.532500      0.817609E-02
    33  0.500000      0.480000      0.799920E-02
    34  0.500000      0.575000      0.815779E-02
    35  0.500000      0.547500      0.823569E-02
    36  0.500000      0.510000      0.885526E-02
    37  0.500000      0.597500      0.857856E-02
    38  0.500000      0.575000      0.842954E-02
    39  0.500000      0.415000      0.748592E-02
    40  0.500000      0.505000      0.915303E-02
    41   2.00000       2.13750      0.169049E-01
    42   2.00000       1.76750      0.162090E-01
    43   2.00000       1.89250      0.159147E-01
    44   2.00000       1.92250      0.164971E-01
    45   2.00000       1.99500      0.165025E-01
    46   2.00000       2.12000      0.162430E-01
    47   2.00000       2.15250      0.159805E-01
    48   2.00000       2.03250      0.168096E-01
    49   2.00000       1.94750      0.161638E-01
    50   2.00000       2.02500      0.175927E-01
    51   2.00000       2.13000      0.171723E-01
    52   2.00000       2.09000      0.174378E-01
    53   2.00000       2.04000      0.170074E-01
    54   2.00000       1.88750      0.159761E-01
    55   2.00000       2.00750      0.167174E-01
    56   2.00000       2.00000      0.167883E-01
    57   2.00000       2.10250      0.170675E-01
    58   2.00000       1.89750      0.165399E-01
    59   2.00000       2.06000      0.170001E-01
    60   2.00000       1.97500      0.162388E-01
    61   2.00000       1.92500      0.162137E-01
    62   2.00000       2.02250      0.164943E-01
    63   2.00000       1.98000      0.174987E-01
    64   2.00000       2.02750      0.164038E-01
    65   2.00000       2.07000      0.171476E-01
    66   2.00000       1.80750      0.161553E-01
    67   2.00000       1.95750      0.168277E-01
    68   2.00000       2.15250      0.164352E-01
    69   2.00000       2.05000      0.164830E-01
    70   2.00000       2.03500      0.165765E-01
    71   2.00000       1.86500      0.164554E-01
    72   2.00000       1.99750      0.169894E-01
    73   2.00000       2.08000      0.168697E-01
    74   2.00000       1.92750      0.161773E-01
    75   2.00000       1.96000      0.157143E-01
    76   2.00000       2.07250      0.173019E-01
    77   2.00000       2.16000      0.168978E-01
    78   2.00000       1.83250      0.159054E-01
    79   2.00000       1.92750      0.164567E-01
    80   2.00000       2.01500      0.166097E-01
 
Area discrepancy =    4.89500    
 
  Area iteration     10
 
        Desired, Actual, Linear
  Cell  Volume   Volume  Weight
 
     1  0.500000      0.422500      0.771657E-02
     2  0.500000      0.407500      0.776186E-02
     3  0.500000      0.520000      0.862073E-02
     4  0.500000      0.482500      0.895612E-02
     5  0.500000      0.532500      0.873503E-02
     6  0.500000      0.520000      0.854961E-02
     7  0.500000      0.417500      0.833683E-02
     8  0.500000      0.495000      0.876378E-02
     9  0.500000      0.440000      0.758832E-02
    10  0.500000      0.540000      0.873688E-02
    11  0.500000      0.525000      0.805430E-02
    12  0.500000      0.447500      0.824151E-02
    13  0.500000      0.492500      0.808036E-02
    14  0.500000      0.485000      0.845494E-02
    15  0.500000      0.512500      0.871558E-02
    16  0.500000      0.550000      0.846386E-02
    17  0.500000      0.472500      0.928146E-02
    18  0.500000      0.540000      0.875694E-02
    19  0.500000      0.522500      0.880587E-02
    20  0.500000      0.460000      0.986095E-02
    21  0.500000      0.537500      0.874315E-02
    22  0.500000      0.537500      0.791744E-02
    23  0.500000      0.597500      0.925305E-02
    24  0.500000      0.497500      0.747961E-02
    25  0.500000      0.522500      0.850314E-02
    26  0.500000      0.542500      0.779455E-02
    27  0.500000      0.530000      0.826653E-02
    28  0.500000      0.522500      0.877187E-02
    29  0.500000      0.457500      0.837763E-02
    30  0.500000      0.587500      0.925540E-02
    31  0.500000      0.542500      0.859526E-02
    32  0.500000      0.417500      0.790820E-02
    33  0.500000      0.570000      0.814925E-02
    34  0.500000      0.465000      0.759330E-02
    35  0.500000      0.497500      0.785597E-02
    36  0.500000      0.530000      0.875202E-02
    37  0.500000      0.452500      0.783316E-02
    38  0.500000      0.445000      0.784625E-02
    39  0.500000      0.495000      0.820187E-02
    40  0.500000      0.472500      0.909099E-02
    41   2.00000       1.91000      0.163223E-01
    42   2.00000       2.04250      0.172107E-01
    43   2.00000       1.94000      0.163306E-01
    44   2.00000       2.03750      0.167956E-01
    45   2.00000       2.00250      0.164930E-01
    46   2.00000       1.98750      0.157478E-01
    47   2.00000       1.81250      0.153759E-01
    48   2.00000       2.04750      0.166442E-01
    49   2.00000       1.95750      0.163504E-01
    50   2.00000       1.88750      0.174519E-01
    51   2.00000       1.71500      0.166096E-01
    52   2.00000       1.89000      0.170271E-01
    53   2.00000       1.96000      0.168091E-01
    54   2.00000       2.06000      0.164153E-01
    55   2.00000       1.97750      0.166557E-01
    56   2.00000       2.10250      0.167577E-01
    57   2.00000       1.87000      0.166159E-01
    58   2.00000       2.12750      0.169498E-01
    59   2.00000       1.99000      0.167202E-01
    60   2.00000       2.06000      0.163114E-01
    61   2.00000       2.06250      0.164964E-01
    62   2.00000       1.91750      0.163724E-01
    63   2.00000       2.05250      0.175547E-01
    64   2.00000       2.15750      0.162625E-01
    65   2.00000       2.08250      0.168245E-01
    66   2.00000       2.18500      0.169628E-01
    67   2.00000       2.09500      0.169784E-01
    68   2.00000       1.88000      0.158134E-01
    69   2.00000       1.91000      0.162510E-01
    70   2.00000       2.06500      0.164034E-01
    71   2.00000       1.96750      0.170095E-01
    72   2.00000       2.00250      0.169690E-01
    73   2.00000       2.00000      0.165119E-01
    74   2.00000       2.12500      0.164487E-01
    75   2.00000       2.07500      0.158448E-01
    76   2.00000       1.96000      0.169656E-01
    77   2.00000       1.98000      0.162302E-01
    78   2.00000       2.01000      0.165861E-01
    79   2.00000       2.03750      0.167327E-01
    80   2.00000       2.05250      0.165176E-01
 
Area discrepancy =    4.53000    
 
  Area iteration     11
 
        Desired, Actual, Linear
  Cell  Volume   Volume  Weight
 
     1  0.500000      0.505000      0.838455E-02
     2  0.500000      0.522500      0.858757E-02
     3  0.500000      0.577500      0.844327E-02
     4  0.500000      0.630000      0.910626E-02
     5  0.500000      0.502500      0.845421E-02
     6  0.500000      0.525000      0.837362E-02
     7  0.500000      0.600000      0.911257E-02
     8  0.500000      0.547500      0.879746E-02
     9  0.500000      0.517500      0.807957E-02
    10  0.500000      0.535000      0.839708E-02
    11  0.500000      0.475000      0.785086E-02
    12  0.500000      0.575000      0.870120E-02
    13  0.500000      0.415000      0.813198E-02
    14  0.500000      0.435000      0.857449E-02
    15  0.500000      0.487500      0.859840E-02
    16  0.500000      0.477500      0.806038E-02
    17  0.500000      0.512500      0.953639E-02
    18  0.500000      0.507500      0.841636E-02
    19  0.500000      0.652500      0.860395E-02
    20  0.500000      0.662500      0.102685E-01
    21  0.500000      0.357500      0.842262E-02
    22  0.500000      0.457500      0.762718E-02
    23  0.500000      0.457500      0.845444E-02
    24  0.500000      0.415000      0.748947E-02
    25  0.500000      0.492500      0.830816E-02
    26  0.500000      0.502500      0.747412E-02
    27  0.500000      0.445000      0.801962E-02
    28  0.500000      0.492500      0.857073E-02
    29  0.500000      0.570000      0.874770E-02
    30  0.500000      0.445000      0.852824E-02
    31  0.500000      0.485000      0.824191E-02
    32  0.500000      0.577500      0.864406E-02
    33  0.500000      0.450000      0.762340E-02
    34  0.500000      0.555000      0.786453E-02
    35  0.500000      0.472500      0.786633E-02
    36  0.500000      0.520000      0.849061E-02
    37  0.500000      0.472500      0.822425E-02
    38  0.500000      0.457500      0.830712E-02
    39  0.500000      0.530000      0.823339E-02
    40  0.500000      0.547500      0.934069E-02
    41   2.00000       1.91500      0.166826E-01
    42   2.00000       2.07000      0.170105E-01
    43   2.00000       1.93500      0.165615E-01
    44   2.00000       2.09250      0.166206E-01
    45   2.00000       1.99000      0.164631E-01
    46   2.00000       1.79250      0.157785E-01
    47   2.00000       1.96500      0.161325E-01
    48   2.00000       2.04000      0.164304E-01
    49   2.00000       2.18250      0.165073E-01
    50   2.00000       2.07500      0.179431E-01
    51   2.00000       2.24500      0.179154E-01
    52   2.00000       2.05500      0.174948E-01
    53   2.00000       2.14000      0.169596E-01
    54   2.00000       1.97500      0.161553E-01
    55   2.00000       2.05500      0.167302E-01
    56   2.00000       2.00000      0.163247E-01
    57   2.00000       2.14750      0.171634E-01
    58   2.00000       1.82750      0.164145E-01
    59   2.00000       1.95250      0.167422E-01
    60   2.00000       1.95750      0.160530E-01
    61   2.00000       2.03250      0.162253E-01
    62   2.00000       2.10000      0.167010E-01
    63   2.00000       1.91250      0.173082E-01
    64   2.00000       1.91500      0.156390E-01
    65   2.00000       1.91000      0.164682E-01
    66   2.00000       1.78750      0.162096E-01
    67   2.00000       1.78750      0.165692E-01
    68   2.00000       1.95000      0.162909E-01
    69   2.00000       1.97750      0.166097E-01
    70   2.00000       1.82000      0.161240E-01
    71   2.00000       2.09000      0.171290E-01
    72   2.00000       2.05750      0.169383E-01
    73   2.00000       1.99500      0.164923E-01
    74   2.00000       1.87500      0.159386E-01
    75   2.00000       1.95250      0.155374E-01
    76   2.00000       2.23500      0.171175E-01
    77   2.00000       1.96000      0.162926E-01
    78   2.00000       2.07750      0.165251E-01
    79   2.00000       1.89500      0.165583E-01
    80   2.00000       1.89250      0.162856E-01
 
Area discrepancy =    5.74000    
 
  Area iteration     12
 
        Desired, Actual, Linear
  Cell  Volume   Volume  Weight
 
     1  0.500000      0.555000      0.834142E-02
     2  0.500000      0.425000      0.839911E-02
     3  0.500000      0.482500      0.785490E-02
     4  0.500000      0.495000      0.811102E-02
     5  0.500000      0.477500      0.843162E-02
     6  0.500000      0.487500      0.817033E-02
     7  0.500000      0.355000      0.831709E-02
     8  0.500000      0.457500      0.840565E-02
     9  0.500000      0.527500      0.794033E-02
    10  0.500000      0.467500      0.811628E-02
    11  0.500000      0.472500      0.805334E-02
    12  0.500000      0.505000      0.811243E-02
    13  0.500000      0.545000      0.892438E-02
    14  0.500000      0.552500      0.919114E-02
    15  0.500000      0.495000      0.870635E-02
    16  0.500000      0.545000      0.824660E-02
    17  0.500000      0.497500      0.941766E-02
    18  0.500000      0.460000      0.835242E-02
    19  0.500000      0.435000      0.753032E-02
    20  0.500000      0.390000      0.891910E-02
    21  0.500000      0.547500      0.995899E-02
    22  0.500000      0.472500      0.797213E-02
    23  0.500000      0.525000      0.883680E-02
    24  0.500000      0.552500      0.821926E-02
    25  0.500000      0.460000      0.836966E-02
    26  0.500000      0.460000      0.745414E-02
    27  0.500000      0.542500      0.849923E-02
    28  0.500000      0.460000      0.863417E-02
    29  0.500000      0.445000      0.819148E-02
    30  0.500000      0.440000      0.903827E-02
    31  0.500000      0.497500      0.836687E-02
    32  0.500000      0.470000      0.804170E-02
    33  0.500000      0.500000      0.803431E-02
    34  0.500000      0.537500      0.746332E-02
    35  0.500000      0.512500      0.809053E-02
    36  0.500000      0.427500      0.832421E-02
    37  0.500000      0.572500      0.845866E-02
    38  0.500000      0.570000      0.868282E-02
    39  0.500000      0.487500      0.799552E-02
    40  0.500000      0.550000      0.892468E-02
    41   2.00000       2.06500      0.170457E-01
    42   2.00000       1.95250      0.167174E-01
    43   2.00000       1.85500      0.168343E-01
    44   2.00000       2.07500      0.162461E-01
    45   2.00000       2.11500      0.165014E-01
    46   2.00000       2.02500      0.166637E-01
    47   2.00000       1.97750      0.162725E-01
    48   2.00000       1.88000      0.162656E-01
    49   2.00000       1.89500      0.157992E-01
    50   2.00000       2.11250      0.176126E-01
    51   2.00000       1.95500      0.169065E-01
    52   2.00000       1.96500      0.172559E-01
    53   2.00000       1.94250      0.163925E-01
    54   2.00000       1.91250      0.162542E-01
    55   2.00000       2.30500      0.165018E-01
    56   2.00000       1.99250      0.163217E-01
    57   2.00000       1.99250      0.165604E-01
    58   2.00000       2.15500      0.171686E-01
    59   2.00000       1.96000      0.169416E-01
    60   2.00000       1.85000      0.162234E-01
    61   2.00000       2.02750      0.160921E-01
    62   2.00000       2.08250      0.162955E-01
    63   2.00000       2.11000      0.176965E-01
    64   2.00000       1.94500      0.159794E-01
    65   2.00000       2.02500      0.168487E-01
    66   2.00000       2.02000      0.171429E-01
    67   2.00000       2.17750      0.175233E-01
    68   2.00000       1.99250      0.164954E-01
    69   2.00000       1.98750      0.167009E-01
    70   2.00000       1.90750      0.168994E-01
    71   2.00000       2.18250      0.167531E-01
    72   2.00000       1.86500      0.166968E-01
    73   2.00000       1.98500      0.165099E-01
    74   2.00000       2.02250      0.164583E-01
    75   2.00000       2.03250      0.157223E-01
    76   2.00000       1.87750      0.161896E-01
    77   2.00000       2.04000      0.164550E-01
    78   2.00000       1.99750      0.162110E-01
    79   2.00000       1.98000      0.170078E-01
    80   2.00000       2.10250      0.167387E-01
 
Area discrepancy =    4.63000    
 
  Area iteration     13
 
        Desired, Actual, Linear
  Cell  Volume   Volume  Weight
 
     1  0.500000      0.480000      0.789300E-02
     2  0.500000      0.567500      0.908213E-02
     3  0.500000      0.372500      0.797152E-02
     4  0.500000      0.485000      0.812685E-02
     5  0.500000      0.582500      0.860148E-02
     6  0.500000      0.467500      0.824900E-02
     7  0.500000      0.622500      0.984025E-02
     8  0.500000      0.510000      0.876042E-02
     9  0.500000      0.567500      0.770684E-02
    10  0.500000      0.527500      0.836788E-02
    11  0.500000      0.482500      0.825894E-02
    12  0.500000      0.492500      0.804738E-02
    13  0.500000      0.437500      0.852175E-02
    14  0.500000      0.592500      0.871671E-02
    15  0.500000      0.482500      0.872334E-02
    16  0.500000      0.485000      0.787455E-02
    17  0.500000      0.542500      0.941230E-02
    18  0.500000      0.452500      0.868125E-02
    19  0.500000      0.467500      0.804856E-02
    20  0.500000      0.577500      0.100679E-01
    21  0.500000      0.587500      0.948794E-02
    22  0.500000      0.575000      0.817565E-02
    23  0.500000      0.540000      0.859735E-02
    24  0.500000      0.415000      0.779500E-02
    25  0.500000      0.535000      0.869917E-02
    26  0.500000      0.495000      0.774761E-02
    27  0.500000      0.502500      0.813446E-02
    28  0.500000      0.545000      0.897409E-02
    29  0.500000      0.547500      0.865629E-02
    30  0.500000      0.525000      0.960524E-02
    31  0.500000      0.435000      0.836210E-02
    32  0.500000      0.525000      0.826890E-02
    33  0.500000      0.447500      0.800963E-02
    34  0.500000      0.422500      0.717616E-02
    35  0.500000      0.525000      0.796671E-02
    36  0.500000      0.495000      0.897479E-02
    37  0.500000      0.500000      0.788066E-02
    38  0.500000      0.477500      0.810723E-02
    39  0.500000      0.462500      0.807251E-02
    40  0.500000      0.497500      0.848321E-02
    41   2.00000       1.95250      0.167238E-01
    42   2.00000       1.92500      0.168675E-01
    43   2.00000       2.15000      0.174261E-01
    44   2.00000       1.96250      0.159008E-01
    45   2.00000       1.96500      0.159973E-01
    46   2.00000       2.05000      0.165097E-01
    47   2.00000       2.15000      0.163146E-01
    48   2.00000       1.97750      0.167252E-01
    49   2.00000       1.92250      0.161811E-01
    50   2.00000       1.99250      0.170846E-01
    51   2.00000       1.88000      0.170475E-01
    52   2.00000       1.89000      0.173554E-01
    53   2.00000       2.05000      0.165822E-01
    54   2.00000       2.03750      0.165708E-01
    55   2.00000       1.76500      0.153241E-01
    56   2.00000       1.99500      0.163022E-01
    57   2.00000       1.89000      0.165406E-01
    58   2.00000       1.95250      0.164888E-01
    59   2.00000       1.99000      0.170610E-01
    60   2.00000       2.20000      0.168165E-01
    61   2.00000       1.98000      0.159335E-01
    62   2.00000       2.09750      0.159204E-01
    63   2.00000       2.05250      0.171761E-01
    64   2.00000       2.01000      0.161540E-01
    65   2.00000       2.07000      0.166929E-01
    66   2.00000       2.07250      0.170054E-01
    67   2.00000       1.97750      0.167423E-01
    68   2.00000       2.13500      0.164757E-01
    69   2.00000       1.92500      0.167019E-01
    70   2.00000       2.14750      0.172512E-01
    71   2.00000       1.90000      0.159881E-01
    72   2.00000       2.02500      0.172375E-01
    73   2.00000       1.86000      0.165213E-01
    74   2.00000       1.99500      0.163163E-01
    75   2.00000       1.89250      0.155482E-01
    76   2.00000       2.08000      0.166581E-01
    77   2.00000       2.00000      0.162429E-01
    78   2.00000       1.87000      0.161713E-01
    79   2.00000       2.08250      0.170410E-01
    80   2.00000       1.88000      0.162754E-01
 
Area discrepancy =    4.81500    
 
  Area iteration     14
 
        Desired, Actual, Linear
  Cell  Volume   Volume  Weight
 
     1  0.500000      0.460000      0.805559E-02
     2  0.500000      0.495000      0.852473E-02
     3  0.500000      0.652500      0.923536E-02
     4  0.500000      0.537500      0.825139E-02
     5  0.500000      0.445000      0.796895E-02
     6  0.500000      0.505000      0.853073E-02
     7  0.500000      0.475000      0.881886E-02
     8  0.500000      0.500000      0.867392E-02
     9  0.500000      0.545000      0.723385E-02
    10  0.500000      0.457500      0.814667E-02
    11  0.500000      0.545000      0.840720E-02
    12  0.500000      0.485000      0.810825E-02
    13  0.500000      0.640000      0.910995E-02
    14  0.500000      0.415000      0.800726E-02
    15  0.500000      0.485000      0.887994E-02
    16  0.500000      0.500000      0.799522E-02
    17  0.500000      0.390000      0.903590E-02
    18  0.500000      0.480000      0.912533E-02
    19  0.500000      0.535000      0.832344E-02
    20  0.500000      0.460000      0.936780E-02
    21  0.500000      0.512500      0.875274E-02
    22  0.500000      0.492500      0.762367E-02
    23  0.500000      0.445000      0.827262E-02
    24  0.500000      0.540000      0.855594E-02
    25  0.500000      0.517500      0.840963E-02
    26  0.500000      0.545000      0.778648E-02
    27  0.500000      0.502500      0.811403E-02
    28  0.500000      0.457500      0.859544E-02
    29  0.500000      0.522500      0.827209E-02
    30  0.500000      0.545000      0.937356E-02
    31  0.500000      0.537500      0.896492E-02
    32  0.500000      0.510000      0.806945E-02
    33  0.500000      0.555000      0.846626E-02
    34  0.500000      0.505000      0.780646E-02
    35  0.500000      0.427500      0.777455E-02
    36  0.500000      0.552500      0.901981E-02
    37  0.500000      0.475000      0.788050E-02
    38  0.500000      0.472500      0.829586E-02
    39  0.500000      0.555000      0.839322E-02
    40  0.500000      0.517500      0.850432E-02
    41   2.00000       1.97000      0.169256E-01
    42   2.00000       2.01000      0.171926E-01
    43   2.00000       1.95250      0.168069E-01
    44   2.00000       2.01000      0.160517E-01
    45   2.00000       1.97750      0.161388E-01
    46   2.00000       2.01250      0.163067E-01
    47   2.00000       2.02750      0.157349E-01
    48   2.00000       1.97000      0.168197E-01
    49   2.00000       2.00750      0.165037E-01
    50   2.00000       1.94500      0.171164E-01
    51   2.00000       2.06500      0.175827E-01
    52   2.00000       2.03750      0.178530E-01
    53   2.00000       1.86750      0.163784E-01
    54   2.00000       2.02000      0.164173E-01
    55   2.00000       1.94500      0.163121E-01
    56   2.00000       1.79250      0.163222E-01
    57   2.00000       2.06750      0.170148E-01
    58   2.00000       2.11500      0.166879E-01
    59   2.00000       2.05000      0.171034E-01
    60   2.00000       1.79000      0.160336E-01
    61   2.00000       1.99250      0.160134E-01
    62   2.00000       1.78250      0.155457E-01
    63   2.00000       1.92500      0.169546E-01
    64   2.00000       2.11000      0.161135E-01
    65   2.00000       2.05000      0.164079E-01
    66   2.00000       2.07250      0.167050E-01
    67   2.00000       2.06250      0.168369E-01
    68   2.00000       1.93750      0.159459E-01
    69   2.00000       2.02250      0.170238E-01
    70   2.00000       1.99750      0.166478E-01
    71   2.00000       2.16000      0.164031E-01
    72   2.00000       1.91000      0.171304E-01
    73   2.00000       2.08750      0.171314E-01
    74   2.00000       2.06250      0.163364E-01
    75   2.00000       2.03500      0.159834E-01
    76   2.00000       1.96750      0.163343E-01
    77   2.00000       1.87250      0.162425E-01
    78   2.00000       2.08000      0.167236E-01
    79   2.00000       1.92750      0.166997E-01
    80   2.00000       2.11750      0.167865E-01
 
Area discrepancy =    4.32000    
 
  Area iteration     15
 
        Desired, Actual, Linear
  Cell  Volume   Volume  Weight
 
     1  0.500000      0.512500      0.839332E-02
     2  0.500000      0.515000      0.856236E-02
     3  0.500000      0.400000      0.807939E-02
     4  0.500000      0.407500      0.795340E-02
     5  0.500000      0.505000      0.844183E-02
     6  0.500000      0.502500      0.848312E-02
     7  0.500000      0.465000      0.904234E-02
     8  0.500000      0.497500      0.866853E-02
     9  0.500000      0.375000      0.692447E-02
    10  0.500000      0.492500      0.851138E-02
    11  0.500000      0.517500      0.804764E-02
    12  0.500000      0.615000      0.822757E-02
    13  0.500000      0.467500      0.804713E-02
    14  0.500000      0.487500      0.878366E-02
    15  0.500000      0.475000      0.901061E-02
    16  0.500000      0.432500      0.799026E-02
    17  0.500000      0.550000      0.102248E-01
    18  0.500000      0.545000      0.930772E-02
    19  0.500000      0.507500      0.804158E-02
    20  0.500000      0.520000      0.976055E-02
    21  0.500000      0.447500      0.863997E-02
    22  0.500000      0.465000      0.767673E-02
    23  0.500000      0.475000      0.876352E-02
    24  0.500000      0.510000      0.822784E-02
    25  0.500000      0.502500      0.826108E-02
    26  0.500000      0.490000      0.745346E-02
    27  0.500000      0.475000      0.808879E-02
    28  0.500000      0.520000      0.898024E-02
    29  0.500000      0.487500      0.808700E-02
    30  0.500000      0.465000      0.897267E-02
    31  0.500000      0.532500      0.864117E-02
    32  0.500000      0.467500      0.798499E-02
    33  0.500000      0.507500      0.803083E-02
    34  0.500000      0.437500      0.776290E-02
    35  0.500000      0.595000      0.840277E-02
    36  0.500000      0.447500      0.857524E-02
    37  0.500000      0.502500      0.808020E-02
    38  0.500000      0.597500      0.852856E-02
    39  0.500000      0.545000      0.796154E-02
    40  0.500000      0.530000      0.835410E-02
    41   2.00000       2.26250      0.170434E-01
    42   2.00000       2.07750      0.171391E-01
    43   2.00000       1.99750      0.169996E-01
    44   2.00000       1.85750      0.160018E-01
    45   2.00000       2.02500      0.162202E-01
    46   2.00000       1.91500      0.162459E-01
    47   2.00000       2.03000      0.156181E-01
    48   2.00000       2.08000      0.169367E-01
    49   2.00000       2.00750      0.164626E-01
    50   2.00000       2.04500      0.173459E-01
    51   2.00000       1.99500      0.172931E-01
    52   2.00000       2.02500      0.176769E-01
    53   2.00000       2.05750      0.169390E-01
    54   2.00000       1.96500      0.163257E-01
    55   2.00000       2.00500      0.165308E-01
    56   2.00000       2.20250      0.172304E-01
    57   2.00000       1.93000      0.167243E-01
    58   2.00000       1.84000      0.162177E-01
    59   2.00000       2.14750      0.168831E-01
    60   2.00000       2.09250      0.169375E-01
    61   2.00000       1.96500      0.160336E-01
    62   2.00000       2.04250      0.164566E-01
    63   2.00000       2.05750      0.172710E-01
    64   2.00000       2.00500      0.156781E-01
    65   2.00000       1.99000      0.161965E-01
    66   2.00000       1.89250      0.164000E-01
    67   2.00000       1.95500      0.165696E-01
    68   2.00000       2.11000      0.161910E-01
    69   2.00000       2.08000      0.169183E-01
    70   2.00000       2.05500      0.166479E-01
    71   2.00000       1.67000      0.157741E-01
    72   2.00000       2.06250      0.175185E-01
    73   2.00000       1.92250      0.167581E-01
    74   2.00000       2.03000      0.160770E-01
    75   2.00000       1.86500      0.158355E-01
    76   2.00000       2.06250      0.164584E-01
    77   2.00000       1.92250      0.167760E-01
    78   2.00000       2.02000      0.163886E-01
    79   2.00000       1.96750      0.170003E-01
    80   2.00000       1.97750      0.163040E-01
 
Area discrepancy =    4.43000    
 
  Area iteration     16
 
        Desired, Actual, Linear
  Cell  Volume   Volume  Weight
 
     1  0.500000      0.472500      0.827309E-02
     2  0.500000      0.492500      0.841919E-02
     3  0.500000      0.575000      0.901425E-02
     4  0.500000      0.475000      0.879165E-02
     5  0.500000      0.555000      0.838246E-02
     6  0.500000      0.522500      0.844440E-02
     7  0.500000      0.472500      0.935697E-02
     8  0.500000      0.515000      0.867221E-02
     9  0.500000      0.480000      0.797906E-02
    10  0.500000      0.487500      0.855810E-02
    11  0.500000      0.440000      0.789394E-02
    12  0.500000      0.397500      0.740312E-02
    13  0.500000      0.437500      0.830484E-02
    14  0.500000      0.567500      0.887705E-02
    15  0.500000      0.537500      0.922547E-02
    16  0.500000      0.597500      0.857331E-02
    17  0.500000      0.587500      0.972868E-02
    18  0.500000      0.485000      0.889664E-02
    19  0.500000      0.425000      0.796534E-02
    20  0.500000      0.490000      0.955110E-02
    21  0.500000      0.435000      0.911374E-02
    22  0.500000      0.515000      0.794385E-02
    23  0.500000      0.562500      0.897248E-02
    24  0.500000      0.452500      0.812984E-02
    25  0.500000      0.477500      0.822337E-02
    26  0.500000      0.457500      0.751347E-02
    27  0.500000      0.512500      0.828167E-02
    28  0.500000      0.495000      0.878753E-02
    29  0.500000      0.510000      0.817299E-02
    30  0.500000      0.462500      0.928487E-02
    31  0.500000      0.515000      0.835591E-02
    32  0.500000      0.467500      0.824070E-02
    33  0.500000      0.497500      0.795469E-02
    34  0.500000      0.530000      0.828163E-02
    35  0.500000      0.470000      0.768679E-02
    36  0.500000      0.557500      0.904546E-02
    37  0.500000      0.540000      0.804331E-02
    38  0.500000      0.512500      0.778552E-02
    39  0.500000      0.425000      0.760992E-02
    40  0.500000      0.465000      0.809735E-02
    41   2.00000       1.81000      0.159909E-01
    42   2.00000       2.05500      0.167814E-01
    43   2.00000       2.11250      0.169748E-01
    44   2.00000       2.15500      0.165697E-01
    45   2.00000       2.00500      0.160863E-01
    46   2.00000       2.06750      0.165680E-01
    47   2.00000       2.05250      0.154700E-01
    48   2.00000       2.07000      0.165733E-01
    49   2.00000       2.13500      0.163976E-01
    50   2.00000       1.97250      0.171183E-01
    51   2.00000       1.94250      0.172787E-01
    52   2.00000       2.08250      0.175310E-01
    53   2.00000       1.93000      0.166659E-01
    54   2.00000       2.00500      0.164362E-01
    55   2.00000       2.00500      0.164759E-01
    56   2.00000       1.99250      0.163851E-01
    57   2.00000       2.17250      0.169895E-01
    58   2.00000       2.06750      0.168730E-01
    59   2.00000       1.85250      0.162591E-01
    60   2.00000       2.16000      0.165244E-01
    61   2.00000       2.00500      0.161421E-01
    62   2.00000       1.99250      0.162506E-01
    63   2.00000       1.84000      0.169926E-01
    64   2.00000       1.98500      0.156260E-01
    65   2.00000       1.88500      0.162034E-01
    66   2.00000       1.88250      0.168243E-01
    67   2.00000       2.01500      0.167243E-01
    68   2.00000       1.93750      0.157305E-01
    69   2.00000       2.00500      0.165552E-01
    70   2.00000       1.88250      0.163895E-01
    71   2.00000       2.05500      0.172265E-01
    72   2.00000       1.92500      0.172151E-01
    73   2.00000       2.19500      0.170570E-01
    74   2.00000       1.93000      0.159245E-01
    75   2.00000       1.93500      0.163645E-01
    76   2.00000       1.78750      0.161734E-01
    77   2.00000       2.14250      0.170752E-01
    78   2.00000       2.02750      0.162734E-01
    79   2.00000       2.04750      0.171045E-01
    80   2.00000       2.00750      0.163624E-01
 
Area discrepancy =    4.71500    
 
  Area iteration     17
 
        Desired, Actual, Linear
  Cell  Volume   Volume  Weight
 
     1  0.500000      0.525000      0.849619E-02
     2  0.500000      0.507500      0.846885E-02
     3  0.500000      0.497500      0.839176E-02
     4  0.500000      0.517500      0.900493E-02
     5  0.500000      0.520000      0.794296E-02
     6  0.500000      0.567500      0.824675E-02
     7  0.500000      0.630000      0.960929E-02
     8  0.500000      0.485000      0.853068E-02
     9  0.500000      0.520000      0.812996E-02
    10  0.500000      0.550000      0.865261E-02
    11  0.500000      0.525000      0.840088E-02
    12  0.500000      0.452500      0.828902E-02
    13  0.500000      0.515000      0.886338E-02
    14  0.500000      0.485000      0.831846E-02
    15  0.500000      0.485000      0.888293E-02
    16  0.500000      0.487500      0.782955E-02
    17  0.500000      0.567500      0.895998E-02
    18  0.500000      0.572500      0.901804E-02
    19  0.500000      0.522500      0.862515E-02
    20  0.500000      0.555000      0.963191E-02
    21  0.500000      0.535000      0.975459E-02
    22  0.500000      0.487500      0.781420E-02
    23  0.500000      0.482500      0.844517E-02
    24  0.500000      0.502500      0.853158E-02
    25  0.500000      0.505000      0.840079E-02
    26  0.500000      0.547500      0.784156E-02
    27  0.500000      0.505000      0.816635E-02
    28  0.500000      0.502500      0.881701E-02
    29  0.500000      0.395000      0.807892E-02
    30  0.500000      0.555000      0.963778E-02
    31  0.500000      0.452500      0.821953E-02
    32  0.500000      0.602500      0.850806E-02
    33  0.500000      0.522500      0.796130E-02
    34  0.500000      0.542500      0.803036E-02
    35  0.500000      0.452500      0.791504E-02
    36  0.500000      0.505000      0.855196E-02
    37  0.500000      0.395000      0.772672E-02
    38  0.500000      0.450000      0.767712E-02
    39  0.500000      0.447500      0.824029E-02
    40  0.500000      0.517500      0.838250E-02
    41   2.00000       1.86750      0.167811E-01
    42   2.00000       1.98000      0.165276E-01
    43   2.00000       2.03500      0.164890E-01
    44   2.00000       1.98000      0.159359E-01
    45   2.00000       1.94750      0.160393E-01
    46   2.00000       2.02000      0.162680E-01
    47   2.00000       1.89000      0.152453E-01
    48   2.00000       1.83750      0.162634E-01
    49   2.00000       1.78500      0.158442E-01
    50   2.00000       1.93000      0.172084E-01
    51   2.00000       2.36250      0.175032E-01
    52   2.00000       2.02250      0.171514E-01
    53   2.00000       1.98000      0.169370E-01
    54   2.00000       1.99500      0.163882E-01
    55   2.00000       1.91750      0.164277E-01
    56   2.00000       1.86250      0.163884E-01
    57   2.00000       1.93750      0.162738E-01
    58   2.00000       2.02750      0.165675E-01
    59   2.00000       2.03250      0.168657E-01
    60   2.00000       2.05750      0.158740E-01
    61   2.00000       1.99500      0.160949E-01
    62   2.00000       1.93000      0.162539E-01
    63   2.00000       1.90500      0.176863E-01
    64   2.00000       2.00500      0.156586E-01
    65   2.00000       1.93750      0.166624E-01
    66   2.00000       2.05250      0.173124E-01
    67   2.00000       1.91750      0.166341E-01
    68   2.00000       1.73750      0.159555E-01
    69   2.00000       1.93250      0.165069E-01
    70   2.00000       2.14000      0.168649E-01
    71   2.00000       2.06500      0.169659E-01
    72   2.00000       1.94250      0.175179E-01
    73   2.00000       1.98250      0.162545E-01
    74   2.00000       1.95500      0.161836E-01
    75   2.00000       2.20000      0.166093E-01
    76   2.00000       2.12750      0.170791E-01
    77   2.00000       1.93500      0.164699E-01
    78   2.00000       1.98500      0.161356E-01
    79   2.00000       2.28750      0.168766E-01
    80   2.00000       2.10750      0.163044E-01
 
Area discrepancy =    4.96000    
 
  Area iteration     18
 
        Desired, Actual, Linear
  Cell  Volume   Volume  Weight
 
     1  0.500000      0.572500      0.829508E-02
     2  0.500000      0.415000      0.840974E-02
     3  0.500000      0.552500      0.841652E-02
     4  0.500000      0.565000      0.885526E-02
     5  0.500000      0.515000      0.779214E-02
     6  0.500000      0.375000      0.774419E-02
     7  0.500000      0.442500      0.856441E-02
     8  0.500000      0.442500      0.866540E-02
     9  0.500000      0.507500      0.797559E-02
    10  0.500000      0.417500      0.825358E-02
    11  0.500000      0.500000      0.820203E-02
    12  0.500000      0.550000      0.871706E-02
    13  0.500000      0.535000      0.873719E-02
    14  0.500000      0.472500      0.844984E-02
    15  0.500000      0.535000      0.902322E-02
    16  0.500000      0.502500      0.793278E-02
    17  0.500000      0.445000      0.841396E-02
    18  0.500000      0.455000      0.843142E-02
    19  0.500000      0.550000      0.844111E-02
    20  0.500000      0.510000      0.914623E-02
    21  0.500000      0.492500      0.943427E-02
    22  0.500000      0.437500      0.791723E-02
    23  0.500000      0.590000      0.860074E-02
    24  0.500000      0.575000      0.851408E-02
    25  0.500000      0.520000      0.836278E-02
    26  0.500000      0.450000      0.749698E-02
    27  0.500000      0.467500      0.812940E-02
    28  0.500000      0.540000      0.879892E-02
    29  0.500000      0.605000      0.909349E-02
    30  0.500000      0.552500      0.915180E-02
    31  0.500000      0.535000      0.864398E-02
    32  0.500000      0.495000      0.775404E-02
    33  0.500000      0.457500      0.779143E-02
    34  0.500000      0.457500      0.771278E-02
    35  0.500000      0.540000      0.832376E-02
    36  0.500000      0.427500      0.851326E-02
    37  0.500000      0.595000      0.869706E-02
    38  0.500000      0.490000      0.809595E-02
    39  0.500000      0.522500      0.871409E-02
    40  0.500000      0.490000      0.824317E-02
    41   2.00000       2.05250      0.173739E-01
    42   2.00000       2.05250      0.166182E-01
    43   2.00000       1.86250      0.163538E-01
    44   2.00000       1.92000      0.160233E-01
    45   2.00000       2.08500      0.162612E-01
    46   2.00000       2.09500      0.161944E-01
    47   2.00000       1.99750      0.156896E-01
    48   2.00000       1.96750      0.169748E-01
    49   2.00000       2.20000      0.167786E-01
    50   2.00000       1.93500      0.175254E-01
    51   2.00000       1.78500      0.161116E-01
    52   2.00000       1.78250      0.170633E-01
    53   2.00000       2.06250      0.170298E-01
    54   2.00000       2.05500      0.164159E-01
    55   2.00000       2.01750      0.167848E-01
    56   2.00000       2.13750      0.169900E-01
    57   2.00000       1.88500      0.165415E-01
    58   2.00000       1.84000      0.164620E-01
    59   2.00000       2.08750      0.167377E-01
    60   2.00000       1.90250      0.156575E-01
    61   2.00000       2.04500      0.161222E-01
    62   2.00000       2.08250      0.165533E-01
    63   2.00000       2.09500      0.181299E-01
    64   2.00000       1.87500      0.156460E-01
    65   2.00000       2.02250      0.169365E-01
    66   2.00000       2.12000      0.170970E-01
    67   2.00000       1.95500      0.169956E-01
    68   2.00000       2.25000      0.171259E-01
    69   2.00000       2.01750      0.168001E-01
    70   2.00000       2.02000      0.163111E-01
    71   2.00000       1.97000      0.167041E-01
    72   2.00000       2.14750      0.177831E-01
    73   2.00000       1.83500      0.163332E-01
    74   2.00000       2.17250      0.163760E-01
    75   2.00000       1.95000      0.158433E-01
    76   2.00000       1.85000      0.165667E-01
    77   2.00000       2.00000      0.167516E-01
    78   2.00000       1.99750      0.162036E-01
    79   2.00000       1.84250      0.157874E-01
    80   2.00000       1.93000      0.158901E-01
 
Area discrepancy =    5.57500    
 
  Area iteration     19
 
        Desired, Actual, Linear
  Cell  Volume   Volume  Weight
 
     1  0.500000      0.497500      0.774267E-02
     2  0.500000      0.587500      0.921969E-02
     3  0.500000      0.447500      0.799695E-02
     4  0.500000      0.522500      0.832022E-02
     5  0.500000      0.500000      0.766851E-02
     6  0.500000      0.542500      0.893136E-02
     7  0.500000      0.480000      0.909282E-02
     8  0.500000      0.590000      0.920004E-02
     9  0.500000      0.467500      0.790683E-02
    10  0.500000      0.595000      0.902135E-02
    11  0.500000      0.475000      0.819208E-02
    12  0.500000      0.535000      0.830131E-02
    13  0.500000      0.467500      0.843631E-02
    14  0.500000      0.492500      0.868171E-02
    15  0.500000      0.490000      0.871249E-02
    16  0.500000      0.517500      0.790342E-02
    17  0.500000      0.422500      0.890796E-02
    18  0.500000      0.495000      0.882780E-02
    19  0.500000      0.437500      0.803852E-02
    20  0.500000      0.452500      0.904513E-02
    21  0.500000      0.515000      0.949430E-02
    22  0.500000      0.497500      0.845360E-02
    23  0.500000      0.460000      0.790802E-02
    24  0.500000      0.477500      0.792979E-02
    25  0.500000      0.452500      0.819043E-02
    26  0.500000      0.545000      0.789292E-02
    27  0.500000      0.545000      0.839702E-02
    28  0.500000      0.490000      0.845649E-02
    29  0.500000      0.480000      0.825678E-02
    30  0.500000      0.430000      0.869557E-02
    31  0.500000      0.475000      0.834631E-02
    32  0.500000      0.455000      0.778365E-02
    33  0.500000      0.432500      0.813540E-02
    34  0.500000      0.552500      0.805329E-02
    35  0.500000      0.465000      0.799983E-02
    36  0.500000      0.507500      0.919572E-02
    37  0.500000      0.487500      0.796291E-02
    38  0.500000      0.532500      0.816822E-02
    39  0.500000      0.530000      0.851406E-02
    40  0.500000      0.535000      0.831676E-02
    41   2.00000       1.93750      0.171294E-01
    42   2.00000       1.93750      0.163844E-01
    43   2.00000       2.05000      0.169261E-01
    44   2.00000       1.96750      0.163338E-01
    45   2.00000       2.02750      0.159070E-01
    46   2.00000       1.78000      0.158038E-01
    47   2.00000       1.87000      0.156804E-01
    48   2.00000       2.17500      0.170936E-01
    49   2.00000       2.00250      0.159784E-01
    50   2.00000       2.08500      0.177957E-01
    51   2.00000       2.03250      0.170336E-01
    52   2.00000       2.11250      0.180524E-01
    53   2.00000       1.90500      0.167494E-01
    54   2.00000       2.04500      0.161751E-01
    55   2.00000       2.04250      0.166916E-01
    56   2.00000       2.05000      0.164145E-01
    57   2.00000       2.06750      0.170179E-01
    58   2.00000       2.25000      0.171420E-01
    59   2.00000       1.83500      0.163633E-01
    60   2.00000       1.92500      0.160343E-01
    61   2.00000       1.94000      0.159245E-01
    62   2.00000       1.84500      0.162025E-01
    63   2.00000       1.95000      0.176926E-01
    64   2.00000       2.06250      0.161395E-01
    65   2.00000       1.97250      0.168216E-01
    66   2.00000       1.91000      0.165860E-01
    67   2.00000       2.14750      0.171692E-01
    68   2.00000       1.99500      0.161269E-01
    69   2.00000       1.98500      0.167068E-01
    70   2.00000       2.13750      0.162105E-01
    71   2.00000       2.09250      0.168104E-01
    72   2.00000       1.93000      0.171407E-01
    73   2.00000       2.20500      0.170311E-01
    74   2.00000       1.88250      0.156933E-01
    75   2.00000       2.03000      0.160256E-01
    76   2.00000       2.04250      0.172044E-01
    77   2.00000       1.84000      0.167313E-01
    78   2.00000       2.03000      0.161940E-01
    79   2.00000       1.97500      0.164283E-01
    80   2.00000       2.05000      0.161561E-01
 
Area discrepancy =    4.78000    
 
  Area iteration     20
 
        Desired, Actual, Linear
  Cell  Volume   Volume  Weight
 
     1  0.500000      0.387500      0.774939E-02
     2  0.500000      0.477500      0.849153E-02
     3  0.500000      0.495000      0.843920E-02
     4  0.500000      0.482500      0.812579E-02
     5  0.500000      0.492500      0.765596E-02
     6  0.500000      0.557500      0.856035E-02
     7  0.500000      0.517500      0.926513E-02
     8  0.500000      0.515000      0.845546E-02
     9  0.500000      0.675000      0.816367E-02
    10  0.500000      0.422500      0.825632E-02
    11  0.500000      0.572500      0.839114E-02
    12  0.500000      0.520000      0.801204E-02
    13  0.500000      0.507500      0.871035E-02
    14  0.500000      0.510000      0.873324E-02
    15  0.500000      0.452500      0.878654E-02
    16  0.500000      0.462500      0.775593E-02
    17  0.500000      0.565000      0.967472E-02
    18  0.500000      0.522500      0.885776E-02
    19  0.500000      0.502500      0.857948E-02
    20  0.500000      0.505000      0.949247E-02
    21  0.500000      0.450000      0.933970E-02
    22  0.500000      0.557500      0.846095E-02
    23  0.500000      0.507500      0.823119E-02
    24  0.500000      0.562500      0.810118E-02
    25  0.500000      0.450000      0.859550E-02
    26  0.500000      0.462500      0.754768E-02
    27  0.500000      0.422500      0.802973E-02
    28  0.500000      0.510000      0.852837E-02
    29  0.500000      0.425000      0.841325E-02
    30  0.500000      0.522500      0.936133E-02
    31  0.500000      0.517500      0.854912E-02
    32  0.500000      0.545000      0.814613E-02
    33  0.500000      0.567500      0.873292E-02
    34  0.500000      0.530000      0.764858E-02
    35  0.500000      0.510000      0.828186E-02
    36  0.500000      0.540000      0.911258E-02
    37  0.500000      0.510000      0.805116E-02
    38  0.500000      0.495000      0.790208E-02
    39  0.500000      0.440000      0.825605E-02
    40  0.500000      0.500000      0.802695E-02
    41   2.00000       2.07500      0.173750E-01
    42   2.00000       2.06500      0.166193E-01
    43   2.00000       1.95250      0.166911E-01
    44   2.00000       1.93250      0.164412E-01
    45   2.00000       1.97250      0.157729E-01
    46   2.00000       2.19750      0.167246E-01
    47   2.00000       2.14250      0.161897E-01
    48   2.00000       1.83000      0.163647E-01
    49   2.00000       2.05000      0.159423E-01
    50   2.00000       2.01000      0.174006E-01
    51   2.00000       2.05500      0.168692E-01
    52   2.00000       1.95750      0.175364E-01
    53   2.00000       2.19500      0.171339E-01
    54   2.00000       1.94000      0.159700E-01
    55   2.00000       1.98500      0.164900E-01
    56   2.00000       1.92500      0.161866E-01
    57   2.00000       1.85500      0.167104E-01
    58   2.00000       1.92250      0.161352E-01
    59   2.00000       1.86000      0.170551E-01
    60   2.00000       2.07250      0.163169E-01
    61   2.00000       1.80750      0.161424E-01
    62   2.00000       2.13250      0.168417E-01
    63   2.00000       2.10250      0.178887E-01
    64   2.00000       1.92750      0.158670E-01
    65   2.00000       2.08750      0.169107E-01
    66   2.00000       2.12750      0.169445E-01
    67   2.00000       1.82000      0.165420E-01
    68   2.00000       1.90000      0.161206E-01
    69   2.00000       1.96000      0.167423E-01
    70   2.00000       2.02000      0.156548E-01
    71   2.00000       2.03750      0.164078E-01
    72   2.00000       2.05500      0.174202E-01
    73   2.00000       1.97500      0.161935E-01
    74   2.00000       1.91000      0.161492E-01
    75   2.00000       1.99750      0.158807E-01
    76   2.00000       2.00750      0.169966E-01
    77   2.00000       2.09250      0.174151E-01
    78   2.00000       2.00750      0.160476E-01
    79   2.00000       2.01000      0.165049E-01
    80   2.00000       1.86000      0.159317E-01
 
Area discrepancy =    4.78500    
 
Cell generators:
 
   1   0.811256E+01   0.651305E+01
   2   0.164501E+01   0.672986E+01
   3   0.551739E+01   0.681587E+01
   4   0.181929E+01   0.234133E+01
   5   0.965238E+01   0.814912E+01
   6   0.596531E+01   0.619806E+01
   7   0.428496E+00   0.843651E+01
   8   0.968959E+01   0.529294E+01
   9   0.253059E+01   0.204255E+01
  10   0.161341E+01   0.407083E+01
  11   0.441134E+01   0.819231E+01
  12   0.189701E+01   0.159951E+01
  13   0.378937E+01   0.964149E+01
  14   0.231287E+01   0.686648E+01
  15   0.342432E+01   0.310725E+01
  16   0.821024E+01   0.382006E+01
  17   0.709620E+01   0.966105E+01
  18   0.758182E+01   0.702388E+01
  19   0.420186E+01   0.318408E+01
  20   0.359157E+00   0.909539E+01
  21   0.411098E+00   0.971364E+01
  22   0.318885E+01   0.738694E+01
  23   0.760130E+01   0.166343E+01
  24   0.382382E+01   0.867516E+01
  25   0.751523E+01   0.373379E+01
  26   0.506852E+01   0.388696E+00
  27   0.628246E+01   0.702048E+01
  28   0.301580E+01   0.142224E+01
  29   0.380038E+01   0.783377E+01
  30   0.885164E+01   0.843810E+01
  31   0.324959E+01   0.820738E+01
  32   0.481347E+01   0.269715E+01
  33   0.521854E+01   0.607052E+01
  34   0.556907E+01   0.271786E+01
  35   0.192565E+01   0.603899E+01
  36   0.329408E+01   0.516511E+01
  37   0.811023E+01   0.583750E+01
  38   0.831436E+01   0.148796E+01
  39   0.967239E+01   0.739015E+01
  40   0.968792E+01   0.451617E+01
  41   0.313492E+01   0.621710E+01
  42   0.726517E+01   0.476554E+01
  43   0.476306E+01   0.931447E+01
  44   0.583437E+01   0.500757E+01
  45   0.654577E+01   0.198442E+01
  46   0.700542E+01   0.796144E+01
  47   0.923183E+01   0.649611E+00
  48   0.369924E+01   0.214501E+01
  49   0.218192E+01   0.499109E+01
  50   0.710678E+00   0.473080E+01
  51   0.864420E+01   0.492129E+01
  52   0.933303E+01   0.932015E+01
  53   0.781986E+00   0.662962E+00
  54   0.764040E+01   0.667403E+00
  55   0.141913E+01   0.923564E+01
  56   0.441031E+01   0.531677E+01
  57   0.850367E+01   0.754338E+01
  58   0.438712E+01   0.690551E+01
  59   0.611232E+01   0.925440E+01
  60   0.791487E+01   0.917832E+01
  61   0.504134E+01   0.379835E+01
  62   0.233930E+01   0.325176E+01
  63   0.750316E+00   0.199829E+01
  64   0.511664E+01   0.159338E+01
  65   0.762188E+00   0.606248E+01
  66   0.929651E+01   0.213016E+01
  67   0.766150E+00   0.332335E+01
  68   0.788567E+01   0.270415E+01
  69   0.546995E+01   0.787524E+01
  70   0.930086E+01   0.354163E+01
  71   0.237674E+01   0.662208E+00
  72   0.716709E+00   0.746359E+01
  73   0.356483E+01   0.413127E+01
  74   0.644381E+01   0.345379E+01
  75   0.394409E+01   0.662332E+00
  76   0.279626E+01   0.928189E+01
  77   0.212797E+01   0.791575E+01
  78   0.930026E+01   0.633140E+01
  79   0.700307E+01   0.620169E+01
  80   0.617882E+01   0.643012E+00
 
Cell volumes:
 
   1   0.387500E+00
   2   0.477500E+00
   3   0.495000E+00
   4   0.482500E+00
   5   0.492500E+00
   6   0.557500E+00
   7   0.517500E+00
   8   0.515000E+00
   9   0.675000E+00
  10   0.422500E+00
  11   0.572500E+00
  12   0.520000E+00
  13   0.507500E+00
  14   0.510000E+00
  15   0.452500E+00
  16   0.462500E+00
  17   0.565000E+00
  18   0.522500E+00
  19   0.502500E+00
  20   0.505000E+00
  21   0.450000E+00
  22   0.557500E+00
  23   0.507500E+00
  24   0.562500E+00
  25   0.450000E+00
  26   0.462500E+00
  27   0.422500E+00
  28   0.510000E+00
  29   0.425000E+00
  30   0.522500E+00
  31   0.517500E+00
  32   0.545000E+00
  33   0.567500E+00
  34   0.530000E+00
  35   0.510000E+00
  36   0.540000E+00
  37   0.510000E+00
  38   0.495000E+00
  39   0.440000E+00
  40   0.500000E+00
  41   0.207500E+01
  42   0.206500E+01
  43   0.195250E+01
  44   0.193250E+01
  45   0.197250E+01
  46   0.219750E+01
  47   0.214250E+01
  48   0.183000E+01
  49   0.205000E+01
  50   0.201000E+01
  51   0.205500E+01
  52   0.195750E+01
  53   0.219500E+01
  54   0.194000E+01
  55   0.198500E+01
  56   0.192500E+01
  57   0.185500E+01
  58   0.192250E+01
  59   0.186000E+01
  60   0.207250E+01
  61   0.180750E+01
  62   0.213250E+01
  63   0.210250E+01
  64   0.192750E+01
  65   0.208750E+01
  66   0.212750E+01
  67   0.182000E+01
  68   0.190000E+01
  69   0.196000E+01
  70   0.202000E+01
  71   0.203750E+01
  72   0.205500E+01
  73   0.197500E+01
  74   0.191000E+01
  75   0.199750E+01
  76   0.200750E+01
  77   0.209250E+01
  78   0.200750E+01
  79   0.201000E+01
  80   0.186000E+01
 
CVT_SIZE_PRB
  Normal end of execution.
 
December  3 2002   9:39:03.831 AM
