December  4 2002   6:52:35.300 AM
 
CVT_SIZE_PRB
  A sample problem for the probabilistic
  sized Centroidal Voronoi Tesselation algorithm.
 
  Given a region in 2D, the problem is to determine
  GENERATORS, a set of points which define a division
  of the region into Voronoid cells, which are also
  CENTROIDS of the Voronoi cells, and which have a 
  certain SIZE.
 
 
Geometry parameters:
-------------------
 
  The spatial dimension is DIM_NUM =   2
 
  The minimum corner of the bounding box is:
    0.0000    0.0000
  The maximum corner of the bounding box is:
   10.0000   10.0000
 
CVT Algorithm parameters:
-------------------------
 
  The number of Voronoi cells to generate:     80
  Number of iterations to determine CVT:      1
  Number of sampling points:  40000
  Voronoi cell generators are initialized by RANDOM_NUMBER.
 
  The desired CVT cell volumes and initial weights are:
 
 1  0.786163E-02  0.105289E-02
 2  0.393082E-01  0.235434E-02
 3  0.707547E-01  0.315868E-02
 4  0.102201      0.379626E-02
 5  0.133648      0.434119E-02
 6  0.165094      0.482497E-02
 7  0.196541      0.526447E-02
 8  0.227987      0.567001E-02
 9  0.259434      0.604842E-02
10  0.290881      0.640451E-02
11  0.322327      0.674181E-02
12  0.353774      0.706303E-02
13  0.385220      0.737026E-02
14  0.416667      0.766519E-02
15  0.448113      0.794918E-02
16  0.479560      0.822337E-02
17  0.511006      0.848870E-02
18  0.542453      0.874600E-02
19  0.573899      0.899593E-02
20  0.605346      0.923911E-02
21  0.636792      0.947605E-02
22  0.668239      0.970720E-02
23  0.699686      0.993298E-02
24  0.731132      0.101537E-01
25  0.762579      0.103698E-01
26  0.794025      0.105815E-01
27  0.825472      0.107890E-01
28  0.856918      0.109925E-01
29  0.888365      0.111924E-01
30  0.919811      0.113888E-01
31  0.951258      0.115818E-01
32  0.982704      0.117717E-01
33   1.01415      0.119586E-01
34   1.04560      0.121426E-01
35   1.07704      0.123238E-01
36   1.10849      0.125024E-01
37   1.13994      0.126785E-01
38   1.17138      0.128522E-01
39   1.20283      0.130236E-01
40   1.23428      0.131927E-01
41   1.26572      0.133597E-01
42   1.29717      0.135247E-01
43   1.32862      0.136876E-01
44   1.36006      0.138487E-01
45   1.39151      0.140078E-01
46   1.42296      0.141652E-01
47   1.45440      0.143209E-01
48   1.48585      0.144749E-01
49   1.51730      0.146273E-01
50   1.54874      0.147781E-01
51   1.58019      0.149274E-01
52   1.61164      0.150752E-01
53   1.64308      0.152215E-01
54   1.67453      0.153665E-01
55   1.70597      0.155101E-01
56   1.73742      0.156524E-01
57   1.76887      0.157934E-01
58   1.80031      0.159332E-01
59   1.83176      0.160717E-01
60   1.86321      0.162091E-01
61   1.89465      0.163453E-01
62   1.92610      0.164804E-01
63   1.95755      0.166144E-01
64   1.98899      0.167473E-01
65   2.02044      0.168792E-01
66   2.05189      0.170100E-01
67   2.08333      0.171399E-01
68   2.11478      0.172687E-01
69   2.14623      0.173967E-01
70   2.17767      0.175237E-01
71   2.20912      0.176497E-01
72   2.24057      0.177749E-01
73   2.27201      0.178992E-01
74   2.30346      0.180226E-01
75   2.33491      0.181452E-01
76   2.36635      0.182670E-01
77   2.39780      0.183880E-01
78   2.42925      0.185082E-01
79   2.46069      0.186276E-01
80   2.49214      0.187462E-01
 
 
Nearest Neighbor Search parameters:
-----------------------------------
 
  The nearest neighbor search is not speeded up.
  The nearest neighbor search is done by exhaustion.
 
 
Miscellaneous parameters:
------------------------
 
  Generator and moment output files WILL be written.
 
 
RANDOM_INITIALIZE
  Initialize RANDOM_NUMBER with arbitrary SEED =    501664024
 
  Initializing the cell generators.
 
  Carry out the CVT iteration.
 
  Area iteration      1
 
        Desired, Actual, Linear
  Cell  Volume   Volume  Weight
 
     1  0.786163E-02   0.00000      0.105289E-02
     2  0.393082E-01  0.500000E-01  0.235434E-02
     3  0.707547E-01  0.475000E-01  0.315868E-02
     4  0.102201      0.127500      0.379626E-02
     5  0.133648      0.975000E-01  0.434119E-02
     6  0.165094      0.102500      0.482497E-02
     7  0.196541      0.267500      0.526447E-02
     8  0.227987      0.295000      0.567001E-02
     9  0.259434      0.312500      0.604842E-02
    10  0.290881      0.297500      0.640451E-02
    11  0.322327      0.242500      0.674181E-02
    12  0.353774      0.260000      0.706303E-02
    13  0.385220      0.300000      0.737026E-02
    14  0.416667      0.402500      0.766519E-02
    15  0.448113      0.512500      0.794918E-02
    16  0.479560      0.402500      0.822337E-02
    17  0.511006      0.457500      0.848870E-02
    18  0.542453      0.367500      0.874600E-02
    19  0.573899      0.707500      0.899593E-02
    20  0.605346      0.510000      0.923911E-02
    21  0.636792      0.597500      0.947605E-02
    22  0.668239      0.592500      0.970720E-02
    23  0.699686      0.885000      0.993298E-02
    24  0.731132      0.740000      0.101537E-01
    25  0.762579      0.647500      0.103698E-01
    26  0.794025      0.730000      0.105815E-01
    27  0.825472      0.920000      0.107890E-01
    28  0.856918       1.10000      0.109925E-01
    29  0.888365      0.770000      0.111924E-01
    30  0.919811      0.892500      0.113888E-01
    31  0.951258      0.957500      0.115818E-01
    32  0.982704       1.14750      0.117717E-01
    33   1.01415       1.11500      0.119586E-01
    34   1.04560       1.14000      0.121426E-01
    35   1.07704       1.09250      0.123238E-01
    36   1.10849       1.25000      0.125024E-01
    37   1.13994       1.28500      0.126785E-01
    38   1.17138       1.22250      0.128522E-01
    39   1.20283      0.992500      0.130236E-01
    40   1.23428       1.28250      0.131927E-01
    41   1.26572       1.32250      0.133597E-01
    42   1.29717       1.40500      0.135247E-01
    43   1.32862       1.27750      0.136876E-01
    44   1.36006       1.39250      0.138487E-01
    45   1.39151       1.65500      0.140078E-01
    46   1.42296       1.29000      0.141652E-01
    47   1.45440       1.06500      0.143209E-01
    48   1.48585       1.58000      0.144749E-01
    49   1.51730       1.56250      0.146273E-01
    50   1.54874       1.66250      0.147781E-01
    51   1.58019       1.44250      0.149274E-01
    52   1.61164       1.90500      0.150752E-01
    53   1.64308       1.61750      0.152215E-01
    54   1.67453       1.66250      0.153665E-01
    55   1.70597       1.55500      0.155101E-01
    56   1.73742       1.57750      0.156524E-01
    57   1.76887       1.73250      0.157934E-01
    58   1.80031       1.61500      0.159332E-01
    59   1.83176       1.53500      0.160717E-01
    60   1.86321       1.84250      0.162091E-01
    61   1.89465       2.04500      0.163453E-01
    62   1.92610       1.92750      0.164804E-01
    63   1.95755       2.23500      0.166144E-01
    64   1.98899       2.07000      0.167473E-01
    65   2.02044       2.00250      0.168792E-01
    66   2.05189       2.03250      0.170100E-01
    67   2.08333       2.35500      0.171399E-01
    68   2.11478       2.02750      0.172687E-01
    69   2.14623       2.01750      0.173967E-01
    70   2.17767       1.97000      0.175237E-01
    71   2.20912       1.76750      0.176497E-01
    72   2.24057       2.22750      0.177749E-01
    73   2.27201       2.25250      0.178992E-01
    74   2.30346       2.22500      0.180226E-01
    75   2.33491       2.47750      0.181452E-01
    76   2.36635       2.30500      0.182670E-01
    77   2.39780       2.40500      0.183880E-01
    78   2.42925       2.45500      0.185082E-01
    79   2.46069       3.01750      0.186276E-01
    80   2.49214       2.36750      0.187462E-01
 
Area discrepancy =    8.50465    
 
  Area iteration      2
 
        Desired, Actual, Linear
  Cell  Volume   Volume  Weight
 
     1  0.786163E-02  0.500000E-02  0.130677E-02
     2  0.393082E-01  0.275000E-01  0.207267E-02
     3  0.707547E-01  0.112500      0.382773E-02
     4  0.102201      0.975000E-01  0.337469E-02
     5  0.133648      0.147500      0.504652E-02
     6  0.165094      0.192500      0.598837E-02
     7  0.196541      0.132500      0.448047E-02
     8  0.227987      0.210000      0.494917E-02
     9  0.259434      0.207500      0.547185E-02
    10  0.290881      0.307500      0.628787E-02
    11  0.322327      0.417500      0.771744E-02
    12  0.353774      0.432500      0.818033E-02
    13  0.385220      0.362500      0.829241E-02
    14  0.416667      0.430000      0.774352E-02
    15  0.448113      0.480000      0.738029E-02
    16  0.479560      0.522500      0.891235E-02
    17  0.511006      0.572500      0.890765E-02
    18  0.542453      0.672500      0.105503E-01
    19  0.573899      0.490000      0.804461E-02
    20  0.605346      0.527500      0.999427E-02
    21  0.636792      0.580000      0.971318E-02
    22  0.668239      0.797500      0.102358E-01
    23  0.699686      0.525000      0.876927E-02
    24  0.731132      0.817500      0.100210E-01
    25  0.762579      0.627500      0.111737E-01
    26  0.794025      0.835000      0.109573E-01
    27  0.825472      0.725000      0.101471E-01
    28  0.856918      0.867500      0.963331E-02
    29  0.888365      0.970000      0.119365E-01
    30  0.919811      0.935000      0.114796E-01
    31  0.951258       1.04000      0.114620E-01
    32  0.982704      0.990000      0.108163E-01
    33   1.01415       1.05500      0.113239E-01
    34   1.04560       1.05000      0.115463E-01
    35   1.07704       1.13250      0.121494E-01
    36   1.10849       1.07000      0.116899E-01
    37   1.13994       1.04500      0.118566E-01
    38   1.17138       1.00750      0.124913E-01
    39   1.20283       1.38750      0.142355E-01
    40   1.23428       1.24750      0.128504E-01
    41   1.26572       1.29000      0.129770E-01
    42   1.29717       1.28750      0.129030E-01
    43   1.32862       1.43500      0.138596E-01
    44   1.36006       1.36250      0.135892E-01
    45   1.39151       1.41500      0.127532E-01
    46   1.42296       1.35250      0.147716E-01
    47   1.45440       1.65250      0.166166E-01
    48   1.48585       1.45500      0.139373E-01
    49   1.51730       1.59000      0.143117E-01
    50   1.54874       1.70750      0.141622E-01
    51   1.58019       1.79500      0.155126E-01
    52   1.61164       1.44000      0.137674E-01
    53   1.64308       1.85000      0.152324E-01
    54   1.67453       1.61750      0.153124E-01
    55   1.70597       1.66750      0.161302E-01
    56   1.73742       1.72750      0.163100E-01
    57   1.76887       1.90250      0.158450E-01
    58   1.80031       1.78500      0.167030E-01
    59   1.83176       1.77750      0.174320E-01
    60   1.86321       1.89250      0.161841E-01
    61   1.89465       1.58750      0.156212E-01
    62   1.92610       1.85500      0.163574E-01
    63   1.95755       2.04750      0.154385E-01
    64   1.98899       1.79250      0.162997E-01
    65   2.02044       2.01250      0.168342E-01
    66   2.05189       2.04000      0.169696E-01
    67   2.08333       2.18750      0.160065E-01
    68   2.11478       2.16750      0.175112E-01
    69   2.14623       1.71750      0.178156E-01
    70   2.17767       1.91250      0.182933E-01
    71   2.20912       2.35750      0.195917E-01
    72   2.24057       2.23250      0.177003E-01
    73   2.27201       2.47250      0.178489E-01
    74   2.30346       2.35500      0.182074E-01
    75   2.33491       2.38750      0.174902E-01
    76   2.36635       2.18000      0.183771E-01
    77   2.39780       2.44500      0.182300E-01
    78   2.42925       2.52750      0.182801E-01
    79   2.46069       2.19000      0.167019E-01
    80   2.49214       2.47750      0.190968E-01
 
Area discrepancy =    6.65594    
 
  Area iteration      3
 
        Desired, Actual, Linear
  Cell  Volume   Volume  Weight
 
     1  0.786163E-02  0.125000E-01  0.163182E-02
     2  0.393082E-01  0.225000E-01  0.247554E-02
     3  0.707547E-01  0.650000E-01  0.303254E-02
     4  0.102201      0.900000E-01  0.345163E-02
     5  0.133648      0.127500      0.479890E-02
     6  0.165094      0.172500      0.554018E-02
     7  0.196541      0.227500      0.545138E-02
     8  0.227987      0.180000      0.515161E-02
     9  0.259434      0.225000      0.611228E-02
    10  0.290881      0.277500      0.610946E-02
    11  0.322327      0.392500      0.677420E-02
    12  0.353774      0.322500      0.739104E-02
    13  0.385220      0.337500      0.853976E-02
    14  0.416667      0.422500      0.761488E-02
    15  0.448113      0.370000      0.712379E-02
    16  0.479560      0.507500      0.852972E-02
    17  0.511006      0.540000      0.840723E-02
    18  0.542453      0.645000      0.946597E-02
    19  0.573899      0.630000      0.869740E-02
    20  0.605346      0.847500      0.106956E-01
    21  0.636792      0.680000      0.101674E-01
    22  0.668239      0.610000      0.936020E-02
    23  0.699686      0.660000      0.101135E-01
    24  0.731132      0.745000      0.946741E-02
    25  0.762579      0.840000      0.123054E-01
    26  0.794025      0.775000      0.106744E-01
    27  0.825472      0.880000      0.108165E-01
    28  0.856918      0.755000      0.956478E-02
    29  0.888365      0.680000      0.114118E-01
    30  0.919811      0.887500      0.113746E-01
    31  0.951258      0.885000      0.109511E-01
    32  0.982704       1.02000      0.107656E-01
    33   1.01415      0.957500      0.110914E-01
    34   1.04560       1.12000      0.115106E-01
    35   1.07704       1.09000      0.118363E-01
    36   1.10849       1.04250      0.118863E-01
    37   1.13994       1.04500      0.123711E-01
    38   1.17138       1.02000      0.134555E-01
    39   1.20283       1.06000      0.132410E-01
    40   1.23428       1.22750      0.127693E-01
    41   1.26572       1.31250      0.128414E-01
    42   1.29717       1.32750      0.129384E-01
    43   1.32862       1.26000      0.133226E-01
    44   1.36006       1.31000      0.135634E-01
    45   1.39151       1.33000      0.126342E-01
    46   1.42296       1.48500      0.151363E-01
    47   1.45440       1.42500      0.155732E-01
    48   1.48585       1.46250      0.140702E-01
    49   1.51730       1.45500      0.139667E-01
    50   1.54874       1.39250      0.134742E-01
    51   1.58019       1.72000      0.145402E-01
    52   1.61164       1.64500      0.145502E-01
    53   1.64308       1.68250      0.143409E-01
    54   1.67453       1.58000      0.155644E-01
    55   1.70597       1.75750      0.162989E-01
    56   1.73742       1.58000      0.163403E-01
    57   1.76887       1.65000      0.152630E-01
    58   1.80031       1.79250      0.167577E-01
    59   1.83176       2.00250      0.176783E-01
    60   1.86321       1.89250      0.160423E-01
    61   1.89465       2.04500      0.170486E-01
    62   1.92610       2.06500      0.166512E-01
    63   1.95755       1.97750      0.150805E-01
    64   1.98899       2.06250      0.171527E-01
    65   2.02044       2.22250      0.168505E-01
    66   2.05189       2.11250      0.170019E-01
    67   2.08333       1.80250      0.156051E-01
    68   2.11478       2.12250      0.172796E-01
    69   2.14623       2.33250      0.198955E-01
    70   2.17767       2.13750      0.195008E-01
    71   2.20912       2.48500      0.189461E-01
    72   2.24057       2.21000      0.177145E-01
    73   2.27201       2.10000      0.170928E-01
    74   2.30346       2.45000      0.179890E-01
    75   2.33491       2.15250      0.172792E-01
    76   2.36635       2.35500      0.191272E-01
    77   2.39780       2.24000      0.180351E-01
    78   2.42925       2.51000      0.179033E-01
    79   2.46069       2.62250      0.176863E-01
    80   2.49214       2.53750      0.191339E-01
 
Area discrepancy =    6.08689    
 
  Area iteration      4
 
        Desired, Actual, Linear
  Cell  Volume   Volume  Weight
 
     1  0.786163E-02  0.500000E-02  0.129062E-02
     2  0.393082E-01  0.825000E-01  0.308606E-02
     3  0.707547E-01  0.850000E-01  0.315538E-02
     4  0.102201      0.117500      0.366822E-02
     5  0.133648      0.227500      0.489995E-02
     6  0.165094      0.222500      0.540530E-02
     7  0.196541      0.210000      0.505320E-02
     8  0.227987      0.237500      0.578210E-02
     9  0.259434      0.287500      0.654560E-02
    10  0.290881      0.305000      0.623811E-02
    11  0.322327      0.272500      0.612224E-02
    12  0.353774      0.407500      0.772018E-02
    13  0.385220      0.475000      0.909887E-02
    14  0.416667      0.432500      0.754168E-02
    15  0.448113      0.507500      0.781859E-02
    16  0.479560      0.485000      0.826918E-02
    17  0.511006      0.540000      0.815630E-02
    18  0.542453      0.472500      0.865746E-02
    19  0.573899      0.525000      0.827868E-02
    20  0.605346      0.477500      0.901493E-02
    21  0.636792      0.615000      0.981250E-02
    22  0.668239      0.747500      0.977036E-02
    23  0.699686      0.707500      0.103849E-01
    24  0.731132      0.632500      0.935352E-02
    25  0.762579      0.847500      0.116929E-01
    26  0.794025      0.797500      0.107754E-01
    27  0.825472      0.862500      0.104477E-01
    28  0.856918      0.647500      0.101624E-01
    29  0.888365       1.11750      0.130082E-01
    30  0.919811      0.892500      0.115485E-01
    31  0.951258      0.862500      0.113230E-01
    32  0.982704      0.875000      0.105384E-01
    33   1.01415       1.00000      0.113840E-01
    34   1.04560      0.965000      0.110916E-01
    35   1.07704      0.992500      0.117340E-01
    36   1.10849       1.03750      0.122236E-01
    37   1.13994       1.26000      0.128859E-01
    38   1.17138       1.23250      0.143804E-01
    39   1.20283       1.31000      0.140668E-01
    40   1.23428       1.12000      0.127699E-01
    41   1.26572       1.37500      0.125764E-01
    42   1.29717       1.22250      0.127552E-01
    43   1.32862       1.33000      0.136436E-01
    44   1.36006       1.49250      0.137828E-01
    45   1.39151       1.08750      0.128881E-01
    46   1.42296       1.47500      0.147767E-01
    47   1.45440       1.45250      0.156905E-01
    48   1.48585       1.50000      0.141437E-01
    49   1.51730       1.50250      0.142240E-01
    50   1.54874       1.52000      0.141717E-01
    51   1.58019       1.56250      0.138990E-01
    52   1.61164       1.45750      0.143629E-01
    53   1.64308       1.49250      0.141336E-01
    54   1.67453       1.73250      0.159799E-01
    55   1.70597       1.67000      0.160148E-01
    56   1.73742       1.91000      0.170887E-01
    57   1.76887       1.91750      0.157605E-01
    58   1.80031       1.82250      0.167488E-01
    59   1.83176       1.85250      0.168622E-01
    60   1.86321       1.80750      0.158746E-01
    61   1.89465       1.85500      0.163656E-01
    62   1.92610       1.92250      0.160380E-01
    63   1.95755       1.62250      0.149636E-01
    64   1.98899       2.13000      0.167987E-01
    65   2.02044       1.96500      0.160228E-01
    66   2.05189       1.99250      0.167109E-01
    67   2.08333       1.93000      0.167314E-01
    68   2.11478       2.25750      0.172016E-01
    69   2.14623       2.49000      0.190330E-01
    70   2.17767       2.60250      0.196300E-01
    71   2.20912       2.31000      0.178152E-01
    72   2.24057       2.27250      0.177884E-01
    73   2.27201       2.32000      0.177310E-01
    74   2.30346       2.15500      0.173956E-01
    75   2.33491       2.17250      0.179477E-01
    76   2.36635       2.32750      0.191214E-01
    77   2.39780       2.56750      0.186091E-01
    78   2.42925       2.24750      0.175653E-01
    79   2.46069       2.07000      0.170857E-01
    80   2.49214       2.71000      0.189108E-01
 
Area discrepancy =    7.24877    
 
  Area iteration      5
 
        Desired, Actual, Linear
  Cell  Volume   Volume  Weight
 
     1  0.786163E-02  0.750000E-02  0.161488E-02
     2  0.393082E-01  0.300000E-01  0.213231E-02
     3  0.707547E-01  0.850000E-01  0.288173E-02
     4  0.102201      0.775000E-01  0.342450E-02
     5  0.133648      0.132500      0.375936E-02
     6  0.165094      0.132500      0.466072E-02
     7  0.196541      0.195000      0.489346E-02
     8  0.227987      0.207500      0.567077E-02
     9  0.259434      0.317500      0.622410E-02
    10  0.290881      0.237500      0.609807E-02
    11  0.322327      0.350000      0.666512E-02
    12  0.353774      0.290000      0.720044E-02
    13  0.385220      0.440000      0.820215E-02
    14  0.416667      0.467500      0.740972E-02
    15  0.448113      0.370000      0.735422E-02
    16  0.479560      0.477500      0.823087E-02
    17  0.511006      0.437500      0.794222E-02
    18  0.542453      0.522500      0.928545E-02
    19  0.573899      0.537500      0.866427E-02
    20  0.605346      0.757500      0.101604E-01
    21  0.636792      0.687500      0.999479E-02
    22  0.668239      0.565000      0.924705E-02
    23  0.699686      0.722500      0.103377E-01
    24  0.731132      0.715000      0.100664E-01
    25  0.762579      0.792500      0.111027E-01
    26  0.794025      0.827500      0.107626E-01
    27  0.825472      0.835000      0.102312E-01
    28  0.856918      0.900000      0.117025E-01
    29  0.888365      0.987500      0.116097E-01
    30  0.919811      0.902500      0.117355E-01
    31  0.951258       1.01250      0.119032E-01
    32  0.982704       1.03750      0.111793E-01
    33   1.01415      0.917500      0.114756E-01
    34   1.04560       1.02750      0.115570E-01
    35   1.07704       1.11500      0.122357E-01
    36   1.10849       1.12750      0.126475E-01
    37   1.13994       1.10750      0.122688E-01
    38   1.17138       1.21250      0.140333E-01
    39   1.20283       1.32750      0.134926E-01
    40   1.23428       1.35250      0.134189E-01
    41   1.26572       1.11250      0.120783E-01
    42   1.29717       1.26750      0.131520E-01
    43   1.32862       1.31750      0.136501E-01
    44   1.36006       1.20250      0.131702E-01
    45   1.39151       1.36500      0.145932E-01
    46   1.42296       1.50000      0.145281E-01
    47   1.45440       1.62000      0.157164E-01
    48   1.48585       1.35000      0.140908E-01
    49   1.51730       1.41750      0.143081E-01
    50   1.54874       1.56500      0.143193E-01
    51   1.58019       1.50500      0.139914E-01
    52   1.61164       1.70250      0.151184E-01
    53   1.64308       1.62500      0.148443E-01
    54   1.67453       1.71250      0.157259E-01
    55   1.70597       1.82750      0.162025E-01
    56   1.73742       1.68750      0.163146E-01
    57   1.76887       1.69000      0.151525E-01
    58   1.80031       1.81000      0.166631E-01
    59   1.83176       1.95000      0.167842E-01
    60   1.86321       2.01750      0.161335E-01
    61   1.89465       2.11250      0.165560E-01
    62   1.92610       1.82750      0.160690E-01
    63   1.95755       1.74500      0.164525E-01
    64   1.98899       1.74500      0.162493E-01
    65   2.02044       1.93500      0.162634E-01
    66   2.05189       2.08500      0.169750E-01
    67   2.08333       1.89250      0.174006E-01
    68   2.11478       1.89500      0.166655E-01
    69   2.14623       2.28750      0.176879E-01
    70   2.17767       2.26500      0.179743E-01
    71   2.20912       2.27250      0.174392E-01
    72   2.24057       2.25000      0.176805E-01
    73   2.27201       2.11500      0.175641E-01
    74   2.30346       2.42750      0.180027E-01
    75   2.33491       2.30750      0.186250E-01
    76   2.36635       2.56750      0.192996E-01
    77   2.39780       2.23250      0.180015E-01
    78   2.42925       2.45250      0.182799E-01
    79   2.46069       2.59750      0.186470E-01
    80   2.49214       2.49750      0.181528E-01
 
Area discrepancy =    5.87579    
 
  Area iteration      6
 
        Desired, Actual, Linear
  Cell  Volume   Volume  Weight
 
     1  0.786163E-02  0.250000E-02  0.165012E-02
     2  0.393082E-01  0.300000E-01  0.243601E-02
     3  0.707547E-01  0.425000E-01  0.262403E-02
     4  0.102201      0.750000E-01  0.392484E-02
     5  0.133648      0.825000E-01  0.376821E-02
     6  0.165094      0.197500      0.519229E-02
     7  0.196541      0.235000      0.490312E-02
     8  0.227987      0.222500      0.593248E-02
     9  0.259434      0.247500      0.561521E-02
    10  0.290881      0.245000      0.673544E-02
    11  0.322327      0.282500      0.638367E-02
    12  0.353774      0.392500      0.793725E-02
    13  0.385220      0.362500      0.765955E-02
    14  0.416667      0.415000      0.698157E-02
    15  0.448113      0.485000      0.807750E-02
    16  0.479560      0.492500      0.823243E-02
    17  0.511006      0.482500      0.856671E-02
    18  0.542453      0.627500      0.944253E-02
    19  0.573899      0.450000      0.893528E-02
    20  0.605346      0.532500      0.906500E-02
    21  0.636792      0.605000      0.960028E-02
    22  0.668239      0.657500      0.100367E-01
    23  0.699686      0.657500      0.101532E-01
    24  0.731132      0.702500      0.101594E-01
    25  0.762579      0.817500      0.108697E-01
    26  0.794025      0.800000      0.105220E-01
    27  0.825472      0.700000      0.101527E-01
    28  0.856918      0.777500      0.113966E-01
    29  0.888365      0.835000      0.109900E-01
    30  0.919811      0.972500      0.118243E-01
    31  0.951258      0.952500      0.115149E-01
    32  0.982704      0.952500      0.108587E-01
    33   1.01415      0.935000      0.120413E-01
    34   1.04560      0.935000      0.116355E-01
    35   1.07704       1.03000      0.120021E-01
    36   1.10849       1.17250      0.125158E-01
    37   1.13994       1.22250      0.124228E-01
    38   1.17138       1.05750      0.137663E-01
    39   1.20283       1.39500      0.128182E-01
    40   1.23428       1.27000      0.127939E-01
    41   1.26572       1.28000      0.128580E-01
    42   1.29717       1.11500      0.132790E-01
    43   1.32862       1.34000      0.136807E-01
    44   1.36006       1.41000      0.139790E-01
    45   1.39151       1.42500      0.147054E-01
    46   1.42296       1.49000      0.141224E-01
    47   1.45440       1.45250      0.148623E-01
    48   1.48585       1.43000      0.147538E-01
    49   1.51730       1.60250      0.147742E-01
    50   1.54874       1.39000      0.142168E-01
    51   1.58019       1.54000      0.143085E-01
    52   1.61164       1.61250      0.146805E-01
    53   1.64308       1.51750      0.148974E-01
    54   1.67453       1.66750      0.155201E-01
    55   1.70597       1.70500      0.156238E-01
    56   1.73742       1.88500      0.165218E-01
    57   1.76887       1.78250      0.154716E-01
    58   1.80031       2.00250      0.165859E-01
    59   1.83176       1.95750      0.162355E-01
    60   1.86321       1.91000      0.154739E-01
    61   1.89465       2.04500      0.156484E-01
    62   1.92610       1.84500      0.164644E-01
    63   1.95755       1.98500      0.173916E-01
    64   1.98899       1.97500      0.173142E-01
    65   2.02044       2.08750      0.165860E-01
    66   2.05189       2.14500      0.168066E-01
    67   2.08333       2.07000      0.182211E-01
    68   2.11478       2.16250      0.175709E-01
    69   2.14623       2.22500      0.170994E-01
    70   2.17767       2.13250      0.175899E-01
    71   2.20912       2.06750      0.171606E-01
    72   2.24057       2.10000      0.176088E-01
    73   2.27201       2.09000      0.181687E-01
    74   2.30346       2.30750      0.175023E-01
    75   2.33491       2.40750      0.186986E-01
    76   2.36635       2.62250      0.184918E-01
    77   2.39780       2.47750      0.186195E-01
    78   2.42925       2.60500      0.181574E-01
    79   2.46069       2.36500      0.181137E-01
    80   2.49214       2.42000      0.180978E-01
 
Area discrepancy =    5.16918    
 
  Area iteration      7
 
        Desired, Actual, Linear
  Cell  Volume   Volume  Weight
 
     1  0.786163E-02  0.325000E-01  0.205210E-02
     2  0.393082E-01  0.600000E-01  0.277418E-02
     3  0.707547E-01  0.750000E-01  0.326326E-02
     4  0.102201      0.142500      0.455819E-02
     5  0.133648      0.130000      0.468617E-02
     6  0.165094      0.182500      0.472297E-02
     7  0.196541      0.145000      0.446107E-02
     8  0.227987      0.257500      0.597448E-02
     9  0.259434      0.210000      0.571959E-02
    10  0.290881      0.320000      0.730152E-02
    11  0.322327      0.370000      0.678395E-02
    12  0.353774      0.380000      0.749698E-02
    13  0.385220      0.402500      0.785557E-02
    14  0.416667      0.367500      0.695980E-02
    15  0.448113      0.445000      0.772456E-02
    16  0.479560      0.500000      0.808201E-02
    17  0.511006      0.490000      0.877105E-02
    18  0.542453      0.530000      0.873446E-02
    19  0.573899      0.675000      0.100391E-01
    20  0.605346      0.622500      0.961576E-02
    21  0.636792      0.640000      0.979893E-02
    22  0.668239      0.637500      0.100666E-01
    23  0.699686      0.702500      0.104203E-01
    24  0.731132      0.715000      0.103114E-01
    25  0.762579      0.700000      0.104446E-01
    26  0.794025      0.742500      0.104290E-01
    27  0.825472      0.860000      0.109687E-01
    28  0.856918      0.945000      0.119033E-01
    29  0.888365      0.857500      0.112778E-01
    30  0.919811      0.892500      0.114407E-01
    31  0.951258      0.982500      0.114486E-01
    32  0.982704       1.05250      0.109731E-01
    33   1.01415      0.997500      0.124765E-01
    34   1.04560       1.19750      0.122415E-01
    35   1.07704       1.13000      0.122103E-01
    36   1.10849       1.16000      0.121072E-01
    37   1.13994       1.12000      0.119346E-01
    38   1.17138       1.17000      0.144145E-01
    39   1.20283       1.12750      0.118417E-01
    40   1.23428       1.18750      0.125481E-01
    41   1.26572       1.14250      0.127207E-01
    42   1.29717       1.34750      0.142495E-01
    43   1.32862       1.34500      0.135528E-01
    44   1.36006       1.27250      0.136590E-01
    45   1.39151       1.21750      0.144572E-01
    46   1.42296       1.30500      0.137304E-01
    47   1.45440       1.48750      0.147960E-01
    48   1.48585       1.48250      0.149623E-01
    49   1.51730       1.52250      0.143025E-01
    50   1.54874       1.53500      0.149299E-01
    51   1.58019       1.58250      0.144199E-01
    52   1.61164       1.54000      0.146016E-01
    53   1.64308       1.67750      0.154223E-01
    54   1.67453       1.58250      0.154733E-01
    55   1.70597       1.74750      0.155483E-01
    56   1.73742       1.71500      0.157807E-01
    57   1.76887       1.87500      0.153335E-01
    58   1.80031       1.76750      0.156459E-01
    59   1.83176       1.66250      0.156251E-01
    60   1.86321       1.76250      0.152050E-01
    61   1.89465       1.83750      0.149852E-01
    62   1.92610       1.91000      0.167364E-01
    63   1.95755       1.90250      0.171826E-01
    64   1.98899       2.01000      0.172866E-01
    65   2.02044       1.85750      0.162340E-01
    66   2.05189       2.16750      0.163537E-01
    67   2.08333       2.11250      0.181862E-01
    68   2.11478       2.12250      0.172871E-01
    69   2.14623       2.20750      0.167081E-01
    70   2.17767       2.50250      0.176843E-01
    71   2.20912       2.28250      0.176479E-01
    72   2.24057       2.31500      0.180956E-01
    73   2.27201       2.22250      0.188465E-01
    74   2.30346       2.51250      0.173976E-01
    75   2.33491       2.35750      0.183203E-01
    76   2.36635       2.19250      0.174757E-01
    77   2.39780       2.27250      0.182239E-01
    78   2.42925       2.35250      0.174445E-01
    79   2.46069       2.46500      0.183820E-01
    80   2.49214       2.67250      0.182716E-01
 
Area discrepancy =    4.58990    
 
  Area iteration      8
 
        Desired, Actual, Linear
  Cell  Volume   Volume  Weight
 
     1  0.786163E-02  0.500000E-02  0.101024E-02
     2  0.393082E-01  0.450000E-01  0.224756E-02
     3  0.707547E-01  0.550000E-01  0.317257E-02
     4  0.102201      0.105000      0.386389E-02
     5  0.133648      0.135000      0.475597E-02
     6  0.165094      0.162500      0.449637E-02
     7  0.196541      0.210000      0.519868E-02
     8  0.227987      0.262500      0.562703E-02
     9  0.259434      0.290000      0.636328E-02
    10  0.290881      0.300000      0.696800E-02
    11  0.322327      0.312500      0.633786E-02
    12  0.353774      0.350000      0.724052E-02
    13  0.385220      0.380000      0.769239E-02
    14  0.416667      0.365000      0.741780E-02
    15  0.448113      0.457500      0.775889E-02
    16  0.479560      0.405000      0.792261E-02
    17  0.511006      0.522500      0.896559E-02
    18  0.542453      0.547500      0.884486E-02
    19  0.573899      0.585000      0.926556E-02
    20  0.605346      0.642500      0.949134E-02
    21  0.636792      0.652500      0.978362E-02
    22  0.668239      0.680000      0.103162E-01
    23  0.699686      0.617500      0.104093E-01
    24  0.731132      0.765000      0.104369E-01
    25  0.762579      0.855000      0.109118E-01
    26  0.794025      0.900000      0.107951E-01
    27  0.825472      0.705000      0.107565E-01
    28  0.856918      0.722500      0.113457E-01
    29  0.888365      0.982500      0.114898E-01
    30  0.919811       1.03250      0.116255E-01
    31  0.951258      0.887500      0.112758E-01
    32  0.982704      0.972500      0.106131E-01
    33   1.01415      0.997500      0.125921E-01
    34   1.04560       1.07250      0.114496E-01
    35   1.07704       1.05750      0.119321E-01
    36   1.10849       1.04000      0.118466E-01
    37   1.13994      0.960000      0.120518E-01
    38   1.17138       1.14250      0.144367E-01
    39   1.20283       1.13000      0.122425E-01
    40   1.23428       1.29000      0.128050E-01
    41   1.26572       1.41000      0.134019E-01
    42   1.29717       1.31750      0.139941E-01
    43   1.32862       1.31750      0.134828E-01
    44   1.36006       1.31250      0.141346E-01
    45   1.39151       1.44000      0.154705E-01
    46   1.42296       1.59000      0.143511E-01
    47   1.45440       1.54000      0.146444E-01
    48   1.48585       1.42250      0.149934E-01
    49   1.51730       1.45000      0.142916E-01
    50   1.54874       1.66000      0.150108E-01
    51   1.58019       1.58500      0.144231E-01
    52   1.61164       1.52750      0.149515E-01
    53   1.64308       1.67250      0.152777E-01
    54   1.67453       1.78500      0.159319E-01
    55   1.70597       1.66750      0.153771E-01
    56   1.73742       1.81000      0.158986E-01
    57   1.76887       1.68000      0.149074E-01
    58   1.80031       1.78250      0.158054E-01
    59   1.83176       1.85250      0.164168E-01
    60   1.86321       1.96750      0.156482E-01
    61   1.89465       1.77000      0.152309E-01
    62   1.92610       1.92250      0.168227E-01
    63   1.95755       1.97750      0.174459E-01
    64   1.98899       1.99000      0.172123E-01
    65   2.02044       2.11500      0.169471E-01
    66   2.05189       2.04750      0.159267E-01
    67   2.08333       1.98500      0.180774E-01
    68   2.11478       2.16000      0.172720E-01
    69   2.14623       2.27250      0.164903E-01
    70   2.17767       2.02000      0.165124E-01
    71   2.20912       2.38750      0.173784E-01
    72   2.24057       2.17500      0.178192E-01
    73   2.27201       2.29750      0.190733E-01
    74   2.30346       2.38500      0.166739E-01
    75   2.33491       2.27750      0.182496E-01
    76   2.36635       2.22000      0.181726E-01
    77   2.39780       2.39000      0.187373E-01
    78   2.42925       2.31250      0.177436E-01
    79   2.46069       2.52000      0.183834E-01
    80   2.49214       2.38500      0.176611E-01
 
Area discrepancy =    4.54380    
 
  Area iteration      9
 
        Desired, Actual, Linear
  Cell  Volume   Volume  Weight
 
     1  0.786163E-02  0.100000E-01  0.126134E-02
     2  0.393082E-01  0.375000E-01  0.209818E-02
     3  0.707547E-01  0.900000E-01  0.359421E-02
     4  0.102201      0.725000E-01  0.380763E-02
     5  0.133648      0.145000      0.472661E-02
     6  0.165094      0.192500      0.452686E-02
     7  0.196541      0.262500      0.502350E-02
     8  0.227987      0.212500      0.523800E-02
     9  0.259434      0.247500      0.601162E-02
    10  0.290881      0.255000      0.685331E-02
    11  0.322327      0.305000      0.642927E-02
    12  0.353774      0.350000      0.727100E-02
    13  0.385220      0.362500      0.773606E-02
    14  0.416667      0.447500      0.791624E-02
    15  0.448113      0.470000      0.766998E-02
    16  0.479560      0.630000      0.861109E-02
    17  0.511006      0.437500      0.885615E-02
    18  0.542453      0.560000      0.879379E-02
    19  0.573899      0.627500      0.916658E-02
    20  0.605346      0.607500      0.920214E-02
    21  0.636792      0.710000      0.965394E-02
    22  0.668239      0.700000      0.102148E-01
    23  0.699686      0.827500      0.110675E-01
    24  0.731132      0.712500      0.101915E-01
    25  0.762579      0.692500      0.102932E-01
    26  0.794025      0.690000      0.101279E-01
    27  0.825472      0.915000      0.116258E-01
    28  0.856918      0.972500      0.123418E-01
    29  0.888365      0.860000      0.109129E-01
    30  0.919811      0.855000      0.109600E-01
    31  0.951258      0.937500      0.116602E-01
    32  0.982704      0.957500      0.106563E-01
    33   1.01415       1.10750      0.126821E-01
    34   1.04560       1.04500      0.112920E-01
    35   1.07704      0.982500      0.120279E-01
    36   1.10849       1.08500      0.122162E-01
    37   1.13994       1.23000      0.131176E-01
    38   1.17138       1.24500      0.146011E-01
    39   1.20283       1.10000      0.126162E-01
    40   1.23428       1.20500      0.125109E-01
    41   1.26572       1.22000      0.126830E-01
    42   1.29717       1.22500      0.138696E-01
    43   1.32862       1.26750      0.135238E-01
    44   1.36006       1.48500      0.143717E-01
    45   1.39151       1.38000      0.151902E-01
    46   1.42296       1.56750      0.135606E-01
    47   1.45440       1.52750      0.142150E-01
    48   1.48585       1.57500      0.153058E-01
    49   1.51730       1.53250      0.146025E-01
    50   1.54874       1.54750      0.144822E-01
    51   1.58019       1.52500      0.143845E-01
    52   1.61164       1.73000      0.153399E-01
    53   1.64308       1.69750      0.151252E-01
    54   1.67453       1.58000      0.154132E-01
    55   1.70597       1.77750      0.155354E-01
    56   1.73742       1.71500      0.155585E-01
    57   1.76887       1.94750      0.152788E-01
    58   1.80031       1.93500      0.158658E-01
    59   1.83176       1.82750      0.163057E-01
    60   1.86321       1.72250      0.152102E-01
    61   1.89465       2.05250      0.157398E-01
    62   1.92610       1.99250      0.168190E-01
    63   1.95755       1.87250      0.173376E-01
    64   1.98899       1.94000      0.171880E-01
    65   2.02044       1.93500      0.165448E-01
    66   2.05189       1.93000      0.159253E-01
    67   2.08333       2.24750      0.184982E-01
    68   2.11478       1.93000      0.170705E-01
    69   2.14623       2.06500      0.160070E-01
    70   2.17767       2.02750      0.171248E-01
    71   2.20912       2.08750      0.166972E-01
    72   2.24057       2.22750      0.180648E-01
    73   2.27201       2.21500      0.189452E-01
    74   2.30346       2.04750      0.163674E-01
    75   2.33491       2.19750      0.184568E-01
    76   2.36635       2.53500      0.187403E-01
    77   2.39780       2.49000      0.187461E-01
    78   2.42925       2.55500      0.181649E-01
    79   2.46069       2.29250      0.181447E-01
    80   2.49214       2.42250      0.180324E-01
 
Area discrepancy =    5.75412    
 
  Area iteration     10
 
        Desired, Actual, Linear
  Cell  Volume   Volume  Weight
 
     1  0.786163E-02  0.500000E-02  0.111901E-02
     2  0.393082E-01  0.250000E-01  0.214938E-02
     3  0.707547E-01  0.925000E-01  0.318864E-02
     4  0.102201      0.125000      0.452334E-02
     5  0.133648      0.130000      0.454037E-02
     6  0.165094      0.112500      0.419462E-02
     7  0.196541      0.202500      0.434924E-02
     8  0.227987      0.237500      0.542859E-02
     9  0.259434      0.325000      0.615832E-02
    10  0.290881      0.347500      0.732374E-02
    11  0.322327      0.302500      0.661311E-02
    12  0.353774      0.345000      0.731422E-02
    13  0.385220      0.397500      0.797931E-02
    14  0.416667      0.457500      0.764296E-02
    15  0.448113      0.390000      0.749349E-02
    16  0.479560      0.407500      0.751717E-02
    17  0.511006      0.640000      0.957666E-02
    18  0.542453      0.475000      0.865981E-02
    19  0.573899      0.537500      0.877129E-02
    20  0.605346      0.600000      0.919100E-02
    21  0.636792      0.567500      0.914786E-02
    22  0.668239      0.677500      0.998599E-02
    23  0.699686      0.712500      0.101827E-01
    24  0.731132      0.760000      0.103297E-01
    25  0.762579      0.862500      0.108076E-01
    26  0.794025      0.870000      0.108706E-01
    27  0.825472      0.850000      0.110486E-01
    28  0.856918      0.950000      0.115918E-01
    29  0.888365      0.842500      0.110977E-01
    30  0.919811      0.897500      0.113743E-01
    31  0.951258      0.920000      0.117521E-01
    32  0.982704       1.06250      0.108017E-01
    33   1.01415       1.02750      0.121427E-01
    34   1.04560       1.03500      0.113016E-01
    35   1.07704       1.11750      0.126004E-01
    36   1.10849       1.14000      0.123547E-01
    37   1.13994       1.15000      0.126353E-01
    38   1.17138       1.12750      0.141709E-01
    39   1.20283       1.28250      0.132002E-01
    40   1.23428       1.14750      0.126691E-01
    41   1.26572       1.27750      0.129257E-01
    42   1.29717       1.28750      0.142804E-01
    43   1.32862       1.34000      0.138538E-01
    44   1.36006       1.38500      0.137616E-01
    45   1.39151       1.50000      0.152620E-01
    46   1.42296       1.25500      0.129276E-01
    47   1.45440       1.28250      0.138786E-01
    48   1.48585       1.50000      0.148747E-01
    49   1.51730       1.65000      0.145381E-01
    50   1.54874       1.51000      0.144962E-01
    51   1.58019       1.59750      0.146507E-01
    52   1.61164       1.58500      0.148142E-01
    53   1.64308       1.58500      0.148892E-01
    54   1.67453       1.73250      0.158765E-01
    55   1.70597       1.72750      0.152283E-01
    56   1.73742       1.73750      0.156687E-01
    57   1.76887       1.61000      0.145695E-01
    58   1.80031       1.78250      0.153123E-01
    59   1.83176       1.85750      0.163339E-01
    60   1.86321       1.83000      0.158282E-01
    61   1.89465       1.91750      0.151310E-01
    62   1.92610       1.87500      0.165457E-01
    63   1.95755       1.97000      0.177369E-01
    64   1.98899       2.04500      0.174135E-01
    65   2.02044       2.04250      0.169156E-01
    66   2.05189       2.18750      0.164297E-01
    67   2.08333       2.07000      0.178199E-01
    68   2.11478       2.08750      0.178790E-01
    69   2.14623       2.05000      0.163280E-01
    70   2.17767       2.23500      0.177577E-01
    71   2.20912       2.21250      0.171864E-01
    72   2.24057       2.27000      0.181280E-01
    73   2.27201       2.28750      0.191983E-01
    74   2.30346       2.27500      0.173702E-01
    75   2.33491       2.47750      0.190358E-01
    76   2.36635       2.22750      0.181164E-01
    77   2.39780       2.42250      0.184061E-01
    78   2.42925       2.31000      0.177222E-01
    79   2.46069       2.40500      0.188091E-01
    80   2.49214       2.44500      0.183001E-01
 
Area discrepancy =    3.82314    
 
  Area iteration     11
 
        Desired, Actual, Linear
  Cell  Volume   Volume  Weight
 
     1  0.786163E-02  0.750000E-02  0.139840E-02
     2  0.393082E-01  0.625000E-01  0.268604E-02
     3  0.707547E-01  0.625000E-01  0.278806E-02
     4  0.102201      0.107500      0.408904E-02
     5  0.133648      0.172500      0.460246E-02
     6  0.165094      0.172500      0.508010E-02
     7  0.196541      0.192500      0.428367E-02
     8  0.227987      0.197500      0.531740E-02
     9  0.259434      0.217500      0.550076E-02
    10  0.290881      0.342500      0.669888E-02
    11  0.322327      0.387500      0.682465E-02
    12  0.353774      0.342500      0.740475E-02
    13  0.385220      0.372500      0.785309E-02
    14  0.416667      0.430000      0.729205E-02
    15  0.448113      0.422500      0.803035E-02
    16  0.479560      0.435000      0.815269E-02
    17  0.511006      0.485000      0.855513E-02
    18  0.542453      0.557500      0.925191E-02
    19  0.573899      0.657500      0.906111E-02
    20  0.605346      0.647500      0.922950E-02
    21  0.636792      0.672500      0.968779E-02
    22  0.668239      0.697500      0.991498E-02
    23  0.699686      0.685000      0.100882E-01
    24  0.731132      0.710000      0.101290E-01
    25  0.762579      0.647500      0.101597E-01
    26  0.794025      0.680000      0.103825E-01
    27  0.825472      0.822500      0.108853E-01
    28  0.856918      0.850000      0.110064E-01
    29  0.888365      0.937500      0.113928E-01
    30  0.919811      0.930000      0.115118E-01
    31  0.951258       1.03500      0.119470E-01
    32  0.982704      0.940000      0.103855E-01
    33   1.01415      0.925000      0.120605E-01
    34   1.04560      0.927500      0.113564E-01
    35   1.07704       1.12500      0.123671E-01
    36   1.10849       1.14000      0.121797E-01
    37   1.13994      0.972500      0.125767E-01
    38   1.17138       1.25000      0.144403E-01
    39   1.20283       1.18250      0.127804E-01
    40   1.23428       1.23500      0.131361E-01
    41   1.26572       1.33250      0.128627E-01
    42   1.29717       1.39500      0.143302E-01
    43   1.32862       1.30500      0.137913E-01
    44   1.36006       1.30750      0.136337E-01
    45   1.39151       1.50250      0.146960E-01
    46   1.42296       1.47250      0.137619E-01
    47   1.45440       1.54250      0.147757E-01
    48   1.48585       1.41000      0.148006E-01
    49   1.51730       1.52000      0.139377E-01
    50   1.54874       1.52750      0.146773E-01
    51   1.58019       1.73750      0.145674E-01
    52   1.61164       1.60500      0.149343E-01
    53   1.64308       1.66750      0.151557E-01
    54   1.67453       1.70000      0.156046E-01
    55   1.70597       1.48750      0.151292E-01
    56   1.73742       1.66750      0.156644E-01
    57   1.76887       1.70250      0.152675E-01
    58   1.80031       1.63250      0.153847E-01
    59   1.83176       1.74750      0.162162E-01
    60   1.86321       1.88000      0.159670E-01
    61   1.89465       1.92000      0.150368E-01
    62   1.92610       2.14750      0.167654E-01
    63   1.95755       2.19750      0.176763E-01
    64   1.98899       2.02000      0.171690E-01
    65   2.02044       1.98750      0.168197E-01
    66   2.05189       1.80250      0.159082E-01
    67   2.08333       2.21000      0.178726E-01
    68   2.11478       2.26500      0.179909E-01
    69   2.14623       2.20000      0.167025E-01
    70   2.17767       2.14500      0.175240E-01
    71   2.20912       2.30250      0.171689E-01
    72   2.24057       2.35750      0.180055E-01
    73   2.27201       2.35500      0.191284E-01
    74   2.30346       2.08750      0.174740E-01
    75   2.33491       2.22500      0.184752E-01
    76   2.36635       2.31750      0.186678E-01
    77   2.39780       2.31000      0.183074E-01
    78   2.42925       2.45500      0.181692E-01
    79   2.46069       2.46750      0.190208E-01
    80   2.49214       2.44750      0.184710E-01
 
Area discrepancy =    5.05337    
 
  Area iteration     12
 
        Desired, Actual, Linear
  Cell  Volume   Volume  Weight
 
     1  0.786163E-02  0.125000E-01  0.143094E-02
     2  0.393082E-01  0.225000E-01  0.212902E-02
     3  0.707547E-01  0.600000E-01  0.296486E-02
     4  0.102201      0.825000E-01  0.398483E-02
     5  0.133648      0.825000E-01  0.404893E-02
     6  0.165094      0.187500      0.496716E-02
     7  0.196541      0.157500      0.432605E-02
     8  0.227987      0.217500      0.571000E-02
     9  0.259434      0.287500      0.600442E-02
    10  0.290881      0.227500      0.617012E-02
    11  0.322327      0.262500      0.622096E-02
    12  0.353774      0.365000      0.752155E-02
    13  0.385220      0.462500      0.798172E-02
    14  0.416667      0.337500      0.717422E-02
    15  0.448113      0.437500      0.826570E-02
    16  0.479560      0.512500      0.855543E-02
    17  0.511006      0.455000      0.877674E-02
    18  0.542453      0.597500      0.912125E-02
    19  0.573899      0.505000      0.846089E-02
    20  0.605346      0.555000      0.891917E-02
    21  0.636792      0.530000      0.942197E-02
    22  0.668239      0.637500      0.969951E-02
    23  0.699686      0.832500      0.101902E-01
    24  0.731132      0.720000      0.102731E-01
    25  0.762579      0.847500      0.110197E-01
    26  0.794025      0.807500      0.112132E-01
    27  0.825472      0.907500      0.108990E-01
    28  0.856918      0.850000      0.110451E-01
    29  0.888365      0.837500      0.110842E-01
    30  0.919811      0.827500      0.114424E-01
    31  0.951258      0.940000      0.114473E-01
    32  0.982704      0.992500      0.106131E-01
    33   1.01415       1.19500      0.126214E-01
    34   1.04560      0.992500      0.120512E-01
    35   1.07704       1.15250      0.120941E-01
    36   1.10849      0.997500      0.120037E-01
    37   1.13994       1.23750      0.136090E-01
    38   1.17138       1.17250      0.139713E-01
    39   1.20283       1.25750      0.128828E-01
    40   1.23428       1.19250      0.131251E-01
    41   1.26572       1.17000      0.125295E-01
    42   1.29717       1.20250      0.138111E-01
    43   1.32862       1.36250      0.139080E-01
    44   1.36006       1.21750      0.138975E-01
    45   1.39151       1.19000      0.141351E-01
    46   1.42296       1.45750      0.135211E-01
    47   1.45440       1.42000      0.143398E-01
    48   1.48585       1.52000      0.151853E-01
    49   1.51730       1.35750      0.139177E-01
    50   1.54874       1.50250      0.147710E-01
    51   1.58019       1.50750      0.138848E-01
    52   1.61164       1.61750      0.149571E-01
    53   1.64308       1.78000      0.150361E-01
    54   1.67453       1.69750      0.154789E-01
    55   1.70597       1.80000      0.161934E-01
    56   1.73742       1.61250      0.159808E-01
    57   1.76887       1.68250      0.155538E-01
    58   1.80031       1.84250      0.161474E-01
    59   1.83176       1.92000      0.165936E-01
    60   1.86321       1.84500      0.158870E-01
    61   1.89465       1.76500      0.149291E-01
    62   1.92610       1.92250      0.158690E-01
    63   1.95755       2.06000      0.166743E-01
    64   1.98899       2.05750      0.170275E-01
    65   2.02044       2.06250      0.169493E-01
    66   2.05189       2.29750      0.169639E-01
    67   2.08333       2.12000      0.173435E-01
    68   2.11478       2.25000      0.173746E-01
    69   2.14623       2.09750      0.164882E-01
    70   2.17767       2.08250      0.176474E-01
    71   2.20912       2.19000      0.168080E-01
    72   2.24057       2.23500      0.175437E-01
    73   2.27201       2.48250      0.187781E-01
    74   2.30346       2.39500      0.183457E-01
    75   2.33491       2.45000      0.189157E-01
    76   2.36635       2.31750      0.188533E-01
    77   2.39780       2.27000      0.186419E-01
    78   2.42925       2.41500      0.180639E-01
    79   2.46069       2.54250      0.189843E-01
    80   2.49214       2.52750      0.186285E-01
 
Area discrepancy =    5.24377    
 
  Area iteration     13
 
        Desired, Actual, Linear
  Cell  Volume   Volume  Weight
 
     1  0.786163E-02  0.100000E-01  0.112994E-02
     2  0.393082E-01  0.250000E-01  0.264985E-02
     3  0.707547E-01  0.650000E-01  0.320581E-02
     4  0.102201      0.140000      0.441614E-02
     5  0.133648      0.195000      0.503945E-02
     6  0.165094      0.147500      0.464094E-02
     7  0.196541      0.200000      0.481183E-02
     8  0.227987      0.317500      0.582095E-02
     9  0.259434      0.240000      0.567934E-02
    10  0.290881      0.382500      0.694692E-02
    11  0.322327      0.327500      0.686394E-02
    12  0.353774      0.377500      0.737320E-02
    13  0.385220      0.355000      0.725316E-02
    14  0.416667      0.425000      0.793714E-02
    15  0.448113      0.397500      0.832946E-02
    16  0.479560      0.435000      0.824041E-02
    17  0.511006      0.542500      0.926132E-02
    18  0.542453      0.555000      0.865364E-02
    19  0.573899      0.522500      0.898091E-02
    20  0.605346      0.652500      0.927496E-02
    21  0.636792      0.697500      0.102834E-01
    22  0.668239      0.675000      0.988799E-02
    23  0.699686      0.565000      0.930195E-02
    24  0.731132      0.672500      0.103078E-01
    25  0.762579      0.700000      0.104081E-01
    26  0.794025      0.837500      0.110715E-01
    27  0.825472      0.680000      0.103502E-01
    28  0.856918      0.705000      0.110424E-01
    29  0.888365      0.842500      0.113669E-01
    30  0.919811       1.00250      0.120120E-01
    31  0.951258       1.01250      0.114662E-01
    32  0.982704       1.01500      0.105152E-01
    33   1.01415       1.01500      0.115773E-01
    34   1.04560       1.09750      0.123163E-01
    35   1.07704      0.962500      0.116413E-01
    36   1.10849       1.21000      0.125996E-01
    37   1.13994       1.25750      0.130055E-01
    38   1.17138       1.23250      0.139047E-01
    39   1.20283       1.03500      0.125456E-01
    40   1.23428       1.35750      0.132957E-01
    41   1.26572       1.34500      0.129761E-01
    42   1.29717       1.26250      0.142829E-01
    43   1.32862       1.34250      0.136751E-01
    44   1.36006       1.36250      0.146256E-01
    45   1.39151       1.46500      0.152195E-01
    46   1.42296       1.42250      0.133026E-01
    47   1.45440       1.49250      0.144502E-01
    48   1.48585       1.50250      0.149493E-01
    49   1.51730       1.53500      0.146509E-01
    50   1.54874       1.55000      0.149322E-01
    51   1.58019       1.56500      0.141546E-01
    52   1.61164       1.65250      0.148659E-01
    53   1.64308       1.56250      0.143843E-01
    54   1.67453       1.64250      0.153078E-01
    55   1.70597       1.73750      0.156972E-01
    56   1.73742       1.94000      0.165171E-01
    57   1.76887       1.79500      0.158796E-01
    58   1.80031       1.84750      0.158929E-01
    59   1.83176       2.00750      0.161383E-01
    60   1.86321       1.68250      0.158966E-01
    61   1.89465       1.86750      0.154014E-01
    62   1.92610       1.77000      0.158157E-01
    63   1.95755       2.08000      0.161846E-01
    64   1.98899       1.88750      0.166698E-01
    65   2.02044       1.89750      0.167036E-01
    66   2.05189       1.89000      0.159627E-01
    67   2.08333       1.87500      0.171190E-01
    68   2.11478       2.09000      0.167722E-01
    69   2.14623       1.96000      0.166070E-01
    70   2.17767       2.18000      0.179687E-01
    71   2.20912       2.10750      0.168088E-01
    72   2.24057       2.15250      0.174902E-01
    73   2.27201       2.32500      0.178873E-01
    74   2.30346       2.29250      0.179145E-01
    75   2.33491       2.41500      0.183868E-01
    76   2.36635       2.38000      0.189692E-01
    77   2.39780       2.61250      0.190773E-01
    78   2.42925       2.61750      0.180393E-01
    79   2.46069       2.36250      0.185962E-01
    80   2.49214       2.64000      0.184184E-01
 
Area discrepancy =    5.49358    
 
  Area iteration     14
 
        Desired, Actual, Linear
  Cell  Volume   Volume  Weight
 
     1  0.786163E-02   0.00000      0.100111E-02
     2  0.393082E-01  0.875000E-01  0.330981E-02
     3  0.707547E-01  0.625000E-01  0.334218E-02
     4  0.102201      0.900000E-01  0.377032E-02
     5  0.133648      0.177500      0.416887E-02
     6  0.165094      0.162500      0.490622E-02
     7  0.196541      0.182500      0.476643E-02
     8  0.227987      0.185000      0.492889E-02
     9  0.259434      0.287500      0.590034E-02
    10  0.290881      0.345000      0.605348E-02
    11  0.322327      0.267500      0.680436E-02
    12  0.353774      0.312500      0.713233E-02
    13  0.385220      0.382500      0.754986E-02
    14  0.416667      0.422500      0.785300E-02
    15  0.448113      0.537500      0.883717E-02
    16  0.479560      0.520000      0.864563E-02
    17  0.511006      0.580000      0.898168E-02
    18  0.542453      0.512500      0.854879E-02
    19  0.573899      0.622500      0.940516E-02
    20  0.605346      0.587500      0.892678E-02
    21  0.636792      0.682500      0.981823E-02
    22  0.668239      0.632500      0.983090E-02
    23  0.699686      0.765000      0.103436E-01
    24  0.731132      0.785000      0.107396E-01
    25  0.762579      0.817500      0.108552E-01
    26  0.794025      0.642500      0.107722E-01
    27  0.825472      0.897500      0.113950E-01
    28  0.856918      0.980000      0.121649E-01
    29  0.888365      0.997500      0.116633E-01
    30  0.919811      0.932500      0.114972E-01
    31  0.951258      0.962500      0.111057E-01
    32  0.982704      0.935000      0.103388E-01
    33   1.01415      0.937500      0.115637E-01
    34   1.04560      0.927500      0.120124E-01
    35   1.07704       1.22750      0.123052E-01
    36   1.10849       1.10750      0.120504E-01
    37   1.13994       1.15000      0.123733E-01
    38   1.17138       1.10750      0.135453E-01
    39   1.20283       1.24250      0.135143E-01
    40   1.23428       1.24250      0.126683E-01
    41   1.26572       1.16500      0.125783E-01
    42   1.29717       1.44250      0.144668E-01
    43   1.32862       1.26750      0.135939E-01
    44   1.36006       1.41750      0.146015E-01
    45   1.39151       1.51250      0.148216E-01
    46   1.42296       1.35000      0.132946E-01
    47   1.45440       1.49250      0.142537E-01
    48   1.48585       1.43000      0.148550E-01
    49   1.51730       1.57750      0.145552E-01
    50   1.54874       1.61000      0.149148E-01
    51   1.58019       1.54750      0.142123E-01
    52   1.61164       1.61000      0.146698E-01
    53   1.64308       1.59000      0.147394E-01
    54   1.67453       1.73750      0.154446E-01
    55   1.70597       1.66000      0.155423E-01
    56   1.73742       1.57500      0.156191E-01
    57   1.76887       1.82750      0.157517E-01
    58   1.80031       1.72500      0.156768E-01
    59   1.83176       1.80500      0.154040E-01
    60   1.86321       1.88750      0.167159E-01
    61   1.89465       1.84250      0.155012E-01
    62   1.92610       2.03750      0.164859E-01
    63   1.95755       1.87750      0.156891E-01
    64   1.98899       2.02000      0.170992E-01
    65   2.02044       2.05750      0.172232E-01
    66   2.05189       2.24000      0.166197E-01
    67   2.08333       2.06250      0.180314E-01
    68   2.11478       2.14250      0.168585E-01
    69   2.14623       2.21250      0.173649E-01
    70   2.17767       2.16750      0.179456E-01
    71   2.20912       2.12000      0.171962E-01
    72   2.24057       2.15500      0.178309E-01
    73   2.27201       2.14750      0.176689E-01
    74   2.30346       2.28250      0.179436E-01
    75   2.33491       2.28500      0.180656E-01
    76   2.36635       2.39250      0.189004E-01
    77   2.39780       2.21500      0.182627E-01
    78   2.42925       2.37000      0.173654E-01
    79   2.46069       2.56000      0.189644E-01
    80   2.49214       2.28500      0.178816E-01
 
Area discrepancy =    4.80025    
 
  Area iteration     15
 
        Desired, Actual, Linear
  Cell  Volume   Volume  Weight
 
     1  0.786163E-02  0.250000E-02  0.125258E-02
     2  0.393082E-01  0.300000E-01  0.222051E-02
     3  0.707547E-01  0.132500      0.355943E-02
     4  0.102201      0.112500      0.402159E-02
     5  0.133648      0.100000      0.362087E-02
     6  0.165094      0.152500      0.494994E-02
     7  0.196541      0.207500      0.495109E-02
     8  0.227987      0.195000      0.547686E-02
     9  0.259434      0.220000      0.561028E-02
    10  0.290881      0.237500      0.556373E-02
    11  0.322327      0.415000      0.747630E-02
    12  0.353774      0.347500      0.759595E-02
    13  0.385220      0.415000      0.758386E-02
    14  0.416667      0.447500      0.780601E-02
    15  0.448113      0.397500      0.807664E-02
    16  0.479560      0.515000      0.831054E-02
    17  0.511006      0.510000      0.843858E-02
    18  0.542453      0.552500      0.880342E-02
    19  0.573899      0.585000      0.903915E-02
    20  0.605346      0.580000      0.906997E-02
    21  0.636792      0.617500      0.949279E-02
    22  0.668239      0.682500      0.101144E-01
    23  0.699686      0.622500      0.990161E-02
    24  0.731132      0.700000      0.103744E-01
    25  0.762579      0.692500      0.104942E-01
    26  0.794025      0.842500      0.119866E-01
    27  0.825472      0.847500      0.109386E-01
    28  0.856918      0.800000      0.113862E-01
    29  0.888365      0.832500      0.110173E-01
    30  0.919811      0.920000      0.114296E-01
    31  0.951258      0.890000      0.110511E-01
    32  0.982704       1.01250      0.106093E-01
    33   1.01415      0.975000      0.120386E-01
    34   1.04560       1.14750      0.127664E-01
    35   1.07704      0.972500      0.115374E-01
    36   1.10849       1.01500      0.120672E-01
    37   1.13994       1.10250      0.123307E-01
    38   1.17138       1.12000      0.139437E-01
    39   1.20283       1.21000      0.133095E-01
    40   1.23428       1.16750      0.126384E-01
    41   1.26572       1.23250      0.131233E-01
    42   1.29717       1.34750      0.137317E-01
    43   1.32862       1.46500      0.139310E-01
    44   1.36006       1.36500      0.143162E-01
    45   1.39151       1.32500      0.142300E-01
    46   1.42296       1.52250      0.136621E-01
    47   1.45440       1.39250      0.140840E-01
    48   1.48585       1.50250      0.151567E-01
    49   1.51730       1.59250      0.142883E-01
    50   1.54874       1.53250      0.146422E-01
    51   1.58019       1.52250      0.143753E-01
    52   1.61164       1.52250      0.146912E-01
    53   1.64308       1.73000      0.149976E-01
    54   1.67453       1.62000      0.151766E-01
    55   1.70597       1.75250      0.157711E-01
    56   1.73742       1.67500      0.164203E-01
    57   1.76887       1.60750      0.155116E-01
    58   1.80031       1.74750      0.160306E-01
    59   1.83176       1.73250      0.155326E-01
    60   1.86321       2.04500      0.166238E-01
    61   1.89465       1.91750      0.157340E-01
    62   1.92610       1.90500      0.160441E-01
    63   1.95755       1.97000      0.160353E-01
    64   1.98899       1.88000      0.169836E-01
    65   2.02044       2.00000      0.170837E-01
    66   2.05189       1.90750      0.159217E-01
    67   2.08333       2.28750      0.181395E-01
    68   2.11478       2.04500      0.167651E-01
    69   2.14623       2.19750      0.171192E-01
    70   2.17767       2.36500      0.180047E-01
    71   2.20912       2.17500      0.175706E-01
    72   2.24057       2.35500      0.181987E-01
    73   2.27201       2.32000      0.181912E-01
    74   2.30346       2.24250      0.180430E-01
    75   2.33491       2.36250      0.182792E-01
    76   2.36635       2.39250      0.188147E-01
    77   2.39780       2.42750      0.190195E-01
    78   2.42925       2.47000      0.175978E-01
    79   2.46069       2.71250      0.186106E-01
    80   2.49214       2.51000      0.186923E-01
 
Area discrepancy =    4.49868    
 
  Area iteration     16
 
        Desired, Actual, Linear
  Cell  Volume   Volume  Weight
 
     1  0.786163E-02  0.175000E-01  0.156196E-02
     2  0.393082E-01  0.250000E-01  0.253563E-02
     3  0.707547E-01  0.525000E-01  0.259480E-02
     4  0.102201      0.120000      0.382387E-02
     5  0.133648      0.142500      0.417586E-02
     6  0.165094      0.150000      0.513787E-02
     7  0.196541      0.197500      0.480697E-02
     8  0.227987      0.247500      0.590775E-02
     9  0.259434      0.297500      0.607770E-02
    10  0.290881      0.235000      0.614249E-02
    11  0.322327      0.297500      0.657300E-02
    12  0.353774      0.360000      0.764575E-02
    13  0.385220      0.340000      0.728910E-02
    14  0.416667      0.360000      0.751415E-02
    15  0.448113      0.507500      0.855478E-02
    16  0.479560      0.510000      0.800018E-02
    17  0.511006      0.507500      0.842656E-02
    18  0.542453      0.497500      0.870200E-02
    19  0.573899      0.525000      0.893142E-02
    20  0.605346      0.697500      0.924371E-02
    21  0.636792      0.632500      0.961672E-02
    22  0.668239      0.685000      0.998411E-02
    23  0.699686      0.727500      0.104723E-01
    24  0.731132      0.680000      0.105771E-01
    25  0.762579      0.827500      0.109859E-01
    26  0.794025      0.872500      0.116086E-01
    27  0.825472      0.810000      0.107695E-01
    28  0.856918      0.775000      0.117559E-01
    29  0.888365      0.975000      0.113535E-01
    30  0.919811      0.910000      0.114009E-01
    31  0.951258      0.925000      0.113976E-01
    32  0.982704      0.960000      0.104269E-01
    33   1.01415      0.975000      0.122484E-01
    34   1.04560       1.02500      0.121570E-01
    35   1.07704       1.10000      0.121124E-01
    36   1.10849       1.18000      0.125804E-01
    37   1.13994       1.17000      0.125081E-01
    38   1.17138       1.17750      0.142257E-01
    39   1.20283       1.18500      0.132380E-01
    40   1.23428       1.24000      0.129635E-01
    41   1.26572       1.22250      0.132669E-01
    42   1.29717       1.20750      0.134404E-01
    43   1.32862       1.29250      0.132348E-01
    44   1.36006       1.39000      0.142559E-01
    45   1.39151       1.39750      0.145476E-01
    46   1.42296       1.37750      0.131761E-01
    47   1.45440       1.38250      0.143590E-01
    48   1.48585       1.52750      0.150361E-01
    49   1.51730       1.41250      0.139133E-01
    50   1.54874       1.49750      0.146842E-01
    51   1.58019       1.65000      0.146098E-01
    52   1.61164       1.63500      0.150787E-01
    53   1.64308       1.44250      0.145808E-01
    54   1.67453       1.65250      0.153928E-01
    55   1.70597       1.84000      0.155229E-01
    56   1.73742       1.85750      0.166832E-01
    57   1.76887       1.78750      0.162324E-01
    58   1.80031       1.94250      0.162319E-01
    59   1.83176       1.71500      0.159329E-01
    60   1.86321       1.81000      0.158295E-01
    61   1.89465       1.86250      0.156023E-01
    62   1.92610       1.96250      0.160939E-01
    63   1.95755       1.88500      0.159460E-01
    64   1.98899       2.05250      0.174269E-01
    65   2.02044       2.32750      0.171294E-01
    66   2.05189       1.96250      0.164735E-01
    67   2.08333       2.06250      0.172694E-01
    68   2.11478       2.12750      0.170076E-01
    69   2.14623       2.08750      0.168775E-01
    70   2.17767       1.99250      0.172354E-01
    71   2.20912       2.34250      0.176653E-01
    72   2.24057       2.21000      0.177083E-01
    73   2.27201       2.22250      0.179588E-01
    74   2.30346       2.45500      0.182425E-01
    75   2.33491       2.36500      0.181284E-01
    76   2.36635       2.25000      0.186666E-01
    77   2.39780       2.48250      0.188572E-01
    78   2.42925       2.42500      0.174100E-01
    79   2.46069       2.43750      0.176830E-01
    80   2.49214       2.52750      0.185808E-01
 
Area discrepancy =    4.26890    
 
  Area iteration     17
 
        Desired, Actual, Linear
  Cell  Volume   Volume  Weight
 
     1  0.786163E-02  0.100000E-01  0.104540E-02
     2  0.393082E-01  0.475000E-01  0.316499E-02
     3  0.707547E-01  0.675000E-01  0.300800E-02
     4  0.102201      0.875000E-01  0.352384E-02
     5  0.133648      0.125000      0.403827E-02
     6  0.165094      0.162500      0.538245E-02
     7  0.196541      0.202500      0.478839E-02
     8  0.227987      0.297500      0.566195E-02
     9  0.259434      0.262500      0.566742E-02
    10  0.290881      0.340000      0.682407E-02
    11  0.322327      0.245000      0.683195E-02
    12  0.353774      0.352500      0.756846E-02
    13  0.385220      0.407500      0.774755E-02
    14  0.416667      0.427500      0.807233E-02
    15  0.448113      0.440000      0.802714E-02
    16  0.479560      0.417500      0.774662E-02
    17  0.511006      0.485000      0.844348E-02
    18  0.542453      0.550000      0.907360E-02
    19  0.573899      0.625000      0.932469E-02
    20  0.605346      0.422500      0.859908E-02
    21  0.636792      0.670000      0.963544E-02
    22  0.668239      0.627500      0.984704E-02
    23  0.699686      0.712500      0.102554E-01
    24  0.731132      0.800000      0.109518E-01
    25  0.762579      0.670000      0.105310E-01
    26  0.794025      0.785000      0.110584E-01
    27  0.825472      0.855000      0.108563E-01
    28  0.856918       1.04250      0.123439E-01
    29  0.888365      0.800000      0.108218E-01
    30  0.919811      0.915000      0.114457E-01
    31  0.951258       1.01000      0.115416E-01
    32  0.982704      0.962500      0.105343E-01
    33   1.01415       1.10750      0.124739E-01
    34   1.04560       1.04750      0.122610E-01
    35   1.07704       1.19750      0.119682E-01
    36   1.10849       1.08500      0.121757E-01
    37   1.13994       1.05750      0.123287E-01
    38   1.17138       1.14250      0.141683E-01
    39   1.20283       1.29000      0.133181E-01
    40   1.23428       1.14750      0.129149E-01
    41   1.26572       1.30500      0.134800E-01
    42   1.29717       1.30500      0.139105E-01
    43   1.32862       1.21250      0.133991E-01
    44   1.36006       1.44750      0.140813E-01
    45   1.39151       1.41000      0.144956E-01
    46   1.42296       1.42500      0.133725E-01
    47   1.45440       1.59750      0.147065E-01
    48   1.48585       1.42750      0.148084E-01
    49   1.51730       1.62000      0.143995E-01
    50   1.54874       1.55000      0.149119E-01
    51   1.58019       1.55250      0.142769E-01
    52   1.61164       1.54250      0.149491E-01
    53   1.64308       1.74250      0.155392E-01
    54   1.67453       1.69750      0.154728E-01
    55   1.70597       1.63000      0.149254E-01
    56   1.73742       1.76000      0.161118E-01
    57   1.76887       1.69750      0.161244E-01
    58   1.80031       1.70500      0.156041E-01
    59   1.83176       1.99500      0.164427E-01
    60   1.86321       1.88250      0.160374E-01
    61   1.89465       2.03500      0.157138E-01
    62   1.92610       1.87500      0.159211E-01
    63   1.95755       1.94500      0.162266E-01
    64   1.98899       1.97750      0.171305E-01
    65   2.02044       1.84250      0.159366E-01
    66   2.05189       2.09500      0.168203E-01
    67   2.08333       2.00750      0.173315E-01
    68   2.11478       2.06250      0.169324E-01
    69   2.14623       2.32500      0.170887E-01
    70   2.17767       2.36750      0.179926E-01
    71   2.20912       2.17000      0.171303E-01
    72   2.24057       2.07250      0.178047E-01
    73   2.27201       2.21250      0.181316E-01
    74   2.30346       2.28250      0.176452E-01
    75   2.33491       2.28250      0.179868E-01
    76   2.36635       2.39250      0.191156E-01
    77   2.39780       2.45000      0.185061E-01
    78   2.42925       2.33750      0.174002E-01
    79   2.46069       2.43250      0.177414E-01
    80   2.49214       2.43000      0.184239E-01
 
Area discrepancy =    4.56283    
 
  Area iteration     18
 
        Desired, Actual, Linear
  Cell  Volume   Volume  Weight
 
     1  0.786163E-02  0.125000E-01  0.926060E-03
     2  0.393082E-01  0.450000E-01  0.287652E-02
     3  0.707547E-01  0.625000E-01  0.307683E-02
     4  0.102201      0.925000E-01  0.380487E-02
     5  0.133648      0.150000      0.417178E-02
     6  0.165094      0.185000      0.542024E-02
     7  0.196541      0.202500      0.471306E-02
     8  0.227987      0.197500      0.495197E-02
     9  0.259434      0.182500      0.562903E-02
    10  0.290881      0.300000      0.630610E-02
    11  0.322327      0.450000      0.782906E-02
    12  0.353774      0.355000      0.757513E-02
    13  0.385220      0.357500      0.752584E-02
    14  0.416667      0.462500      0.796205E-02
    15  0.448113      0.402500      0.809334E-02
    16  0.479560      0.445000      0.829478E-02
    17  0.511006      0.525000      0.865891E-02
    18  0.542453      0.555000      0.900282E-02
    19  0.573899      0.540000      0.892713E-02
    20  0.605346      0.745000      0.102835E-01
    21  0.636792      0.625000      0.938497E-02
    22  0.668239      0.657500      0.101523E-01
    23  0.699686      0.640000      0.101534E-01
    24  0.731132      0.790000      0.104601E-01
    25  0.762579      0.780000      0.112246E-01
    26  0.794025      0.735000      0.111115E-01
    27  0.825472      0.787500      0.106573E-01
    28  0.856918      0.857500      0.111811E-01
    29  0.888365      0.957500      0.113933E-01
    30  0.919811      0.882500      0.114652E-01
    31  0.951258      0.957500      0.111906E-01
    32  0.982704       1.01500      0.106345E-01
    33   1.01415       1.05750      0.119257E-01
    34   1.04560       1.08000      0.122385E-01
    35   1.07704      0.880000      0.113398E-01
    36   1.10849       1.13750      0.122955E-01
    37   1.13994       1.07250      0.127884E-01
    38   1.17138       1.27500      0.143331E-01
    39   1.20283       1.28500      0.128484E-01
    40   1.23428       1.33000      0.133820E-01
    41   1.26572       1.41500      0.132634E-01
    42   1.29717       1.34000      0.138559E-01
    43   1.32862       1.43000      0.140131E-01
    44   1.36006       1.30750      0.136368E-01
    45   1.39151       1.37500      0.143870E-01
    46   1.42296       1.50000      0.133506E-01
    47   1.45440       1.52500      0.140195E-01
    48   1.48585       1.48250      0.150941E-01
    49   1.51730       1.50500      0.139227E-01
    50   1.54874       1.41000      0.148921E-01
    51   1.58019       1.48500      0.143904E-01
    52   1.61164       1.67250      0.152664E-01
    53   1.64308       1.68500      0.150755E-01
    54   1.67453       1.65000      0.153535E-01
    55   1.70597       1.61500      0.152552E-01
    56   1.73742       1.69000      0.159933E-01
    57   1.76887       1.82000      0.164447E-01
    58   1.80031       1.73250      0.160195E-01
    59   1.83176       1.70000      0.157411E-01
    60   1.86321       1.90250      0.159403E-01
    61   1.89465       1.77250      0.151483E-01
    62   1.92610       1.91500      0.161217E-01
    63   1.95755       2.04000      0.162639E-01
    64   1.98899       1.98500      0.171644E-01
    65   2.02044       2.01500      0.166730E-01
    66   2.05189       1.95500      0.166310E-01
    67   2.08333       2.18750      0.176395E-01
    68   2.11478       2.15000      0.171298E-01
    69   2.14623       1.99000      0.164034E-01
    70   2.17767       2.21000      0.172403E-01
    71   2.20912       2.16250      0.172681E-01
    72   2.24057       2.40500      0.184955E-01
    73   2.27201       2.18750      0.183569E-01
    74   2.30346       2.15000      0.177097E-01
    75   2.33491       2.28250      0.181754E-01
    76   2.36635       2.33750      0.189934E-01
    77   2.39780       2.39000      0.182910E-01
    78   2.42925       2.56250      0.177220E-01
    79   2.46069       2.40500      0.178275E-01
    80   2.49214       2.58500      0.186408E-01
 
Area discrepancy =    4.50893    
 
  Area iteration     19
 
        Desired, Actual, Linear
  Cell  Volume   Volume  Weight
 
     1  0.786163E-02  0.500000E-02  0.734189E-03
     2  0.393082E-01  0.450000E-01  0.268763E-02
     3  0.707547E-01  0.875000E-01  0.327272E-02
     4  0.102201      0.102500      0.399820E-02
     5  0.133648      0.140000      0.393663E-02
     6  0.165094      0.127500      0.511878E-02
     7  0.196541      0.155000      0.464179E-02
     8  0.227987      0.220000      0.531884E-02
     9  0.259434      0.340000      0.670939E-02
    10  0.290881      0.242500      0.620762E-02
    11  0.322327      0.340000      0.662399E-02
    12  0.353774      0.342500      0.755973E-02
    13  0.385220      0.407500      0.780978E-02
    14  0.416667      0.365000      0.755494E-02
    15  0.448113      0.475000      0.853703E-02
    16  0.479560      0.477500      0.860823E-02
    17  0.511006      0.475000      0.854013E-02
    18  0.542453      0.560000      0.889777E-02
    19  0.573899      0.592500      0.920027E-02
    20  0.605346      0.612500      0.926683E-02
    21  0.636792      0.552500      0.947021E-02
    22  0.668239      0.662500      0.102318E-01
    23  0.699686      0.802500      0.106130E-01
    24  0.731132      0.692500      0.100598E-01
    25  0.762579      0.887500      0.110952E-01
    26  0.794025      0.910000      0.115456E-01
    27  0.825472      0.717500      0.109079E-01
    28  0.856918      0.912500      0.111739E-01
    29  0.888365      0.877500      0.109710E-01
    30  0.919811       1.05250      0.117015E-01
    31  0.951258      0.917500      0.111507E-01
    32  0.982704      0.950000      0.104608E-01
    33   1.01415       1.02750      0.116751E-01
    34   1.04560       1.11000      0.120384E-01
    35   1.07704       1.13000      0.125415E-01
    36   1.10849       1.04750      0.121340E-01
    37   1.13994       1.16500      0.131803E-01
    38   1.17138       1.25000      0.137341E-01
    39   1.20283       1.18000      0.124270E-01
    40   1.23428       1.24000      0.128875E-01
    41   1.26572       1.21250      0.125405E-01
    42   1.29717       1.15500      0.136285E-01
    43   1.32862       1.30500      0.135031E-01
    44   1.36006       1.44250      0.139039E-01
    45   1.39151       1.44000      0.144687E-01
    46   1.42296       1.27250      0.129993E-01
    47   1.45440       1.35000      0.136869E-01
    48   1.48585       1.43250      0.151066E-01
    49   1.51730       1.49750      0.139752E-01
    50   1.54874       1.64250      0.156028E-01
    51   1.58019       1.54250      0.148399E-01
    52   1.61164       1.66500      0.149815E-01
    53   1.64308       1.74000      0.148823E-01
    54   1.67453       1.54750      0.154625E-01
    55   1.70597       1.74000      0.156742E-01
    56   1.73742       1.63500      0.162112E-01
    57   1.76887       1.81750      0.162071E-01
    58   1.80031       1.81250      0.163251E-01
    59   1.83176       1.96000      0.163347E-01
    60   1.86321       1.71500      0.157700E-01
    61   1.89465       1.96500      0.156568E-01
    62   1.92610       1.92750      0.161634E-01
    63   1.95755       1.95000      0.159270E-01
    64   1.98899       2.00000      0.171764E-01
    65   2.02044       2.04750      0.166904E-01
    66   2.05189       2.14500      0.170329E-01
    67   2.08333       2.06250      0.172091E-01
    68   2.11478       2.09250      0.169838E-01
    69   2.14623       2.16000      0.170300E-01
    70   2.17767       2.13500      0.171085E-01
    71   2.20912       2.26750      0.174479E-01
    72   2.24057       2.23500      0.178466E-01
    73   2.27201       2.35250      0.187025E-01
    74   2.30346       2.42000      0.183252E-01
    75   2.33491       2.24000      0.183772E-01
    76   2.36635       2.36750      0.191044E-01
    77   2.39780       2.38000      0.183153E-01
    78   2.42925       2.26250      0.172498E-01
    79   2.46069       2.45500      0.180272E-01
    80   2.49214       2.41250      0.182973E-01
 
Area discrepancy =    4.12638    
 
  Area iteration     20
 
        Desired, Actual, Linear
  Cell  Volume   Volume  Weight
 
     1  0.786163E-02   0.00000      0.917075E-03
     2  0.393082E-01  0.275000E-01  0.251010E-02
     3  0.707547E-01  0.750000E-01  0.294082E-02
     4  0.102201      0.112500      0.398949E-02
     5  0.133648      0.127500      0.384351E-02
     6  0.165094      0.250000      0.582056E-02
     7  0.196541      0.257500      0.522315E-02
     8  0.227987      0.247500      0.541063E-02
     9  0.259434      0.257500      0.585658E-02
    10  0.290881      0.355000      0.679381E-02
    11  0.322327      0.270000      0.644489E-02
    12  0.353774      0.385000      0.767760E-02
    13  0.385220      0.350000      0.758781E-02
    14  0.416667      0.420000      0.806614E-02
    15  0.448113      0.477500      0.828591E-02
    16  0.479560      0.525000      0.862056E-02
    17  0.511006      0.522500      0.885151E-02
    18  0.542453      0.535000      0.875094E-02
    19  0.573899      0.522500      0.904818E-02
    20  0.605346      0.600000      0.920591E-02
    21  0.636792      0.715000      0.101597E-01
    22  0.668239      0.675000      0.102686E-01
    23  0.699686      0.610000      0.990273E-02
    24  0.731132      0.767500      0.103291E-01
    25  0.762579      0.752500      0.102773E-01
    26  0.794025      0.722500      0.107770E-01
    27  0.825472       1.04250      0.116914E-01
    28  0.856918      0.790000      0.108204E-01
    29  0.888365      0.910000      0.110307E-01
    30  0.919811      0.827500      0.109312E-01
    31  0.951258      0.920000      0.113458E-01
    32  0.982704      0.957500      0.106316E-01
    33   1.01415       1.00500      0.115907E-01
    34   1.04560      0.955000      0.116755E-01
    35   1.07704       1.10750      0.122353E-01
    36   1.10849       1.21000      0.124732E-01
    37   1.13994       1.21250      0.130284E-01
    38   1.17138       1.09500      0.132856E-01
    39   1.20283       1.08000      0.125376E-01
    40   1.23428       1.17500      0.128485E-01
    41   1.26572       1.28750      0.128035E-01
    42   1.29717       1.39000      0.144326E-01
    43   1.32862       1.31500      0.136149E-01
    44   1.36006       1.32500      0.134911E-01
    45   1.39151       1.45500      0.142127E-01
    46   1.42296       1.37250      0.137364E-01
    47   1.45440       1.33750      0.141961E-01
    48   1.48585       1.57500      0.153742E-01
    49   1.51730       1.54750      0.140571E-01
    50   1.54874       1.52750      0.151400E-01
    51   1.58019       1.61750      0.150093E-01
    52   1.61164       1.66000      0.147288E-01
    53   1.64308       1.59500      0.144515E-01
    54   1.67453       1.95000      0.160731E-01
    55   1.70597       1.62750      0.155090E-01
    56   1.73742       1.87000      0.166992E-01
    57   1.76887       1.74750      0.159773E-01
    58   1.80031       1.77500      0.162584E-01
    59   1.83176       1.86250      0.157799E-01
    60   1.86321       1.90000      0.164255E-01
    61   1.89465       2.01000      0.153629E-01
    62   1.92610       1.91750      0.161459E-01
    63   1.95755       1.84250      0.159463E-01
    64   1.98899       1.97500      0.171168E-01
    65   2.02044       2.01750      0.165678E-01
    66   2.05189       2.06250      0.166471E-01
    67   2.08333       1.99750      0.172834E-01
    68   2.11478       2.02250      0.170616E-01
    69   2.14623       2.05500      0.169633E-01
    70   2.17767       2.15500      0.172662E-01
    71   2.20912       2.18750      0.172095E-01
    72   2.24057       2.26500      0.178560E-01
    73   2.27201       2.26750      0.183665E-01
    74   2.30346       2.30250      0.178656E-01
    75   2.33491       2.28000      0.187490E-01
    76   2.36635       2.39750      0.190860E-01
    77   2.39780       2.17750      0.183704E-01
    78   2.42925       2.50250      0.178613E-01
    79   2.46069       2.37500      0.180351E-01
    80   2.49214       2.60500      0.185835E-01
 
Area discrepancy =    4.31164    
 
Cell generators:
 
   1   0.905393E+01   0.580083E+01
   2   0.991721E+01   0.893269E+01
   3   0.418699E+01   0.347214E+01
   4   0.127687E+01   0.142007E+00
   5   0.717445E+01   0.332077E+01
   6   0.210565E+00   0.975455E+01
   7   0.277171E+01   0.193407E+01
   8   0.695176E+01   0.753228E+01
   9   0.246261E+00   0.535083E+01
  10   0.971398E+01   0.149072E+01
  11   0.963274E+01   0.979713E+01
  12   0.270198E+00   0.847263E+01
  13   0.134703E+01   0.671160E+01
  14   0.960233E+01   0.922401E+01
  15   0.385536E+01   0.627159E+01
  16   0.156977E+01   0.557017E+01
  17   0.891411E+01   0.141092E+01
  18   0.177865E+01   0.621261E+01
  19   0.715524E+01   0.152246E+01
  20   0.344369E+00   0.467560E+01
  21   0.918835E+00   0.516065E+01
  22   0.279932E+01   0.358282E+01
  23   0.957853E+01   0.848049E+01
  24   0.632172E+01   0.154105E+01
  25   0.333982E+01   0.682076E+01
  26   0.656881E+01   0.449185E+01
  27   0.438936E+01   0.435376E+00
  28   0.189168E+01   0.415035E+00
  29   0.235080E+01   0.957503E+01
  30   0.491683E+01   0.958858E+01
  31   0.567574E+01   0.484017E+01
  32   0.758460E+01   0.954093E+01
  33   0.479759E+01   0.306784E+01
  34   0.558265E+01   0.590907E+01
  35   0.873528E+01   0.955810E+01
  36   0.724058E+01   0.838849E+01
  37   0.798718E+01   0.314057E+01
  38   0.955568E+01   0.508942E+01
  39   0.635003E+01   0.681923E+01
  40   0.939629E+01   0.757563E+01
  41   0.694832E+01   0.253114E+01
  42   0.804070E+01   0.191017E+01
  43   0.488862E+01   0.409510E+01
  44   0.575096E+01   0.226863E+01
  45   0.188554E+01   0.147307E+01
  46   0.592708E+00   0.617528E+01
  47   0.229694E+01   0.703481E+01
  48   0.684993E+01   0.567770E+00
  49   0.618237E+00   0.615070E+00
  50   0.937257E+01   0.573695E+00
  51   0.554734E+01   0.658813E+00
  52   0.810169E+01   0.657401E+00
  53   0.763359E+01   0.419704E+01
  54   0.841226E+01   0.845972E+01
  55   0.478551E+01   0.856410E+01
  56   0.602122E+01   0.797191E+01
  57   0.938836E+01   0.639452E+01
  58   0.355968E+01   0.790661E+01
  59   0.362019E+01   0.425412E+01
  60   0.448633E+01   0.536811E+01
  61   0.360883E+01   0.936704E+01
  62   0.349997E+01   0.270535E+01
  63   0.917148E+01   0.399347E+01
  64   0.837075E+01   0.536890E+01
  65   0.206312E+01   0.274274E+01
  66   0.627418E+01   0.934499E+01
  67   0.644551E+00   0.199931E+01
  68   0.613671E+01   0.351375E+01
  69   0.778585E+00   0.755280E+01
  70   0.222888E+01   0.839924E+01
  71   0.287574E+01   0.568856E+01
  72   0.200199E+01   0.445932E+01
  73   0.927611E+01   0.255466E+01
  74   0.984819E+00   0.923624E+01
  75   0.451918E+01   0.170396E+01
  76   0.691855E+01   0.564503E+01
  77   0.755357E+00   0.353917E+01
  78   0.788320E+01   0.701900E+01
  79   0.312774E+01   0.861369E+00
  80   0.480153E+01   0.699592E+01
 
Cell volumes:
 
   1   0.000000E+00
   2   0.275000E-01
   3   0.750000E-01
   4   0.112500E+00
   5   0.127500E+00
   6   0.250000E+00
   7   0.257500E+00
   8   0.247500E+00
   9   0.257500E+00
  10   0.355000E+00
  11   0.270000E+00
  12   0.385000E+00
  13   0.350000E+00
  14   0.420000E+00
  15   0.477500E+00
  16   0.525000E+00
  17   0.522500E+00
  18   0.535000E+00
  19   0.522500E+00
  20   0.600000E+00
  21   0.715000E+00
  22   0.675000E+00
  23   0.610000E+00
  24   0.767500E+00
  25   0.752500E+00
  26   0.722500E+00
  27   0.104250E+01
  28   0.790000E+00
  29   0.910000E+00
  30   0.827500E+00
  31   0.920000E+00
  32   0.957500E+00
  33   0.100500E+01
  34   0.955000E+00
  35   0.110750E+01
  36   0.121000E+01
  37   0.121250E+01
  38   0.109500E+01
  39   0.108000E+01
  40   0.117500E+01
  41   0.128750E+01
  42   0.139000E+01
  43   0.131500E+01
  44   0.132500E+01
  45   0.145500E+01
  46   0.137250E+01
  47   0.133750E+01
  48   0.157500E+01
  49   0.154750E+01
  50   0.152750E+01
  51   0.161750E+01
  52   0.166000E+01
  53   0.159500E+01
  54   0.195000E+01
  55   0.162750E+01
  56   0.187000E+01
  57   0.174750E+01
  58   0.177500E+01
  59   0.186250E+01
  60   0.190000E+01
  61   0.201000E+01
  62   0.191750E+01
  63   0.184250E+01
  64   0.197500E+01
  65   0.201750E+01
  66   0.206250E+01
  67   0.199750E+01
  68   0.202250E+01
  69   0.205500E+01
  70   0.215500E+01
  71   0.218750E+01
  72   0.226500E+01
  73   0.226750E+01
  74   0.230250E+01
  75   0.228000E+01
  76   0.239750E+01
  77   0.217750E+01
  78   0.250250E+01
  79   0.237500E+01
  80   0.260500E+01
 
CVT_SIZE_PRB
  Normal end of execution.
 
December  4 2002   7:16:48.525 AM
