December  3 2002  12:04:58.546 PM
 
CVT_SIZE_PRB
  A sample problem for the probabilistic
  sized Centroidal Voronoi Tesselation algorithm.
 
  Given a region in 2D, the problem is to determine
  GENERATORS, a set of points which define a division
  of the region into Voronoid cells, which are also
  CENTROIDS of the Voronoi cells, and which have a 
  certain SIZE.
 
 
Geometry parameters:
-------------------
 
  The spatial dimension is DIM_NUM =   2
 
  The minimum corner of the bounding box is:
    0.0000    0.0000
  The maximum corner of the bounding box is:
   10.0000   10.0000
 
CVT Algorithm parameters:
-------------------------
 
  The number of Voronoi cells to generate:     80
  Number of iterations to determine CVT:      1
  Number of sampling points:  40000
  Voronoi cell generators are initialized by RANDOM_NUMBER.
 
  The desired CVT cell volumes and initial weights are:
 
 1  0.308642E-01  0.207772E-02
 2  0.617284E-01  0.293834E-02
 3  0.925926E-01  0.359872E-02
 4  0.123457      0.415544E-02
 5  0.154321      0.464592E-02
 6  0.185185      0.508935E-02
 7  0.216049      0.549713E-02
 8  0.246914      0.587668E-02
 9  0.277778      0.623316E-02
10  0.308642      0.657033E-02
11  0.339506      0.689102E-02
12  0.370370      0.719743E-02
13  0.401235      0.749133E-02
14  0.432099      0.777412E-02
15  0.462963      0.804698E-02
16  0.493827      0.831088E-02
17  0.524691      0.856666E-02
18  0.555556      0.881502E-02
19  0.586420      0.905657E-02
20  0.617284      0.929185E-02
21  0.648148      0.952131E-02
22  0.679012      0.974537E-02
23  0.709877      0.996440E-02
24  0.740741      0.101787E-01
25  0.771605      0.103886E-01
26  0.802469      0.105943E-01
27  0.833333      0.107962E-01
28  0.864197      0.109943E-01
29  0.895062      0.111889E-01
30  0.925926      0.113801E-01
31  0.956790      0.115683E-01
32  0.987654      0.117534E-01
33   1.01852      0.119356E-01
34   1.04938      0.121151E-01
35   1.08025      0.122920E-01
36   1.11111      0.124663E-01
37   1.14198      0.126383E-01
38   1.17284      0.128079E-01
39   1.20370      0.129754E-01
40   1.23457      0.131407E-01
41   1.26543      0.133039E-01
42   1.29630      0.134652E-01
43   1.32716      0.136245E-01
44   1.35802      0.137820E-01
45   1.38889      0.139378E-01
46   1.41975      0.140918E-01
47   1.45062      0.142441E-01
48   1.48148      0.143949E-01
49   1.51235      0.145440E-01
50   1.54321      0.146917E-01
51   1.57407      0.148379E-01
52   1.60494      0.149827E-01
53   1.63580      0.151260E-01
54   1.66667      0.152681E-01
55   1.69753      0.154088E-01
56   1.72839      0.155482E-01
57   1.75926      0.156864E-01
58   1.79012      0.158234E-01
59   1.82099      0.159593E-01
60   1.85185      0.160940E-01
61   1.88272      0.162275E-01
62   1.91358      0.163600E-01
63   1.94444      0.164914E-01
64   1.97531      0.166218E-01
65   2.00617      0.167511E-01
66   2.03704      0.168795E-01
67   2.06790      0.170069E-01
68   2.09877      0.171333E-01
69   2.12963      0.172588E-01
70   2.16049      0.173835E-01
71   2.19136      0.175072E-01
72   2.22222      0.176300E-01
73   2.25309      0.177521E-01
74   2.28395      0.178732E-01
75   2.31481      0.179936E-01
76   2.34568      0.181131E-01
77   2.37654      0.182319E-01
78   2.40741      0.183499E-01
79   2.43827      0.184672E-01
80   2.46914      0.185837E-01
 
 
Nearest Neighbor Search parameters:
-----------------------------------
 
  The nearest neighbor search is not speeded up.
  The nearest neighbor search is done by exhaustion.
 
 
Miscellaneous parameters:
------------------------
 
  Generator and moment output files WILL be written.
 
 
RANDOM_INITIALIZE
  Initialize RANDOM_NUMBER with arbitrary SEED =   1972580129
 
  Initializing the cell generators.
 
  Carry out the CVT iteration.
 
  Area iteration      1
 
        Desired, Actual, Linear
  Cell  Volume   Volume  Weight
 
     1  0.308642E-01  0.275000E-01  0.207772E-02
     2  0.617284E-01  0.625000E-01  0.293834E-02
     3  0.925926E-01  0.700000E-01  0.359872E-02
     4  0.123457      0.900000E-01  0.415544E-02
     5  0.154321      0.155000      0.464592E-02
     6  0.185185      0.162500      0.508935E-02
     7  0.216049      0.265000      0.549713E-02
     8  0.246914      0.332500      0.587668E-02
     9  0.277778      0.177500      0.623316E-02
    10  0.308642      0.245000      0.657033E-02
    11  0.339506      0.347500      0.689102E-02
    12  0.370370      0.357500      0.719743E-02
    13  0.401235      0.475000      0.749133E-02
    14  0.432099      0.617500      0.777412E-02
    15  0.462963      0.415000      0.804698E-02
    16  0.493827      0.577500      0.831088E-02
    17  0.524691      0.460000      0.856666E-02
    18  0.555556      0.390000      0.881502E-02
    19  0.586420      0.557500      0.905657E-02
    20  0.617284      0.590000      0.929185E-02
    21  0.648148      0.572500      0.952131E-02
    22  0.679012      0.692500      0.974537E-02
    23  0.709877       1.00750      0.996440E-02
    24  0.740741      0.712500      0.101787E-01
    25  0.771605      0.835000      0.103886E-01
    26  0.802469       1.14750      0.105943E-01
    27  0.833333      0.792500      0.107962E-01
    28  0.864197       1.00250      0.109943E-01
    29  0.895062      0.595000      0.111889E-01
    30  0.925926      0.650000      0.113801E-01
    31  0.956790      0.852500      0.115683E-01
    32  0.987654       1.02250      0.117534E-01
    33   1.01852       1.67250      0.119356E-01
    34   1.04938      0.867500      0.121151E-01
    35   1.08025       1.30000      0.122920E-01
    36   1.11111       1.15500      0.124663E-01
    37   1.14198       1.09250      0.126383E-01
    38   1.17284       1.24250      0.128079E-01
    39   1.20370      0.927500      0.129754E-01
    40   1.23457       1.27250      0.131407E-01
    41   1.26543       1.04000      0.133039E-01
    42   1.29630       1.53500      0.134652E-01
    43   1.32716       1.29750      0.136245E-01
    44   1.35802       1.47250      0.137820E-01
    45   1.38889       1.62750      0.139378E-01
    46   1.41975       1.19750      0.140918E-01
    47   1.45062       1.76500      0.142441E-01
    48   1.48148       1.47750      0.143949E-01
    49   1.51235       1.70750      0.145440E-01
    50   1.54321       1.72250      0.146917E-01
    51   1.57407       1.36750      0.148379E-01
    52   1.60494       1.46750      0.149827E-01
    53   1.63580       2.06250      0.151260E-01
    54   1.66667       1.26500      0.152681E-01
    55   1.69753       1.81750      0.154088E-01
    56   1.72839       1.75500      0.155482E-01
    57   1.75926       1.67750      0.156864E-01
    58   1.79012       1.93500      0.158234E-01
    59   1.82099       2.24000      0.159593E-01
    60   1.85185       1.86750      0.160940E-01
    61   1.88272       1.56250      0.162275E-01
    62   1.91358       1.60500      0.163600E-01
    63   1.94444       2.18250      0.164914E-01
    64   1.97531       1.53500      0.166218E-01
    65   2.00617       2.32750      0.167511E-01
    66   2.03704       1.97000      0.168795E-01
    67   2.06790       2.05750      0.170069E-01
    68   2.09877       1.94750      0.171333E-01
    69   2.12963       1.35750      0.172588E-01
    70   2.16049       2.93500      0.173835E-01
    71   2.19136       1.61750      0.175072E-01
    72   2.22222       1.98000      0.176300E-01
    73   2.25309       2.51250      0.177521E-01
    74   2.28395       1.74250      0.178732E-01
    75   2.31481       1.98500      0.179936E-01
    76   2.34568       2.41750      0.181131E-01
    77   2.37654       1.80000      0.182319E-01
    78   2.40741       3.08750      0.183499E-01
    79   2.43827       2.81250      0.184672E-01
    80   2.46914       2.48000      0.185837E-01
 
Area discrepancy =    15.1369    
 
  Area iteration      2
 
        Desired, Actual, Linear
  Cell  Volume   Volume  Weight
 
     1  0.308642E-01  0.150000E-01  0.217306E-02
     2  0.617284E-01  0.825000E-01  0.288289E-02
     3  0.925926E-01  0.137500      0.408611E-02
     4  0.123457      0.132500      0.480482E-02
     5  0.154321      0.137500      0.457659E-02
     6  0.185185      0.177500      0.536368E-02
     7  0.216049      0.222500      0.490019E-02
     8  0.246914      0.192500      0.499956E-02
     9  0.277778      0.247500      0.769204E-02
    10  0.308642      0.322500      0.728039E-02
    11  0.339506      0.330000      0.672440E-02
    12  0.370370      0.395000      0.723238E-02
    13  0.401235      0.360000      0.679727E-02
    14  0.432099      0.402500      0.642018E-02
    15  0.462963      0.542500      0.839084E-02
    16  0.493827      0.495000      0.758721E-02
    17  0.524691      0.535000      0.903250E-02
    18  0.555556      0.550000      0.103867E-01
    19  0.586420      0.637500      0.917000E-02
    20  0.617284      0.615000      0.938301E-02
    21  0.648148      0.557500      0.100016E-01
    22  0.679012      0.687500      0.952688E-02
    23  0.709877      0.642500      0.825740E-02
    24  0.740741      0.957500      0.102461E-01
    25  0.771605      0.802500      0.985904E-02
    26  0.802469      0.710000      0.874651E-02
    27  0.833333       1.09500      0.109295E-01
    28  0.864197      0.820000      0.100775E-01
    29  0.895062      0.927500      0.135481E-01
    30  0.925926      0.872500      0.134092E-01
    31  0.956790      0.925000      0.120991E-01
    32  0.987654       1.02750      0.114040E-01
    33   1.01852      0.925000      0.919536E-02
    34   1.04938      0.845000      0.131547E-01
    35   1.08025       1.19750      0.110620E-01
    36   1.11111       1.07750      0.120712E-01
    37   1.14198       1.41250      0.127564E-01
    38   1.17284       1.28000      0.122850E-01
    39   1.20370       1.37250      0.145930E-01
    40   1.23457       1.13750      0.127782E-01
    41   1.26543      0.997500      0.144879E-01
    42   1.29630       1.32250      0.122161E-01
    43   1.32716       1.25750      0.136036E-01
    44   1.35802       1.23250      0.130666E-01
    45   1.38889       1.25000      0.127113E-01
    46   1.41975       1.57250      0.151481E-01
    47   1.45062       1.45500      0.127486E-01
    48   1.48148       1.59000      0.142303E-01
    49   1.51235       1.60500      0.135131E-01
    50   1.54321       1.32000      0.137287E-01
    51   1.57407       1.63000      0.157161E-01
    52   1.60494       1.89500      0.154686E-01
    53   1.63580       1.86250      0.132989E-01
    54   1.66667       1.56500      0.173016E-01
    55   1.69753       1.38750      0.147016E-01
    56   1.72839       1.70250      0.152331E-01
    57   1.75926       1.93750      0.158592E-01
    58   1.79012       1.86250      0.150254E-01
    59   1.82099       1.80500      0.142058E-01
    60   1.85185       1.76750      0.158219E-01
    61   1.88272       1.78750      0.175856E-01
    62   1.91358       1.71000      0.176357E-01
    63   1.94444       1.95250      0.153674E-01
    64   1.97531       1.96250      0.186150E-01
    65   2.00617       2.01750      0.153535E-01
    66   2.03704       2.24000      0.169453E-01
    67   2.06790       2.27500      0.168323E-01
    68   2.09877       1.96500      0.175593E-01
    69   2.12963       2.26250      0.212983E-01
    70   2.16049       2.11000      0.147242E-01
    71   2.19136       2.41000      0.201175E-01
    72   2.22222       2.09500      0.184390E-01
    73   2.25309       2.73750      0.165962E-01
    74   2.28395       2.00500      0.202015E-01
    75   2.31481       2.06000      0.191831E-01
    76   2.34568       2.38000      0.176144E-01
    77   2.37654       2.04500      0.206820E-01
    78   2.40741       2.54250      0.159967E-01
    79   2.43827       2.39750      0.169754E-01
    80   2.46914       2.22500      0.183064E-01
 
Area discrepancy =    8.31636    
 
  Area iteration      3
 
        Desired, Actual, Linear
  Cell  Volume   Volume  Weight
 
     1  0.308642E-01  0.550000E-01  0.270661E-02
     2  0.617284E-01  0.600000E-01  0.248478E-02
     3  0.925926E-01  0.825000E-01  0.334111E-02
     4  0.123457      0.170000      0.462137E-02
     5  0.154321      0.197500      0.483112E-02
     6  0.185185      0.182500      0.545897E-02
     7  0.216049      0.237500      0.481137E-02
     8  0.246914      0.330000      0.564201E-02
     9  0.277778      0.315000      0.811984E-02
    10  0.308642      0.365000      0.709679E-02
    11  0.339506      0.287500      0.679617E-02
    12  0.370370      0.345000      0.697823E-02
    13  0.401235      0.330000      0.715034E-02
    14  0.432099      0.527500      0.662827E-02
    15  0.462963      0.387500      0.772365E-02
    16  0.493827      0.365000      0.755112E-02
    17  0.524691      0.580000      0.891307E-02
    18  0.555556      0.542500      0.104017E-01
    19  0.586420      0.527500      0.876350E-02
    20  0.617284      0.667500      0.936680E-02
    21  0.648148      0.660000      0.107455E-01
    22  0.679012      0.640000      0.943404E-02
    23  0.709877      0.637500      0.864853E-02
    24  0.740741      0.705000      0.897976E-02
    25  0.771605      0.630000      0.963283E-02
    26  0.802469      0.797500      0.926540E-02
    27  0.833333      0.885000      0.950055E-02
    28  0.864197      0.835000      0.103086E-01
    29  0.895062      0.842500      0.132615E-01
    30  0.925926      0.975000      0.137642E-01
    31  0.956790       1.04000      0.122612E-01
    32  0.987654       1.11250      0.111407E-01
    33   1.01852      0.867500      0.961450E-02
    34   1.04938       1.24000      0.146071E-01
    35   1.08025      0.977500      0.104689E-01
    36   1.11111       1.13000      0.122142E-01
    37   1.14198       1.22250      0.114290E-01
    38   1.17284       1.07500      0.117174E-01
    39   1.20370       1.21500      0.136174E-01
    40   1.23457       1.30500      0.132646E-01
    41   1.26543       1.41000      0.162597E-01
    42   1.29630       1.18500      0.120512E-01
    43   1.32716       1.37750      0.139253E-01
    44   1.35802       1.28750      0.136668E-01
    45   1.38889       1.60500      0.133510E-01
    46   1.41975       1.40250      0.143421E-01
    47   1.45062       1.37500      0.126839E-01
    48   1.48148       1.37250      0.136870E-01
    49   1.51235       1.24000      0.130703E-01
    50   1.54321       1.66000      0.147910E-01
    51   1.57407       1.62250      0.153889E-01
    52   1.60494       1.63750      0.141847E-01
    53   1.63580       1.36500      0.124188E-01
    54   1.66667       1.73250      0.177909E-01
    55   1.69753       1.65750      0.162032E-01
    56   1.72839       1.64750      0.152936E-01
    57   1.75926       1.76750      0.150581E-01
    58   1.79012       1.64750      0.146779E-01
    59   1.82099       1.64500      0.142176E-01
    60   1.85185       1.90000      0.161371E-01
    61   1.88272       2.22500      0.179834E-01
    62   1.91358       2.16500      0.185892E-01
    63   1.94444       1.76750      0.152809E-01
    64   1.97531       2.19500      0.186089E-01
    65   2.00617       1.99000      0.152556E-01
    66   2.03704       2.13500      0.161016E-01
    67   2.06790       2.04000      0.159905E-01
    68   2.09877       2.03750      0.180823E-01
    69   2.12963       2.63250      0.205896E-01
    70   2.16049       1.97500      0.148461E-01
    71   2.19136       2.28000      0.191147E-01
    72   2.22222       2.06000      0.189227E-01
    73   2.25309       2.11500      0.150025E-01
    74   2.28395       2.26000      0.214839E-01
    75   2.31481       2.33000      0.202623E-01
    76   2.34568       2.39000      0.174244E-01
    77   2.37654       2.46250      0.222159E-01
    78   2.40741       2.16250      0.155102E-01
    79   2.43827       2.33500      0.170579E-01
    80   2.46914       2.55750      0.192156E-01
 
Area discrepancy =    7.34605    
 
  Area iteration      4
 
        Desired, Actual, Linear
  Cell  Volume   Volume  Weight
 
     1  0.308642E-01  0.400000E-01  0.202855E-02
     2  0.617284E-01  0.350000E-01  0.252156E-02
     3  0.925926E-01  0.117500      0.354133E-02
     4  0.123457      0.750000E-01  0.394020E-02
     5  0.154321      0.117500      0.427259E-02
     6  0.185185      0.230000      0.550170E-02
     7  0.216049      0.232500      0.459122E-02
     8  0.246914      0.237500      0.488274E-02
     9  0.277778      0.297500      0.762878E-02
    10  0.308642      0.332500      0.652916E-02
    11  0.339506      0.350000      0.738897E-02
    12  0.370370      0.395000      0.723383E-02
    13  0.401235      0.442500      0.788830E-02
    14  0.432099      0.382500      0.600199E-02
    15  0.462963      0.490000      0.844646E-02
    16  0.493827      0.570000      0.878753E-02
    17  0.524691      0.480000      0.848164E-02
    18  0.555556      0.625000      0.105313E-01
    19  0.586420      0.475000      0.924454E-02
    20  0.617284      0.617500      0.901203E-02
    21  0.648148      0.720000      0.106539E-01
    22  0.679012      0.610000      0.972212E-02
    23  0.709877      0.595000      0.913079E-02
    24  0.740741      0.647500      0.920912E-02
    25  0.771605      0.727500      0.106659E-01
    26  0.802469      0.722500      0.929882E-02
    27  0.833333      0.730000      0.922361E-02
    28  0.864197      0.762500      0.104924E-01
    29  0.895062       1.04000      0.136756E-01
    30  0.925926      0.957500      0.134200E-01
    31  0.956790      0.937500      0.117663E-01
    32  0.987654      0.930000      0.105022E-01
    33   1.01852       1.02500      0.104230E-01
    34   1.04938       1.13750      0.134442E-01
    35   1.08025      0.960000      0.110108E-01
    36   1.11111      0.982500      0.121176E-01
    37   1.14198      0.940000      0.110516E-01
    38   1.17284       1.17250      0.122451E-01
    39   1.20370       1.30000      0.135606E-01
    40   1.23457       1.21250      0.129081E-01
    41   1.26543       1.48000      0.154112E-01
    42   1.29630       1.24750      0.126107E-01
    43   1.32716       1.31750      0.136753E-01
    44   1.35802       1.35500      0.140431E-01
    45   1.38889       1.16750      0.124258E-01
    46   1.41975       1.49000      0.144372E-01
    47   1.45062       1.49000      0.130344E-01
    48   1.48148       1.50500      0.142271E-01
    49   1.51235       1.35000      0.144416E-01
    50   1.54321       1.44750      0.142683E-01
    51   1.57407       1.61250      0.151650E-01
    52   1.60494       1.48000      0.140499E-01
    53   1.63580       1.70000      0.136017E-01
    54   1.66667       1.85250      0.174582E-01
    55   1.69753       1.76750      0.164058E-01
    56   1.72839       1.77250      0.156723E-01
    57   1.75926       1.70250      0.150304E-01
    58   1.79012       1.82250      0.153076E-01
    59   1.82099       1.83500      0.149662E-01
    60   1.85185       1.83500      0.159392E-01
    61   1.88272       1.93000      0.165506E-01
    62   1.91358       1.95500      0.174852E-01
    63   1.94444       1.93000      0.160354E-01
    64   1.97531       2.36250      0.176618E-01
    65   2.00617       1.86750      0.153250E-01
    66   2.03704       1.88750      0.157356E-01
    67   2.06790       1.90750      0.161074E-01
    68   2.09877       2.14250      0.183612E-01
    69   2.12963       2.34250      0.185280E-01
    70   2.16049       1.93750      0.155353E-01
    71   2.19136       2.37500      0.187487E-01
    72   2.22222       2.44250      0.196634E-01
    73   2.25309       2.21000      0.154922E-01
    74   2.28395       2.75750      0.216082E-01
    75   2.31481       2.32500      0.202061E-01
    76   2.34568       2.27000      0.172706E-01
    77   2.37654       2.72250      0.218355E-01
    78   2.40741       2.00000      0.163730E-01
    79   2.43827       2.38500      0.174396E-01
    80   2.46914       2.36750      0.188901E-01
 
Area discrepancy =    7.18031    
 
  Area iteration      5
 
        Desired, Actual, Linear
  Cell  Volume   Volume  Weight
 
     1  0.308642E-01  0.200000E-01  0.177889E-02
     2  0.617284E-01  0.650000E-01  0.314662E-02
     3  0.925926E-01  0.500000E-01  0.313835E-02
     4  0.123457      0.165000      0.491693E-02
     5  0.154321      0.135000      0.488821E-02
     6  0.185185      0.177500      0.492835E-02
     7  0.216049      0.162500      0.441833E-02
     8  0.246914      0.182500      0.497015E-02
     9  0.277778      0.285000      0.735912E-02
    10  0.308642      0.267500      0.627993E-02
    11  0.339506      0.377500      0.726506E-02
    12  0.370370      0.302500      0.699283E-02
    13  0.401235      0.442500      0.749879E-02
    14  0.432099      0.412500      0.636849E-02
    15  0.462963      0.475000      0.819625E-02
    16  0.493827      0.525000      0.816549E-02
    17  0.524691      0.622500      0.885272E-02
    18  0.555556      0.772500      0.991226E-02
    19  0.586420      0.662500      0.102544E-01
    20  0.617284      0.610000      0.899523E-02
    21  0.648148      0.705000      0.100912E-01
    22  0.679012      0.652500      0.102400E-01
    23  0.709877      0.590000      0.995650E-02
    24  0.740741      0.770000      0.983324E-02
    25  0.771605      0.775000      0.109659E-01
    26  0.802469      0.767500      0.978337E-02
    27  0.833333      0.792500      0.983817E-02
    28  0.864197      0.830000      0.111514E-01
    29  0.895062      0.882500      0.126655E-01
    30  0.925926       1.06250      0.131746E-01
    31  0.956790       1.06250      0.118667E-01
    32  0.987654       1.03000      0.108045E-01
    33   1.01852      0.902500      0.103724E-01
    34   1.04938       1.10500      0.128912E-01
    35   1.08025      0.970000      0.116603E-01
    36   1.11111       1.04250      0.128646E-01
    37   1.14198       1.05500      0.121606E-01
    38   1.17284       1.11750      0.122262E-01
    39   1.20370       1.28000      0.130267E-01
    40   1.23457       1.29250      0.130030E-01
    41   1.26543       1.15250      0.142263E-01
    42   1.29630       1.24750      0.128332E-01
    43   1.32716       1.30250      0.137021E-01
    44   1.35802       1.21750      0.140350E-01
    45   1.38889       1.43750      0.135299E-01
    46   1.41975       1.53000      0.140689E-01
    47   1.45062       1.29750      0.128393E-01
    48   1.48148       1.49750      0.140916E-01
    49   1.51235       1.46000      0.152595E-01
    50   1.54321       1.47750      0.147075E-01
    51   1.57407       1.66250      0.149579E-01
    52   1.60494       1.56000      0.146062E-01
    53   1.63580       1.40500      0.133198E-01
    54   1.66667       1.81000      0.165314E-01
    55   1.69753       1.81500      0.160506E-01
    56   1.72839       1.75000      0.154499E-01
    57   1.75926       1.80500      0.152530E-01
    58   1.79012       1.58000      0.151454E-01
    59   1.82099       1.78750      0.148837E-01
    60   1.85185       1.74750      0.159852E-01
    61   1.88272       1.98250      0.163190E-01
    62   1.91358       1.98000      0.172698E-01
    63   1.94444       1.82250      0.160681E-01
    64   1.97531       2.00000      0.161225E-01
    65   2.00617       1.82250      0.158569E-01
    66   2.03704       1.88250      0.163194E-01
    67   2.06790       1.94000      0.167426E-01
    68   2.09877       2.15750      0.181421E-01
    69   2.12963       2.14000      0.176363E-01
    70   2.16049       2.07250      0.163772E-01
    71   2.19136       2.39750      0.179788E-01
    72   2.22222       2.57000      0.187241E-01
    73   2.25309       2.04250      0.156160E-01
    74   2.28395       2.54500      0.196322E-01
    75   2.31481       2.53500      0.201277E-01
    76   2.34568       2.33000      0.175265E-01
    77   2.37654       2.82750      0.203665E-01
    78   2.40741       2.26750      0.179331E-01
    79   2.43827       2.26750      0.176035E-01
    80   2.46914       2.47750      0.192587E-01
 
Area discrepancy =    6.95049    
 
  Area iteration      6
 
        Desired, Actual, Linear
  Cell  Volume   Volume  Weight
 
     1  0.308642E-01  0.475000E-01  0.220488E-02
     2  0.617284E-01  0.550000E-01  0.305953E-02
     3  0.925926E-01  0.975000E-01  0.391413E-02
     4  0.123457      0.117500      0.424358E-02
     5  0.154321      0.200000      0.521458E-02
     6  0.185185      0.237500      0.502261E-02
     7  0.216049      0.245000      0.508314E-02
     8  0.246914      0.225000      0.576812E-02
     9  0.277778      0.345000      0.724896E-02
    10  0.308642      0.340000      0.673045E-02
    11  0.339506      0.342500      0.687429E-02
    12  0.370370      0.350000      0.772026E-02
    13  0.401235      0.382500      0.712455E-02
    14  0.432099      0.347500      0.650339E-02
    15  0.462963      0.417500      0.807356E-02
    16  0.493827      0.437500      0.790158E-02
    17  0.524691      0.545000      0.810928E-02
    18  0.555556      0.575000      0.838708E-02
    19  0.586420      0.655000      0.962594E-02
    20  0.617284      0.585000      0.902845E-02
    21  0.648148      0.702500      0.965407E-02
    22  0.679012      0.715000      0.104225E-01
    23  0.709877      0.745000      0.108967E-01
    24  0.740741      0.700000      0.962295E-02
    25  0.771605      0.822500      0.109172E-01
    26  0.802469      0.815000      0.998130E-02
    27  0.833333      0.742500      0.100658E-01
    28  0.864197      0.877500      0.113532E-01
    29  0.895062      0.977500      0.127267E-01
    30  0.925926      0.885000      0.122711E-01
    31  0.956790      0.945000      0.112356E-01
    32  0.987654      0.775000      0.105563E-01
    33   1.01852      0.847500      0.109942E-01
    34   1.04938       1.01000      0.125343E-01
    35   1.08025       1.02000      0.122775E-01
    36   1.11111       1.14500      0.132514E-01
    37   1.14198       1.02750      0.126236E-01
    38   1.17284       1.15250      0.124971E-01
    39   1.20370       1.30500      0.126041E-01
    40   1.23457       1.21500      0.126797E-01
    41   1.26543       1.63750      0.148735E-01
    42   1.29630       1.22750      0.130524E-01
    43   1.32716       1.44000      0.138001E-01
    44   1.35802       1.36000      0.147896E-01
    45   1.38889       1.37750      0.132693E-01
    46   1.41975       1.36500      0.135222E-01
    47   1.45062       1.42750      0.135453E-01
    48   1.48148       1.55500      0.139846E-01
    49   1.51235       1.56250      0.154957E-01
    50   1.54321       1.40500      0.149973E-01
    51   1.57407       1.42250      0.145220E-01
    52   1.60494       1.54750      0.147818E-01
    53   1.63580       1.66750      0.143400E-01
    54   1.66667       1.62250      0.158278E-01
    55   1.69753       1.70000      0.154876E-01
    56   1.72839       1.79000      0.153198E-01
    57   1.75926       1.65250      0.150247E-01
    58   1.79012       1.74000      0.160848E-01
    59   1.82099       1.81500      0.149887E-01
    60   1.85185       1.82000      0.164186E-01
    61   1.88272       1.81000      0.158673E-01
    62   1.91358       2.10000      0.169395E-01
    63   1.94444       1.87000      0.165597E-01
    64   1.97531       1.99500      0.159867E-01
    65   2.00617       1.90500      0.165994E-01
    66   2.03704       1.90250      0.169379E-01
    67   2.06790       2.08000      0.172469E-01
    68   2.09877       2.21750      0.178533E-01
    69   2.12963       2.40500      0.175540E-01
    70   2.16049       2.06250      0.166837E-01
    71   2.19136       2.15000      0.171499E-01
    72   2.22222       2.32250      0.173721E-01
    73   2.25309       2.15000      0.163645E-01
    74   2.28395       2.55500      0.185563E-01
    75   2.31481       2.56750      0.191905E-01
    76   2.34568       2.16000      0.175459E-01
    77   2.37654       2.44000      0.186300E-01
    78   2.40741       2.34750      0.184365E-01
    79   2.43827       2.35250      0.182134E-01
    80   2.46914       2.50000      0.191829E-01
 
Area discrepancy =    5.63037    
 
  Area iteration      7
 
        Desired, Actual, Linear
  Cell  Volume   Volume  Weight
 
     1  0.308642E-01  0.275000E-01  0.177657E-02
     2  0.617284E-01  0.550000E-01  0.323989E-02
     3  0.925926E-01  0.107500      0.381273E-02
     4  0.123457      0.152500      0.434797E-02
     5  0.154321      0.155000      0.457859E-02
     6  0.185185      0.170000      0.443318E-02
     7  0.216049      0.202500      0.477134E-02
     8  0.246914      0.192500      0.603991E-02
     9  0.277778      0.282500      0.650174E-02
    10  0.308642      0.272500      0.640983E-02
    11  0.339506      0.307500      0.684127E-02
    12  0.370370      0.342500      0.793836E-02
    13  0.401235      0.402500      0.729383E-02
    14  0.432099      0.365000      0.724884E-02
    15  0.462963      0.455000      0.849816E-02
    16  0.493827      0.542500      0.839126E-02
    17  0.524691      0.432500      0.795337E-02
    18  0.555556      0.482500      0.824053E-02
    19  0.586420      0.587500      0.910420E-02
    20  0.617284      0.560000      0.927028E-02
    21  0.648148      0.687500      0.926914E-02
    22  0.679012      0.752500      0.101525E-01
    23  0.709877      0.755000      0.106322E-01
    24  0.740741      0.552500      0.989480E-02
    25  0.771605      0.692500      0.105696E-01
    26  0.802469      0.732500      0.990004E-02
    27  0.833333      0.902500      0.106592E-01
    28  0.864197      0.905000      0.112620E-01
    29  0.895062      0.977500      0.121730E-01
    30  0.925926      0.855000      0.125463E-01
    31  0.956790      0.972500      0.113006E-01
    32  0.987654      0.947500      0.119119E-01
    33   1.01852       1.11250      0.120474E-01
    34   1.04938       1.02500      0.127709E-01
    35   1.08025       1.00500      0.126295E-01
    36   1.11111       1.05500      0.130482E-01
    37   1.14198       1.14750      0.133025E-01
    38   1.17284       1.19750      0.126015E-01
    39   1.20370       1.17000      0.120999E-01
    40   1.23457       1.22750      0.127760E-01
    41   1.26543       1.27000      0.130694E-01
    42   1.29630       1.32250      0.134075E-01
    43   1.32716       1.23750      0.132428E-01
    44   1.35802       1.42250      0.147725E-01
    45   1.38889       1.43500      0.133184E-01
    46   1.41975       1.48250      0.137848E-01
    47   1.45062       1.58000      0.136487E-01
    48   1.48148       1.46500      0.136442E-01
    49   1.51235       1.47250      0.152385E-01
    50   1.54321       1.72000      0.157109E-01
    51   1.57407       1.69000      0.152696E-01
    52   1.60494       1.66750      0.150472E-01
    53   1.63580       1.64750      0.141970E-01
    54   1.66667       1.83250      0.160349E-01
    55   1.69753       1.77000      0.154698E-01
    56   1.72839       1.62000      0.150474E-01
    57   1.75926       1.71250      0.154959E-01
    58   1.79012       1.87500      0.163079E-01
    59   1.82099       1.66500      0.150071E-01
    60   1.85185       1.83750      0.165546E-01
    61   1.88272       2.00750      0.161760E-01
    62   1.91358       2.09000      0.161633E-01
    63   1.94444       1.73750      0.168789E-01
    64   1.97531       1.93500      0.159008E-01
    65   2.00617       2.09000      0.170273E-01
    66   2.03704       1.95250      0.175191E-01
    67   2.06790       1.91750      0.171894E-01
    68   2.09877       2.19500      0.173613E-01
    69   2.12963       2.11500      0.165115E-01
    70   2.16049       2.04250      0.170682E-01
    71   2.19136       2.28750      0.173067E-01
    72   2.22222       2.18000      0.169856E-01
    73   2.25309       2.04000      0.167451E-01
    74   2.28395       2.53500      0.175370E-01
    75   2.31481       2.31250      0.182140E-01
    76   2.34568       2.31500      0.182767E-01
    77   2.37654       2.41500      0.183783E-01
    78   2.40741       2.55500      0.186623E-01
    79   2.43827       2.28750      0.185345E-01
    80   2.46914       2.49750      0.190560E-01
 
Area discrepancy =    5.31426    
 
  Area iteration      8
 
        Desired, Actual, Linear
  Cell  Volume   Volume  Weight
 
     1  0.308642E-01  0.350000E-01  0.187579E-02
     2  0.617284E-01  0.775000E-01  0.342084E-02
     3  0.925926E-01  0.950000E-01  0.352664E-02
     4  0.123457      0.122500      0.389897E-02
     5  0.154321      0.102500      0.455323E-02
     6  0.185185      0.217500      0.461143E-02
     7  0.216049      0.175000      0.491186E-02
     8  0.246914      0.315000      0.681756E-02
     9  0.277778      0.272500      0.642556E-02
    10  0.308642      0.430000      0.679880E-02
    11  0.339506      0.330000      0.716439E-02
    12  0.370370      0.420000      0.822735E-02
    13  0.401235      0.362500      0.725794E-02
    14  0.432099      0.432500      0.786059E-02
    15  0.462963      0.525000      0.854346E-02
    16  0.493827      0.532500      0.797914E-02
    17  0.524691      0.540000      0.873074E-02
    18  0.555556      0.677500      0.881276E-02
    19  0.586420      0.555000      0.906533E-02
    20  0.617284      0.580000      0.970024E-02
    21  0.648148      0.555000      0.896978E-02
    22  0.679012      0.670000      0.961170E-02
    23  0.709877      0.747500      0.102750E-01
    24  0.740741      0.950000      0.114187E-01
    25  0.771605      0.865000      0.111195E-01
    26  0.802469      0.730000      0.103274E-01
    27  0.833333      0.725000      0.102082E-01
    28  0.864197      0.800000      0.109683E-01
    29  0.895062      0.952500      0.116094E-01
    30  0.925926       1.11500      0.130125E-01
    31  0.956790      0.897500      0.111714E-01
    32  0.987654      0.967500      0.121209E-01
    33   1.01852      0.862500      0.114886E-01
    34   1.04938       1.01750      0.128786E-01
    35   1.08025       1.07000      0.130499E-01
    36   1.11111       1.24250      0.133458E-01
    37   1.14198       1.12750      0.132260E-01
    38   1.17284       1.01500      0.124293E-01
    39   1.20370       1.20750      0.122318E-01
    40   1.23457       1.11250      0.127697E-01
    41   1.26543       1.23250      0.130022E-01
    42   1.29630       1.22500      0.132295E-01
    43   1.32716       1.30000      0.136681E-01
    44   1.35802       1.44750      0.143854E-01
    45   1.38889       1.32500      0.130587E-01
    46   1.41975       1.47750      0.134447E-01
    47   1.45062       1.48500      0.130341E-01
    48   1.48148       1.52500      0.136747E-01
    49   1.51235       1.62000      0.153915E-01
    50   1.54321       1.46500      0.148317E-01
    51   1.57407       1.55250      0.146872E-01
    52   1.60494       1.61500      0.147128E-01
    53   1.63580       1.41000      0.140991E-01
    54   1.66667       1.82750      0.152409E-01
    55   1.69753       1.62750      0.150990E-01
    56   1.72839       1.69250      0.154906E-01
    57   1.75926       1.87250      0.156533E-01
    58   1.79012       1.84750      0.158811E-01
    59   1.82099       1.78000      0.156417E-01
    60   1.85185       1.96000      0.165634E-01
    61   1.88272       1.73500      0.156126E-01
    62   1.91358       1.86750      0.154142E-01
    63   1.94444       2.00000      0.177960E-01
    64   1.97531       1.87750      0.160117E-01
    65   2.00617       2.08750      0.166264E-01
    66   2.03704       1.95250      0.178344E-01
    67   2.06790       2.16000      0.177909E-01
    68   2.09877       2.09750      0.169196E-01
    69   2.12963       2.08500      0.165129E-01
    70   2.16049       2.24000      0.174954E-01
    71   2.19136       2.11000      0.168823E-01
    72   2.22222       2.12250      0.170918E-01
    73   2.25309       2.39750      0.175389E-01
    74   2.28395       2.21750      0.165902E-01
    75   2.31481       2.41000      0.181620E-01
    76   2.34568       2.22000      0.183357E-01
    77   2.37654       2.39250      0.181702E-01
    78   2.40741       2.37500      0.180545E-01
    79   2.43827       2.47500      0.190714E-01
    80   2.46914       2.46250      0.188840E-01
 
Area discrepancy =    5.27451    
 
  Area iteration      9
 
        Desired, Actual, Linear
  Cell  Volume   Volume  Weight
 
     1  0.308642E-01  0.250000E-01  0.176156E-02
     2  0.617284E-01  0.650000E-01  0.305313E-02
     3  0.925926E-01  0.900000E-01  0.348183E-02
     4  0.123457      0.127500      0.391436E-02
     5  0.154321      0.202500      0.558716E-02
     6  0.185185      0.202500      0.425529E-02
     7  0.216049      0.290000      0.545788E-02
     8  0.246914      0.240000      0.603625E-02
     9  0.277778      0.272500      0.648780E-02
    10  0.308642      0.190000      0.576032E-02
    11  0.339506      0.385000      0.726720E-02
    12  0.370370      0.340000      0.772635E-02
    13  0.401235      0.415000      0.763624E-02
    14  0.432099      0.505000      0.785731E-02
    15  0.462963      0.445000      0.802320E-02
    16  0.493827      0.440000      0.768430E-02
    17  0.524691      0.525000      0.860651E-02
    18  0.555556      0.485000      0.798071E-02
    19  0.586420      0.665000      0.931884E-02
    20  0.617284      0.682500      0.100076E-01
    21  0.648148      0.630000      0.969378E-02
    22  0.679012      0.690000      0.967659E-02
    23  0.709877      0.590000      0.100136E-01
    24  0.740741      0.737500      0.100834E-01
    25  0.771605      0.687500      0.105026E-01
    26  0.802469      0.835000      0.108284E-01
    27  0.833333      0.912500      0.109449E-01
    28  0.864197       1.00250      0.114005E-01
    29  0.895062      0.835000      0.112544E-01
    30  0.925926      0.967500      0.118586E-01
    31  0.956790      0.917500      0.115351E-01
    32  0.987654       1.07250      0.122471E-01
    33   1.01852       1.17000      0.124852E-01
    34   1.04938       1.09500      0.130795E-01
    35   1.08025       1.08000      0.131129E-01
    36   1.11111       1.06500      0.126211E-01
    37   1.14198       1.04500      0.133112E-01
    38   1.17284       1.16750      0.133614E-01
    39   1.20370       1.15750      0.122131E-01
    40   1.23457       1.25500      0.134527E-01
    41   1.26543       1.23250      0.131754E-01
    42   1.29630       1.36750      0.136097E-01
    43   1.32716       1.34000      0.138108E-01
    44   1.35802       1.51500      0.139344E-01
    45   1.38889       1.28000      0.133705E-01
    46   1.41975       1.37000      0.131800E-01
    47   1.45062       1.34750      0.128829E-01
    48   1.48148       1.46000      0.134788E-01
    49   1.51235       1.45500      0.148720E-01
    50   1.54321       1.46000      0.152232E-01
    51   1.57407       1.53500      0.147896E-01
    52   1.60494       1.67250      0.146676E-01
    53   1.63580       1.93500      0.151868E-01
    54   1.66667       1.58250      0.145555E-01
    55   1.69753       1.75750      0.154212E-01
    56   1.72839       1.65750      0.156547E-01
    57   1.75926       1.70000      0.151733E-01
    58   1.79012       1.79000      0.156333E-01
    59   1.82099       1.81000      0.158215E-01
    60   1.85185       1.84750      0.161007E-01
    61   1.88272       1.95750      0.162644E-01
    62   1.91358       1.80000      0.156039E-01
    63   1.94444       2.03750      0.175479E-01
    64   1.97531       1.83500      0.164243E-01
    65   2.00617       2.08750      0.163001E-01
    66   2.03704       2.16500      0.182172E-01
    67   2.06790       1.99000      0.174083E-01
    68   2.09877       1.98000      0.169255E-01
    69   2.12963       2.06250      0.166895E-01
    70   2.16049       2.12250      0.171829E-01
    71   2.19136       2.17750      0.172055E-01
    72   2.22222       2.10000      0.174896E-01
    73   2.25309       2.21750      0.170033E-01
    74   2.28395       2.25000      0.168377E-01
    75   2.31481       2.40250      0.178006E-01
    76   2.34568       2.38250      0.188485E-01
    77   2.37654       2.37250      0.181104E-01
    78   2.40741       2.46750      0.181782E-01
    79   2.43827       2.45750      0.189303E-01
    80   2.46914       2.51500      0.189103E-01
 
Area discrepancy =    4.64506    
 
  Area iteration     10
 
        Desired, Actual, Linear
  Cell  Volume   Volume  Weight
 
     1  0.308642E-01  0.300000E-01  0.195624E-02
     2  0.617284E-01  0.475000E-01  0.297371E-02
     3  0.925926E-01  0.675000E-01  0.352974E-02
     4  0.123457      0.110000      0.384973E-02
     5  0.154321      0.140000      0.487482E-02
     6  0.185185      0.137500      0.406713E-02
     7  0.216049      0.205000      0.470835E-02
     8  0.246914      0.270000      0.611929E-02
     9  0.277778      0.347500      0.654681E-02
    10  0.308642      0.352500      0.719654E-02
    11  0.339506      0.285000      0.682068E-02
    12  0.370370      0.372500      0.805973E-02
    13  0.401235      0.367500      0.750450E-02
    14  0.432099      0.387500      0.726419E-02
    15  0.462963      0.462500      0.817915E-02
    16  0.493827      0.477500      0.813641E-02
    17  0.524691      0.565000      0.859937E-02
    18  0.555556      0.582500      0.853693E-02
    19  0.586420      0.532500      0.874627E-02
    20  0.617284      0.682500      0.951240E-02
    21  0.648148      0.662500      0.982714E-02
    22  0.679012      0.625000      0.959409E-02
    23  0.709877      0.902500      0.109780E-01
    24  0.740741      0.752500      0.101001E-01
    25  0.771605      0.727500      0.111205E-01
    26  0.802469      0.730000      0.106096E-01
    27  0.833333      0.857500      0.104538E-01
    28  0.864197      0.815000      0.105792E-01
    29  0.895062      0.972500      0.116459E-01
    30  0.925926      0.937500      0.115948E-01
    31  0.956790      0.995000      0.117732E-01
    32  0.987654      0.895000      0.117463E-01
    33   1.01852       1.06750      0.116427E-01
    34   1.04938       1.03250      0.127973E-01
    35   1.08025       1.06250      0.131073E-01
    36   1.11111       1.00500      0.128845E-01
    37   1.14198       1.15250      0.139077E-01
    38   1.17284       1.24750      0.133848E-01
    39   1.20370       1.23500      0.124478E-01
    40   1.23457       1.24250      0.133356E-01
    41   1.26543       1.23750      0.133431E-01
    42   1.29630       1.36250      0.132436E-01
    43   1.32716       1.27500      0.137372E-01
    44   1.35802       1.23000      0.131857E-01
    45   1.38889       1.42750      0.139201E-01
    46   1.41975       1.34250      0.134100E-01
    47   1.45062       1.29250      0.133596E-01
    48   1.48148       1.45750      0.135703E-01
    49   1.51235       1.47750      0.151542E-01
    50   1.54321       1.60250      0.156426E-01
    51   1.57407       1.58750      0.149686E-01
    52   1.60494       1.53500      0.143606E-01
    53   1.63580       1.58500      0.139560E-01
    54   1.66667       1.78000      0.149295E-01
    55   1.69753       1.70250      0.151477E-01
    56   1.72839       1.87750      0.159775E-01
    57   1.75926       1.65500      0.154273E-01
    58   1.79012       1.99750      0.156254E-01
    59   1.82099       1.75500      0.158609E-01
    60   1.85185       1.87750      0.161110E-01
    61   1.88272       1.85500      0.159422E-01
    62   1.91358       1.77500      0.160801E-01
    63   1.94444       2.00500      0.171333E-01
    64   1.97531       1.92500      0.170315E-01
    65   2.00617       1.88500      0.159708E-01
    66   2.03704       2.01000      0.176612E-01
    67   2.06790       2.14250      0.177363E-01
    68   2.09877       2.03750      0.174164E-01
    69   2.12963       2.20750      0.169498E-01
    70   2.16049       2.07750      0.173268E-01
    71   2.19136       2.19000      0.172509E-01
    72   2.22222       2.38000      0.179817E-01
    73   2.25309       2.30750      0.171300E-01
    74   2.28395       2.39000      0.169552E-01
    75   2.31481       2.23250      0.174634E-01
    76   2.34568       2.40000      0.186922E-01
    77   2.37654       2.48000      0.181161E-01
    78   2.40741       2.30000      0.179458E-01
    79   2.43827       2.52500      0.188460E-01
    80   2.46914       2.47750      0.187271E-01
 
Area discrepancy =    4.55377    
 
  Area iteration     11
 
        Desired, Actual, Linear
  Cell  Volume   Volume  Weight
 
     1  0.308642E-01  0.200000E-01  0.197952E-02
     2  0.617284E-01  0.900000E-01  0.338192E-02
     3  0.925926E-01  0.900000E-01  0.412428E-02
     4  0.123457      0.120000      0.406875E-02
     5  0.154321      0.145000      0.510594E-02
     6  0.185185      0.170000      0.470878E-02
     7  0.216049      0.195000      0.482212E-02
     8  0.246914      0.227500      0.583796E-02
     9  0.277778      0.207500      0.583943E-02
    10  0.308642      0.277500      0.671801E-02
    11  0.339506      0.417500      0.742674E-02
    12  0.370370      0.367500      0.801761E-02
    13  0.401235      0.450000      0.782279E-02
    14  0.432099      0.462500      0.765266E-02
    15  0.462963      0.502500      0.816385E-02
    16  0.493827      0.572500      0.825473E-02
    17  0.524691      0.552500      0.826730E-02
    18  0.555556      0.487500      0.831739E-02
    19  0.586420      0.537500      0.915665E-02
    20  0.617284      0.617500      0.902507E-02
    21  0.648148      0.632500      0.969707E-02
    22  0.679012      0.735000      0.997636E-02
    23  0.709877      0.715000      0.971314E-02
    24  0.740741      0.635000      0.999714E-02
    25  0.771605      0.727500      0.114255E-01
    26  0.802469      0.897500      0.110974E-01
    27  0.833333      0.830000      0.102810E-01
    28  0.864197      0.877500      0.108680E-01
    29  0.895062      0.940000      0.111461E-01
    30  0.925926      0.980000      0.114957E-01
    31  0.956790      0.905000      0.115175E-01
    32  0.987654       1.00750      0.123101E-01
    33   1.01852      0.912500      0.113455E-01
    34   1.04938       1.14500      0.128709E-01
    35   1.08025       1.18250      0.131850E-01
    36   1.11111       1.02750      0.135155E-01
    37   1.14198       1.18750      0.138112E-01
    38   1.17284      0.980000      0.129473E-01
    39   1.20370      0.997500      0.122599E-01
    40   1.23457       1.16000      0.132615E-01
    41   1.26543       1.19250      0.134608E-01
    42   1.29630       1.29750      0.128872E-01
    43   1.32716       1.29750      0.139821E-01
    44   1.35802       1.47750      0.138221E-01
    45   1.38889       1.41750      0.136980E-01
    46   1.41975       1.44750      0.137577E-01
    47   1.45062       1.70750      0.141196E-01
    48   1.48148       1.59000      0.136491E-01
    49   1.51235       1.60750      0.152955E-01
    50   1.54321       1.70750      0.153141E-01
    51   1.57407       1.67000      0.148698E-01
    52   1.60494       1.51500      0.146493E-01
    53   1.63580       1.54000      0.141443E-01
    54   1.66667       1.71750      0.144122E-01
    55   1.69753       1.45750      0.150897E-01
    56   1.72839       1.65250      0.152936E-01
    57   1.75926       1.83750      0.158681E-01
    58   1.79012       1.65750      0.147571E-01
    59   1.82099       2.05500      0.161181E-01
    60   1.85185       1.86500      0.159627E-01
    61   1.88272       1.75750      0.160228E-01
    62   1.91358       1.92750      0.166564E-01
    63   1.94444       1.78500      0.168326E-01
    64   1.97531       1.81000      0.172117E-01
    65   2.00617       2.08500      0.164371E-01
    66   2.03704       2.18250      0.177374E-01
    67   2.06790       2.14500      0.173835E-01
    68   2.09877       2.15250      0.176344E-01
    69   2.12963       1.99250      0.166087E-01
    70   2.16049       2.08000      0.176276E-01
    71   2.19136       2.31500      0.172154E-01
    72   2.22222       2.38500      0.173343E-01
    73   2.25309       2.35000      0.168867E-01
    74   2.28395       2.17000      0.165354E-01
    75   2.31481       2.33000      0.177402E-01
    76   2.34568       2.37000      0.184357E-01
    77   2.37654       2.31000      0.176922E-01
    78   2.40741       2.31500      0.183166E-01
    79   2.43827       2.44250      0.184756E-01
    80   2.46914       2.40000      0.186511E-01
 
Area discrepancy =    5.86704    
 
  Area iteration     12
 
        Desired, Actual, Linear
  Cell  Volume   Volume  Weight
 
     1  0.308642E-01  0.650000E-01  0.245389E-02
     2  0.617284E-01  0.375000E-01  0.279491E-02
     3  0.925926E-01  0.122500      0.417444E-02
     4  0.123457      0.115000      0.411823E-02
     5  0.154321      0.150000      0.525639E-02
     6  0.185185      0.192500      0.490423E-02
     7  0.216049      0.275000      0.506501E-02
     8  0.246914      0.292500      0.606913E-02
     9  0.277778      0.297500      0.674208E-02
    10  0.308642      0.305000      0.707001E-02
    11  0.339506      0.340000      0.668309E-02
    12  0.370370      0.422500      0.803188E-02
    13  0.401235      0.377500      0.737119E-02
    14  0.432099      0.452500      0.738127E-02
    15  0.462963      0.367500      0.781958E-02
    16  0.493827      0.462500      0.765044E-02
    17  0.524691      0.492500      0.803957E-02
    18  0.555556      0.532500      0.886027E-02
    19  0.586420      0.702500      0.954410E-02
    20  0.617284      0.535000      0.900447E-02
    21  0.648148      0.647500      0.979560E-02
    22  0.679012      0.705000      0.956865E-02
    23  0.709877      0.582500      0.965787E-02
    24  0.740741      0.757500      0.107747E-01
    25  0.771605      0.825000      0.117419E-01
    26  0.802469      0.802500      0.104714E-01
    27  0.833333      0.900000      0.102799E-01
    28  0.864197      0.895000      0.107626E-01
    29  0.895062      0.857500      0.108535E-01
    30  0.925926      0.847500      0.111505E-01
    31  0.956790      0.877500      0.118175E-01
    32  0.987654       1.02250      0.121626E-01
    33   1.01852      0.922500      0.119612E-01
    34   1.04938       1.00250      0.122958E-01
    35   1.08025       1.10750      0.125755E-01
    36   1.11111       1.13500      0.140250E-01
    37   1.14198       1.23250      0.135154E-01
    38   1.17284       1.30000      0.141341E-01
    39   1.20370       1.22500      0.134393E-01
    40   1.23457       1.37250      0.136522E-01
    41   1.26543       1.40250      0.138371E-01
    42   1.29630       1.26750      0.128540E-01
    43   1.32716       1.32750      0.141112E-01
    44   1.35802       1.23500      0.132235E-01
    45   1.38889       1.52750      0.135305E-01
    46   1.41975       1.33250      0.135965E-01
    47   1.45062       1.40500      0.129868E-01
    48   1.48148       1.36000      0.131473E-01
    49   1.51235       1.55750      0.148046E-01
    50   1.54321       1.56000      0.145280E-01
    51   1.57407       1.41750      0.144060E-01
    52   1.60494       1.66250      0.150460E-01
    53   1.63580       1.64000      0.145468E-01
    54   1.66667       1.43500      0.141674E-01
    55   1.69753       1.86000      0.162505E-01
    56   1.72839       1.67250      0.156078E-01
    57   1.75926       1.63750      0.154938E-01
    58   1.79012       1.75500      0.153038E-01
    59   1.82099       1.89250      0.151406E-01
    60   1.85185       1.73250      0.158728E-01
    61   1.88272       1.94000      0.165488E-01
    62   1.91358       1.93250      0.165612E-01
    63   1.94444       2.17250      0.175313E-01
    64   1.97531       2.14500      0.179426E-01
    65   2.00617       2.01500      0.160894E-01
    66   2.03704       1.87500      0.171000E-01
    67   2.06790       2.11750      0.170322E-01
    68   2.09877       2.22500      0.173761E-01
    69   2.12963       2.14000      0.171346E-01
    70   2.16049       2.22500      0.179276E-01
    71   2.19136       2.07500      0.167140E-01
    72   2.22222       2.02000      0.166970E-01
    73   2.25309       2.17750      0.164999E-01
    74   2.28395       2.18250      0.169283E-01
    75   2.31481       2.30500      0.176451E-01
    76   2.34568       2.33500      0.183022E-01
    77   2.37654       2.38250      0.179074E-01
    78   2.40741       2.44000      0.186392E-01
    79   2.43827       2.41500      0.184207E-01
    80   2.46914       2.64500      0.188779E-01
 
Area discrepancy =    5.24574    
 
  Area iteration     13
 
        Desired, Actual, Linear
  Cell  Volume   Volume  Weight
 
     1  0.308642E-01  0.200000E-01  0.169064E-02
     2  0.617284E-01  0.700000E-01  0.349303E-02
     3  0.925926E-01  0.900000E-01  0.362864E-02
     4  0.123457      0.102500      0.426623E-02
     5  0.154321      0.165000      0.533065E-02
     6  0.185185      0.205000      0.480932E-02
     7  0.216049      0.155000      0.448865E-02
     8  0.246914      0.227500      0.557521E-02
     9  0.277778      0.260000      0.651364E-02
    10  0.308642      0.352500      0.711087E-02
    11  0.339506      0.312500      0.667708E-02
    12  0.370370      0.377500      0.751878E-02
    13  0.401235      0.440000      0.759808E-02
    14  0.432099      0.427500      0.721171E-02
    15  0.462963      0.520000      0.877511E-02
    16  0.493827      0.407500      0.790393E-02
    17  0.524691      0.537500      0.829673E-02
    18  0.555556      0.512500      0.904849E-02
    19  0.586420      0.592500      0.871849E-02
    20  0.617284      0.692500      0.967050E-02
    21  0.648148      0.665000      0.979881E-02
    22  0.679012      0.650000      0.938901E-02
    23  0.709877      0.702500      0.106598E-01
    24  0.740741      0.767500      0.106530E-01
    25  0.771605      0.795000      0.113536E-01
    26  0.802469      0.760000      0.104693E-01
    27  0.833333      0.747500      0.989011E-02
    28  0.864197      0.790000      0.105739E-01
    29  0.895062       1.01250      0.110868E-01
    30  0.925926      0.927500      0.116530E-01
    31  0.956790       1.05750      0.123378E-01
    32  0.987654       1.00250      0.119515E-01
    33   1.01852       1.15750      0.125661E-01
    34   1.04938       1.10000      0.125778E-01
    35   1.08025       1.07000      0.124177E-01
    36   1.11111       1.17750      0.138743E-01
    37   1.14198       1.22500      0.130073E-01
    38   1.17284       1.09500      0.134227E-01
    39   1.20370       1.22500      0.133196E-01
    40   1.23457       1.17500      0.129458E-01
    41   1.26543       1.27750      0.131413E-01
    42   1.29630       1.25000      0.129970E-01
    43   1.32716       1.47500      0.141070E-01
    44   1.35802       1.36000      0.138641E-01
    45   1.38889       1.35250      0.128998E-01
    46   1.41975       1.52250      0.140322E-01
    47   1.45062       1.39500      0.131937E-01
    48   1.48148       1.50250      0.137196E-01
    49   1.51235       1.48250      0.145859E-01
    50   1.54321       1.47000      0.144472E-01
    51   1.57407       1.58000      0.151782E-01
    52   1.60494       1.48750      0.147807E-01
    53   1.63580       1.65750      0.145257E-01
    54   1.66667       1.74750      0.152656E-01
    55   1.69753       1.78250      0.155219E-01
    56   1.72839       1.77250      0.158638E-01
    57   1.75926       1.76750      0.160568E-01
    58   1.79012       1.77750      0.154535E-01
    59   1.82099       1.76750      0.148493E-01
    60   1.85185       1.87250      0.164076E-01
    61   1.88272       1.88250      0.162998E-01
    62   1.91358       1.87750      0.164771E-01
    63   1.94444       1.81000      0.165827E-01
    64   1.97531       2.14000      0.172153E-01
    65   2.00617       2.01000      0.160513E-01
    66   2.03704       2.26000      0.178205E-01
    67   2.06790       1.87750      0.168286E-01
    68   2.09877       1.98000      0.168731E-01
    69   2.12963       2.22250      0.170900E-01
    70   2.16049       1.98500      0.176627E-01
    71   2.19136       2.24250      0.171733E-01
    72   2.22222       2.22250      0.175098E-01
    73   2.25309       2.24500      0.167810E-01
    74   2.28395       2.32000      0.173143E-01
    75   2.31481       2.28000      0.176795E-01
    76   2.34568       2.28000      0.183408E-01
    77   2.37654       2.27500      0.178819E-01
    78   2.40741       2.59000      0.185111E-01
    79   2.43827       2.25750      0.185060E-01
    80   2.46914       2.37250      0.182364E-01
 
Area discrepancy =    4.49605    
 
  Area iteration     14
 
        Desired, Actual, Linear
  Cell  Volume   Volume  Weight
 
     1  0.308642E-01  0.450000E-01  0.209852E-02
     2  0.617284E-01  0.775000E-01  0.327753E-02
     3  0.925926E-01  0.975000E-01  0.367756E-02
     4  0.123457      0.170000      0.467832E-02
     5  0.154321      0.165000      0.515111E-02
     6  0.185185      0.185000      0.456730E-02
     7  0.216049      0.222500      0.529512E-02
     8  0.246914      0.197500      0.580354E-02
     9  0.277778      0.290000      0.672723E-02
    10  0.308642      0.342500      0.664846E-02
    11  0.339506      0.315000      0.695402E-02
    12  0.370370      0.370000      0.744144E-02
    13  0.401235      0.365000      0.724981E-02
    14  0.432099      0.470000      0.724456E-02
    15  0.462963      0.462500      0.827321E-02
    16  0.493827      0.547500      0.869394E-02
    17  0.524691      0.477500      0.819067E-02
    18  0.555556      0.607500      0.941332E-02
    19  0.586420      0.595000      0.866665E-02
    20  0.617284      0.560000      0.912287E-02
    21  0.648148      0.620000      0.966606E-02
    22  0.679012      0.690000      0.958854E-02
    23  0.709877      0.755000      0.107070E-01
    24  0.740741      0.810000      0.104572E-01
    25  0.771605      0.745000      0.111763E-01
    26  0.802469      0.845000      0.107492E-01
    27  0.833333      0.775000      0.104341E-01
    28  0.864197      0.922500      0.110505E-01
    29  0.895062      0.805000      0.104156E-01
    30  0.925926      0.927500      0.116337E-01
    31  0.956790       1.02000      0.117261E-01
    32  0.987654       1.00750      0.118531E-01
    33   1.01852      0.980000      0.117781E-01
    34   1.04938       1.02750      0.122751E-01
    35   1.08025       1.06500      0.124669E-01
    36   1.11111       1.15500      0.134666E-01
    37   1.14198      0.997500      0.125487E-01
    38   1.17284       1.19000      0.138805E-01
    39   1.20370       1.44750      0.131927E-01
    40   1.23457       1.01000      0.132592E-01
    41   1.26543       1.32000      0.130686E-01
    42   1.29630       1.42250      0.132248E-01
    43   1.32716       1.35500      0.133706E-01
    44   1.35802       1.34000      0.138429E-01
    45   1.38889       1.19750      0.130616E-01
    46   1.41975       1.48000      0.135395E-01
    47   1.45062       1.36750      0.134433E-01
    48   1.48148       1.47500      0.136123E-01
    49   1.51235       1.48500      0.147201E-01
    50   1.54321       1.61000      0.147906E-01
    51   1.57407       1.61500      0.151375E-01
    52   1.60494       1.59500      0.153407E-01
    53   1.63580       1.57000      0.144187E-01
    54   1.66667       1.66000      0.148963E-01
    55   1.69753       1.59000      0.151352E-01
    56   1.72839       1.62250      0.156525E-01
    57   1.75926       1.77000      0.160064E-01
    58   1.79012       1.73000      0.154958E-01
    59   1.82099       1.67750      0.150601E-01
    60   1.85185       1.91250      0.163037E-01
    61   1.88272       1.85750      0.162876E-01
    62   1.91358       1.85000      0.166213E-01
    63   1.94444       2.03250      0.171737E-01
    64   1.97531       1.81000      0.165263E-01
    65   2.00617       1.98000      0.160231E-01
    66   2.03704       1.84500      0.169050E-01
    67   2.06790       2.21750      0.176471E-01
    68   2.09877       2.08000      0.173578E-01
    69   2.12963       2.13500      0.167157E-01
    70   2.16049       2.37750      0.184121E-01
    71   2.19136       2.19250      0.169627E-01
    72   2.22222       2.28750      0.174946E-01
    73   2.25309       2.20500      0.167976E-01
    74   2.28395       2.40000      0.171654E-01
    75   2.31481       2.20750      0.177997E-01
    76   2.34568       2.48250      0.185881E-01
    77   2.37654       2.55750      0.182619E-01
    78   2.40741       2.39750      0.178323E-01
    79   2.43827       2.57750      0.192172E-01
    80   2.46914       2.35500      0.185891E-01
 
Area discrepancy =    4.91963    
 
  Area iteration     15
 
        Desired, Actual, Linear
  Cell  Volume   Volume  Weight
 
     1  0.308642E-01  0.225000E-01  0.173762E-02
     2  0.617284E-01  0.450000E-01  0.292455E-02
     3  0.925926E-01  0.625000E-01  0.358316E-02
     4  0.123457      0.127500      0.398606E-02
     5  0.154321      0.127500      0.498071E-02
     6  0.185185      0.175000      0.456875E-02
     7  0.216049      0.227500      0.521685E-02
     8  0.246914      0.265000      0.648787E-02
     9  0.277778      0.235000      0.658274E-02
    10  0.308642      0.330000      0.631014E-02
    11  0.339506      0.317500      0.721813E-02
    12  0.370370      0.362500      0.744380E-02
    13  0.401235      0.410000      0.759976E-02
    14  0.432099      0.387500      0.694505E-02
    15  0.462963      0.470000      0.827584E-02
    16  0.493827      0.475000      0.825530E-02
    17  0.524691      0.515000      0.858431E-02
    18  0.555556      0.650000      0.900024E-02
    19  0.586420      0.507500      0.860236E-02
    20  0.617284      0.580000      0.957636E-02
    21  0.648148      0.665000      0.988124E-02
    22  0.679012      0.682500      0.951015E-02
    23  0.709877      0.710000      0.103802E-01
    24  0.740741      0.712500      0.999833E-02
    25  0.771605      0.815000      0.113721E-01
    26  0.802469      0.710000      0.104733E-01
    27  0.833333      0.812500      0.108177E-01
    28  0.864197      0.822500      0.106936E-01
    29  0.895062      0.820000      0.109808E-01
    30  0.925926       1.03250      0.116217E-01
    31  0.956790      0.937500      0.113549E-01
    32  0.987654      0.950000      0.117337E-01
    33   1.01852       1.09500      0.120051E-01
    34   1.04938       1.08000      0.124029E-01
    35   1.08025      0.955000      0.125536E-01
    36   1.11111       1.05250      0.132059E-01
    37   1.14198       1.28250      0.134243E-01
    38   1.17284       1.22000      0.137775E-01
    39   1.20370       1.10000      0.120283E-01
    40   1.23457       1.45250      0.146567E-01
    41   1.26543       1.14750      0.127933E-01
    42   1.29630       1.20500      0.126222E-01
    43   1.32716       1.34750      0.132301E-01
    44   1.35802       1.43000      0.139332E-01
    45   1.38889       1.50000      0.140641E-01
    46   1.41975       1.33000      0.132586E-01
    47   1.45062       1.41250      0.138433E-01
    48   1.48148       1.51500      0.136397E-01
    49   1.51235       1.62750      0.148523E-01
    50   1.54321       1.44500      0.144779E-01
    51   1.57407       1.64250      0.149417E-01
    52   1.60494       1.80250      0.153857E-01
    53   1.63580       1.83000      0.147151E-01
    54   1.66667       1.75500      0.149235E-01
    55   1.69753       1.71000      0.156358E-01
    56   1.72839       1.76500      0.161523E-01
    57   1.75926       1.61250      0.159548E-01
    58   1.79012       1.71000      0.157598E-01
    59   1.82099       1.80000      0.156881E-01
    60   1.85185       1.69000      0.160402E-01
    61   1.88272       1.87000      0.163948E-01
    62   1.91358       2.04750      0.169014E-01
    63   1.94444       1.89500      0.167945E-01
    64   1.97531       2.04000      0.172613E-01
    65   2.00617       2.05000      0.161257E-01
    66   2.03704       2.00750      0.177598E-01
    67   2.06790       2.20250      0.170384E-01
    68   2.09877       2.11250      0.174327E-01
    69   2.12963       2.27750      0.166916E-01
    70   2.16049       2.19500      0.175485E-01
    71   2.19136       2.13750      0.169552E-01
    72   2.22222       2.15250      0.172400E-01
    73   2.25309       2.06250      0.169767E-01
    74   2.28395       2.31750      0.167422E-01
    75   2.31481       2.38500      0.182238E-01
    76   2.34568       2.37000      0.180653E-01
    77   2.37654       2.23500      0.176007E-01
    78   2.40741       2.35000      0.178658E-01
    79   2.43827       2.36000      0.186876E-01
    80   2.46914       2.45500      0.190308E-01
 
Area discrepancy =    4.99846    
 
  Area iteration     16
 
        Desired, Actual, Linear
  Cell  Volume   Volume  Weight
 
     1  0.308642E-01  0.425000E-01  0.202886E-02
     2  0.617284E-01  0.675000E-01  0.341472E-02
     3  0.925926E-01  0.137500      0.434785E-02
     4  0.123457      0.900000E-01  0.391026E-02
     5  0.154321      0.167500      0.546272E-02
     6  0.185185      0.157500      0.468535E-02
     7  0.216049      0.215000      0.506820E-02
     8  0.246914      0.330000      0.624327E-02
     9  0.277778      0.287500      0.713479E-02
    10  0.308642      0.212500      0.608372E-02
    11  0.339506      0.355000      0.744110E-02
    12  0.370370      0.407500      0.750099E-02
    13  0.401235      0.422500      0.749492E-02
    14  0.432099      0.522500      0.731124E-02
    15  0.462963      0.377500      0.818835E-02
    16  0.493827      0.607500      0.839138E-02
    17  0.524691      0.570000      0.863801E-02
    18  0.555556      0.477500      0.829509E-02
    19  0.586420      0.597500      0.921858E-02
    20  0.617284      0.630000      0.984893E-02
    21  0.648148      0.640000      0.972518E-02
    22  0.679012      0.620000      0.945659E-02
    23  0.709877      0.752500      0.103473E-01
    24  0.740741      0.730000      0.101631E-01
    25  0.771605      0.747500      0.110311E-01
    26  0.802469      0.785000      0.111001E-01
    27  0.833333      0.940000      0.109217E-01
    28  0.864197      0.865000      0.109275E-01
    29  0.895062      0.947500      0.114370E-01
    30  0.925926      0.855000      0.109717E-01
    31  0.956790      0.797500      0.114358E-01
    32  0.987654       1.01250      0.119271E-01
    33   1.01852      0.882500      0.115426E-01
    34   1.04938       1.05000      0.121881E-01
    35   1.08025       1.22750      0.133103E-01
    36   1.11111       1.20000      0.135268E-01
    37   1.14198       1.10500      0.126285E-01
    38   1.17284       1.20250      0.134670E-01
    39   1.20370       1.18250      0.125438E-01
    40   1.23457       1.24250      0.134709E-01
    41   1.26543       1.37750      0.133932E-01
    42   1.29630       1.26250      0.130513E-01
    43   1.32716       1.25250      0.130894E-01
    44   1.35802       1.33000      0.135361E-01
    45   1.38889       1.50000      0.134915E-01
    46   1.41975       1.52500      0.136565E-01
    47   1.45062       1.52750      0.139856E-01
    48   1.48148       1.43250      0.134464E-01
    49   1.51235       1.46000      0.142731E-01
    50   1.54321       1.54500      0.149157E-01
    51   1.57407       1.52000      0.145821E-01
    52   1.60494       1.53750      0.144733E-01
    53   1.63580       1.57500      0.138695E-01
    54   1.66667       1.59250      0.144983E-01
    55   1.69753       1.76750      0.155307E-01
    56   1.72839       1.69250      0.159347E-01
    57   1.75926       1.88750      0.166137E-01
    58   1.79012       2.01000      0.160752E-01
    59   1.82099       1.87250      0.157307E-01
    60   1.85185       1.98250      0.167390E-01
    61   1.88272       1.79750      0.163998E-01
    62   1.91358       1.99000      0.162890E-01
    63   1.94444       1.90250      0.169598E-01
    64   1.97531       1.87500      0.169331E-01
    65   2.00617       1.81750      0.159033E-01
    66   2.03704       2.05250      0.178348E-01
    67   2.06790       2.00750      0.164587E-01
    68   2.09877       2.14250      0.173225E-01
    69   2.12963       2.04250      0.160909E-01
    70   2.16049       2.12250      0.173564E-01
    71   2.19136       2.18250      0.171146E-01
    72   2.22222       2.27500      0.174631E-01
    73   2.25309       2.32500      0.176891E-01
    74   2.28395       2.07250      0.165693E-01
    75   2.31481       2.30000      0.178984E-01
    76   2.34568       2.34750      0.179170E-01
    77   2.37654       2.39500      0.180936E-01
    78   2.40741       2.38250      0.180270E-01
    79   2.43827       2.47250      0.189364E-01
    80   2.46914       2.38750      0.190267E-01
 
Area discrepancy =    4.67852    
 
  Area iteration     17
 
        Desired, Actual, Linear
  Cell  Volume   Volume  Weight
 
     1  0.308642E-01  0.325000E-01  0.172890E-02
     2  0.617284E-01  0.750000E-01  0.326535E-02
     3  0.925926E-01  0.112500      0.356776E-02
     4  0.123457      0.182500      0.457959E-02
     5  0.154321      0.147500      0.524322E-02
     6  0.185185      0.202500      0.508029E-02
     7  0.216049      0.222500      0.508037E-02
     8  0.246914      0.252500      0.540022E-02
     9  0.277778      0.275000      0.701287E-02
    10  0.308642      0.350000      0.733165E-02
    11  0.339506      0.347500      0.727664E-02
    12  0.370370      0.342500      0.715085E-02
    13  0.401235      0.355000      0.730360E-02
    14  0.432099      0.380000      0.664850E-02
    15  0.462963      0.550000      0.906766E-02
    16  0.493827      0.440000      0.756540E-02
    17  0.524691      0.457500      0.828729E-02
    18  0.555556      0.562500      0.894710E-02
    19  0.586420      0.627500      0.913238E-02
    20  0.617284      0.597500      0.974867E-02
    21  0.648148      0.642500      0.978654E-02
    22  0.679012      0.687500      0.989605E-02
    23  0.709877      0.685000      0.100497E-01
    24  0.740741      0.772500      0.102373E-01
    25  0.771605      0.717500      0.112071E-01
    26  0.802469      0.812500      0.112226E-01
    27  0.833333      0.862500      0.102830E-01
    28  0.864197      0.860000      0.109221E-01
    29  0.895062      0.822500      0.111156E-01
    30  0.925926      0.922500      0.114173E-01
    31  0.956790       1.15000      0.125254E-01
    32  0.987654       1.00000      0.117794E-01
    33   1.01852       1.08750      0.123998E-01
    34   1.04938      0.977500      0.121841E-01
    35   1.08025       1.12250      0.124859E-01
    36   1.11111       1.11500      0.130157E-01
    37   1.14198       1.01250      0.128375E-01
    38   1.17284       1.07250      0.132994E-01
    39   1.20370       1.34500      0.126553E-01
    40   1.23457       1.16750      0.134273E-01
    41   1.26543       1.20000      0.128364E-01
    42   1.29630       1.41500      0.132244E-01
    43   1.32716       1.33500      0.134734E-01
    44   1.35802       1.44500      0.136775E-01
    45   1.38889       1.23500      0.129818E-01
    46   1.41975       1.28250      0.131764E-01
    47   1.45062       1.44500      0.136286E-01
    48   1.48148       1.50750      0.136739E-01
    49   1.51235       1.63500      0.145262E-01
    50   1.54321       1.61250      0.149066E-01
    51   1.57407       1.62250      0.148387E-01
    52   1.60494       1.50250      0.147868E-01
    53   1.63580       1.62000      0.141342E-01
    54   1.66667       1.57000      0.148315E-01
    55   1.69753       1.83000      0.152196E-01
    56   1.72839       1.83250      0.161022E-01
    57   1.75926       1.79000      0.160388E-01
    58   1.79012       1.82250      0.151699E-01
    59   1.82099       1.75750      0.155123E-01
    60   1.85185       1.78750      0.161775E-01
    61   1.88272       1.89500      0.167834E-01
    62   1.91358       1.80750      0.159726E-01
    63   1.94444       1.87000      0.171451E-01
    64   1.97531       1.89750      0.173795E-01
    65   2.00617       2.14000      0.167077E-01
    66   2.03704       2.02750      0.177669E-01
    67   2.06790       1.89750      0.167038E-01
    68   2.09877       2.11500      0.171441E-01
    69   2.12963       2.06500      0.164299E-01
    70   2.16049       2.14250      0.175104E-01
    71   2.19136       2.07500      0.171486E-01
    72   2.22222       2.27000      0.172587E-01
    73   2.25309       2.30500      0.174127E-01
    74   2.28395       2.30000      0.173934E-01
    75   2.31481       2.32250      0.179553E-01
    76   2.34568       2.42500      0.179094E-01
    77   2.37654       2.37750      0.180231E-01
    78   2.40741       2.39250      0.181203E-01
    79   2.43827       2.58750      0.188042E-01
    80   2.46914       2.49250      0.193485E-01
 
Area discrepancy =    4.33457    
 
  Area iteration     18
 
        Desired, Actual, Linear
  Cell  Volume   Volume  Weight
 
     1  0.308642E-01  0.250000E-01  0.168480E-02
     2  0.617284E-01  0.650000E-01  0.296234E-02
     3  0.925926E-01  0.102500      0.323669E-02
     4  0.123457      0.120000      0.376657E-02
     5  0.154321      0.167500      0.536300E-02
     6  0.185185      0.217500      0.485817E-02
     7  0.216049      0.265000      0.500611E-02
     8  0.246914      0.267500      0.534007E-02
     9  0.277778      0.322500      0.704808E-02
    10  0.308642      0.297500      0.688475E-02
    11  0.339506      0.397500      0.719234E-02
    12  0.370370      0.375000      0.743598E-02
    13  0.401235      0.437500      0.776453E-02
    14  0.432099      0.477500      0.708951E-02
    15  0.462963      0.450000      0.831917E-02
    16  0.493827      0.490000      0.801468E-02
    17  0.524691      0.552500      0.887487E-02
    18  0.555556      0.572500      0.889156E-02
    19  0.586420      0.545000      0.882824E-02
    20  0.617284      0.667500      0.990860E-02
    21  0.648148      0.595000      0.982931E-02
    22  0.679012      0.720000      0.983462E-02
    23  0.709877      0.755000      0.102304E-01
    24  0.740741      0.642500      0.100245E-01
    25  0.771605       1.00000      0.116218E-01
    26  0.802469      0.830000      0.111529E-01
    27  0.833333      0.740000      0.101075E-01
    28  0.864197      0.950000      0.109485E-01
    29  0.895062      0.977500      0.115954E-01
    30  0.925926      0.930000      0.114383E-01
    31  0.956790      0.965000      0.114247E-01
    32  0.987654      0.960000      0.117063E-01
    33   1.01852       1.05250      0.119999E-01
    34   1.04938       1.04500      0.126240E-01
    35   1.08025      0.907500      0.122485E-01
    36   1.11111       1.02250      0.129927E-01
    37   1.14198       1.22000      0.136335E-01
    38   1.17284       1.28500      0.139073E-01
    39   1.20370       1.11000      0.119719E-01
    40   1.23457       1.23500      0.138074E-01
    41   1.26543       1.17500      0.131815E-01
    42   1.29630       1.39750      0.126573E-01
    43   1.32716       1.35250      0.134335E-01
    44   1.35802       1.22250      0.132593E-01
    45   1.38889       1.50500      0.137666E-01
    46   1.41975       1.35750      0.138633E-01
    47   1.45062       1.32250      0.136548E-01
    48   1.48148       1.40250      0.135551E-01
    49   1.51235       1.38250      0.139705E-01
    50   1.54321       1.54750      0.145825E-01
    51   1.57407       1.62750      0.146154E-01
    52   1.60494       1.67250      0.152823E-01
    53   1.63580       1.77500      0.142027E-01
    54   1.66667       1.77000      0.152810E-01
    55   1.69753       1.59250      0.146582E-01
    56   1.72839       1.84000      0.156379E-01
    57   1.75926       1.66250      0.159003E-01
    58   1.79012       1.67000      0.150343E-01
    59   1.82099       1.91500      0.157897E-01
    60   1.85185       1.96000      0.164658E-01
    61   1.88272       2.00000      0.167287E-01
    62   1.91358       1.94000      0.164343E-01
    63   1.94444       1.90000      0.174828E-01
    64   1.97531       2.14250      0.177320E-01
    65   2.00617       1.96500      0.161766E-01
    66   2.03704       2.24750      0.178084E-01
    67   2.06790       2.01250      0.174375E-01
    68   2.09877       2.01250      0.170779E-01
    69   2.12963       2.02500      0.166848E-01
    70   2.16049       2.20750      0.175835E-01
    71   2.19136       2.17750      0.176226E-01
    72   2.22222       2.14250      0.170758E-01
    73   2.25309       2.26000      0.172153E-01
    74   2.28395       2.25250      0.173324E-01
    75   2.31481       2.08750      0.179253E-01
    76   2.34568       2.12500      0.176138E-01
    77   2.37654       2.27250      0.180192E-01
    78   2.40741       2.40500      0.181764E-01
    79   2.43827       2.42500      0.182536E-01
    80   2.46914       2.49250      0.192573E-01
 
Area discrepancy =    5.36444    
 
  Area iteration     19
 
        Desired, Actual, Linear
  Cell  Volume   Volume  Weight
 
     1  0.308642E-01  0.175000E-01  0.187437E-02
     2  0.617284E-01  0.425000E-01  0.289048E-02
     3  0.925926E-01  0.850000E-01  0.308018E-02
     4  0.123457      0.125000      0.382527E-02
     5  0.154321      0.147500      0.515422E-02
     6  0.185185      0.187500      0.448844E-02
     7  0.216049      0.175000      0.452588E-02
     8  0.246914      0.230000      0.513697E-02
     9  0.277778      0.262500      0.654945E-02
    10  0.308642      0.340000      0.702137E-02
    11  0.339506      0.315000      0.665542E-02
    12  0.370370      0.335000      0.739930E-02
    13  0.401235      0.312500      0.744518E-02
    14  0.432099      0.390000      0.675260E-02
    15  0.462963      0.560000      0.844883E-02
    16  0.493827      0.467500      0.805611E-02
    17  0.524691      0.470000      0.865960E-02
    18  0.555556      0.575000      0.877008E-02
    19  0.586420      0.617500      0.916917E-02
    20  0.617284      0.657500      0.954066E-02
    21  0.648148      0.707500      0.102719E-01
    22  0.679012      0.737500      0.956268E-02
    23  0.709877      0.727500      0.993249E-02
    24  0.740741      0.822500      0.107772E-01
    25  0.771605      0.712500      0.102216E-01
    26  0.802469      0.930000      0.109803E-01
    27  0.833333      0.890000      0.107396E-01
    28  0.864197      0.905000      0.104556E-01
    29  0.895062      0.880000      0.111097E-01
    30  0.925926      0.837500      0.114276E-01
    31  0.956790      0.857500      0.113904E-01
    32  0.987654       1.08000      0.118887E-01
    33   1.01852       1.09500      0.118196E-01
    34   1.04938       1.05750      0.126664E-01
    35   1.08025       1.18500      0.133805E-01
    36   1.11111       1.14750      0.135612E-01
    37   1.14198       1.15750      0.132070E-01
    38   1.17284       1.26000      0.133034E-01
    39   1.20370       1.30750      0.124828E-01
    40   1.23457       1.33000      0.138224E-01
    41   1.26543       1.28250      0.136966E-01
    42   1.29630       1.22500      0.122059E-01
    43   1.32716       1.24750      0.133240E-01
    44   1.35802       1.33000      0.139926E-01
    45   1.38889       1.36750      0.132417E-01
    46   1.41975       1.49500      0.141956E-01
    47   1.45062       1.60000      0.143191E-01
    48   1.48148       1.56250      0.139492E-01
    49   1.51235       1.53250      0.146304E-01
    50   1.54321       1.51750      0.145808E-01
    51   1.57407       1.53000      0.143917E-01
    52   1.60494       1.48750      0.149894E-01
    53   1.63580       1.51000      0.136517E-01
    54   1.66667       1.54250      0.148470E-01
    55   1.69753       1.54250      0.151530E-01
    56   1.72839       1.69250      0.151754E-01
    57   1.75926       1.81750      0.163772E-01
    58   1.79012       1.80750      0.155854E-01
    59   1.82099       1.69500      0.154168E-01
    60   1.85185       1.80750      0.160254E-01
    61   1.88272       1.76250      0.162513E-01
    62   1.91358       1.90500      0.163427E-01
    63   1.94444       2.11500      0.177085E-01
    64   1.97531       1.91250      0.170476E-01
    65   2.00617       1.94750      0.163659E-01
    66   2.03704       1.87000      0.169755E-01
    67   2.06790       2.15250      0.176982E-01
    68   2.09877       2.09750      0.174622E-01
    69   2.12963       2.11500      0.171321E-01
    70   2.16049       2.31500      0.174173E-01
    71   2.19136       2.26000      0.177010E-01
    72   2.22222       2.25750      0.174126E-01
    73   2.25309       2.25500      0.172107E-01
    74   2.28395       2.30250      0.174751E-01
    75   2.31481       2.47250      0.188999E-01
    76   2.34568       2.25500      0.185292E-01
    77   2.37654       2.45000      0.184504E-01
    78   2.40741       2.24250      0.182085E-01
    79   2.43827       2.29500      0.183267E-01
    80   2.46914       2.48500      0.191911E-01
 
Area discrepancy =    4.96951    
 
  Area iteration     20
 
        Desired, Actual, Linear
  Cell  Volume   Volume  Weight
 
     1  0.308642E-01  0.375000E-01  0.233890E-02
     2  0.617284E-01  0.112500      0.347749E-02
     3  0.925926E-01  0.800000E-01  0.320924E-02
     4  0.123457      0.775000E-01  0.379500E-02
     5  0.154321      0.232500      0.526291E-02
     6  0.185185      0.175000      0.445292E-02
     7  0.216049      0.260000      0.502005E-02
     8  0.246914      0.210000      0.531328E-02
     9  0.277778      0.282500      0.672567E-02
    10  0.308642      0.325000      0.667816E-02
    11  0.339506      0.340000      0.689749E-02
    12  0.370370      0.415000      0.776664E-02
    13  0.401235      0.517500      0.842163E-02
    14  0.432099      0.420000      0.709540E-02
    15  0.462963      0.465000      0.766871E-02
    16  0.493827      0.545000      0.826550E-02
    17  0.524691      0.647500      0.913372E-02
    18  0.555556      0.545000      0.860559E-02
    19  0.586420      0.572500      0.891996E-02
    20  0.617284      0.627500      0.922827E-02
    21  0.648148      0.620000      0.981458E-02
    22  0.679012      0.690000      0.915977E-02
    23  0.709877      0.675000      0.979445E-02
    24  0.740741      0.802500      0.102099E-01
    25  0.771605      0.735000      0.106187E-01
    26  0.802469      0.737500      0.101820E-01
    27  0.833333      0.870000      0.103741E-01
    28  0.864197      0.765000      0.101995E-01
    29  0.895062      0.900000      0.111850E-01
    30  0.925926       1.10250      0.119950E-01
    31  0.956790       1.09750      0.120110E-01
    32  0.987654      0.897500      0.113494E-01
    33   1.01852       1.09250      0.113796E-01
    34   1.04938      0.937500      0.125959E-01
    35   1.08025      0.972500      0.127532E-01
    36   1.11111       1.08000      0.133213E-01
    37   1.14198       1.21000      0.130954E-01
    38   1.17284       1.15750      0.128128E-01
    39   1.20370       1.07750      0.119563E-01
    40   1.23457       1.26500      0.132942E-01
    41   1.26543       1.29750      0.135816E-01
    42   1.29630       1.28750      0.125343E-01
    43   1.32716       1.23500      0.137190E-01
    44   1.35802       1.41000      0.141148E-01
    45   1.38889       1.23500      0.133217E-01
    46   1.41975       1.43750      0.138097E-01
    47   1.45062       1.29750      0.136106E-01
    48   1.48148       1.45250      0.135592E-01
    49   1.51235       1.49500      0.145087E-01
    50   1.54321       1.49750      0.146783E-01
    51   1.57407       1.48000      0.145722E-01
    52   1.60494       1.67000      0.155429E-01
    53   1.63580       1.51750      0.141844E-01
    54   1.66667       1.81250      0.154063E-01
    55   1.69753       1.55000      0.158688E-01
    56   1.72839       1.64500      0.153089E-01
    57   1.75926       1.60750      0.160847E-01
    58   1.79012       1.87000      0.154834E-01
    59   1.82099       1.83000      0.159518E-01
    60   1.85185       1.96750      0.161927E-01
    61   1.88272       1.96000      0.167673E-01
    62   1.91358       1.99000      0.163511E-01
    63   1.94444       1.88750      0.169500E-01
    64   1.97531       1.88750      0.172953E-01
    65   2.00617       2.19500      0.165819E-01
    66   2.03704       2.04750      0.176868E-01
    67   2.06790       2.17000      0.173169E-01
    68   2.09877       2.01500      0.174372E-01
    69   2.12963       2.11250      0.171615E-01
    70   2.16049       2.22750      0.167969E-01
    71   2.19136       2.17500      0.173999E-01
    72   2.22222       2.16250      0.172461E-01
    73   2.25309       1.96500      0.171736E-01
    74   2.28395       2.27750      0.173744E-01
    75   2.31481       2.34750      0.182556E-01
    76   2.34568       2.33000      0.188654E-01
    77   2.37654       2.53000      0.181402E-01
    78   2.40741       2.46000      0.188335E-01
    79   2.43827       2.64250      0.188573E-01
    80   2.46914       2.45000      0.190966E-01
 
Area discrepancy =    5.26920    
 
Cell generators:
 
   1   0.251573E+01   0.109803E+00
   2   0.498413E+01   0.751599E+01
   3   0.100179E+01   0.797513E+01
   4   0.509382E+01   0.215970E+01
   5   0.901039E+01   0.474290E+01
   6   0.296549E+01   0.181394E+01
   7   0.740444E+01   0.977894E+01
   8   0.793355E+01   0.979952E+01
   9   0.237287E+01   0.453943E+01
  10   0.262958E+00   0.337768E+01
  11   0.874440E+01   0.210667E+01
  12   0.627747E+01   0.486850E+01
  13   0.612172E+01   0.334089E+01
  14   0.861263E+01   0.970523E+01
  15   0.595073E+01   0.267394E+01
  16   0.854826E+01   0.134271E+01
  17   0.268165E+01   0.615014E+01
  18   0.367937E+00   0.164317E+01
  19   0.965876E+01   0.406806E+00
  20   0.783899E+01   0.523466E+01
  21   0.300154E+01   0.399214E+01
  22   0.887489E+01   0.423924E+00
  23   0.392430E+00   0.813231E+01
  24   0.833815E+01   0.433829E+01
  25   0.863559E+01   0.750274E+01
  26   0.963395E+01   0.526979E+01
  27   0.343447E+01   0.959140E+01
  28   0.802461E+01   0.200983E+01
  29   0.192714E+01   0.427004E+00
  30   0.147000E+01   0.307675E+01
  31   0.514091E+01   0.288604E+01
  32   0.629756E+01   0.728487E+01
  33   0.945010E+01   0.951481E+01
  34   0.204372E+01   0.393756E+01
  35   0.683665E+01   0.844401E+01
  36   0.557350E+01   0.534396E+01
  37   0.811292E+01   0.628825E+01
  38   0.873251E+01   0.540380E+01
  39   0.571811E+01   0.183720E+01
  40   0.702630E+01   0.163588E+01
  41   0.577012E+00   0.257871E+01
  42   0.836192E+01   0.312079E+01
  43   0.443101E+01   0.510730E+01
  44   0.281961E+01   0.726403E+01
  45   0.943313E+01   0.141683E+01
  46   0.602318E+00   0.573458E+01
  47   0.943658E+01   0.265970E+01
  48   0.176826E+01   0.806353E+01
  49   0.307060E+01   0.856182E+01
  50   0.224115E+01   0.938189E+01
  51   0.181118E+01   0.530580E+01
  52   0.372417E+01   0.638891E+01
  53   0.794825E+01   0.898884E+01
  54   0.407656E+01   0.370789E+01
  55   0.628595E+00   0.710599E+01
  56   0.780873E+01   0.634573E+00
  57   0.176386E+01   0.663231E+01
  58   0.938023E+01   0.400057E+01
  59   0.630083E+01   0.943241E+01
  60   0.705141E+01   0.273149E+01
  61   0.539701E+01   0.410521E+01
  62   0.700975E+00   0.668220E+00
  63   0.560815E+01   0.824385E+01
  64   0.323786E+01   0.505132E+01
  65   0.468173E+01   0.931753E+01
  66   0.758115E+01   0.748948E+01
  67   0.413812E+01   0.782453E+01
  68   0.627438E+01   0.674791E+00
  69   0.412669E+01   0.208841E+01
  70   0.929504E+01   0.833174E+01
  71   0.474831E+01   0.710948E+00
  72   0.285742E+01   0.283305E+01
  73   0.936195E+01   0.666650E+01
  74   0.321405E+01   0.773316E+00
  75   0.741515E+00   0.431347E+01
  76   0.515933E+01   0.660222E+01
  77   0.181660E+01   0.172936E+01
  78   0.820867E+00   0.919139E+01
  79   0.681474E+01   0.596007E+01
  80   0.715737E+01   0.417786E+01
 
Cell volumes:
 
   1   0.375000E-01
   2   0.112500E+00
   3   0.800000E-01
   4   0.775000E-01
   5   0.232500E+00
   6   0.175000E+00
   7   0.260000E+00
   8   0.210000E+00
   9   0.282500E+00
  10   0.325000E+00
  11   0.340000E+00
  12   0.415000E+00
  13   0.517500E+00
  14   0.420000E+00
  15   0.465000E+00
  16   0.545000E+00
  17   0.647500E+00
  18   0.545000E+00
  19   0.572500E+00
  20   0.627500E+00
  21   0.620000E+00
  22   0.690000E+00
  23   0.675000E+00
  24   0.802500E+00
  25   0.735000E+00
  26   0.737500E+00
  27   0.870000E+00
  28   0.765000E+00
  29   0.900000E+00
  30   0.110250E+01
  31   0.109750E+01
  32   0.897500E+00
  33   0.109250E+01
  34   0.937500E+00
  35   0.972500E+00
  36   0.108000E+01
  37   0.121000E+01
  38   0.115750E+01
  39   0.107750E+01
  40   0.126500E+01
  41   0.129750E+01
  42   0.128750E+01
  43   0.123500E+01
  44   0.141000E+01
  45   0.123500E+01
  46   0.143750E+01
  47   0.129750E+01
  48   0.145250E+01
  49   0.149500E+01
  50   0.149750E+01
  51   0.148000E+01
  52   0.167000E+01
  53   0.151750E+01
  54   0.181250E+01
  55   0.155000E+01
  56   0.164500E+01
  57   0.160750E+01
  58   0.187000E+01
  59   0.183000E+01
  60   0.196750E+01
  61   0.196000E+01
  62   0.199000E+01
  63   0.188750E+01
  64   0.188750E+01
  65   0.219500E+01
  66   0.204750E+01
  67   0.217000E+01
  68   0.201500E+01
  69   0.211250E+01
  70   0.222750E+01
  71   0.217500E+01
  72   0.216250E+01
  73   0.196500E+01
  74   0.227750E+01
  75   0.234750E+01
  76   0.233000E+01
  77   0.253000E+01
  78   0.246000E+01
  79   0.264250E+01
  80   0.245000E+01
 
CVT_SIZE_PRB
  Normal end of execution.
 
December  3 2002  12:25:17.077 PM
